{"total": {"lines":{"total":584,"covered":378,"skipped":0,"pct":64.72},"statements":{"total":652,"covered":413,"skipped":0,"pct":63.34},"functions":{"total":130,"covered":98,"skipped":0,"pct":75.38},"branches":{"total":819,"covered":365,"skipped":0,"pct":44.56},"branchesTrue":{"total":0,"covered":0,"skipped":0,"pct":100}}
,"C:\\dev\\rik-expo-app\\src\\lib\\offline\\mutation.conflict.ts": {"lines":{"total":46,"covered":28,"skipped":0,"pct":60.86},"functions":{"total":8,"covered":8,"skipped":0,"pct":100},"statements":{"total":50,"covered":31,"skipped":0,"pct":62},"branches":{"total":90,"covered":30,"skipped":0,"pct":33.33}}
,"C:\\dev\\rik-expo-app\\src\\lib\\offline\\mutation.retryPolicy.ts": {"lines":{"total":22,"covered":21,"skipped":0,"pct":95.45},"functions":{"total":4,"covered":4,"skipped":0,"pct":100},"statements":{"total":26,"covered":22,"skipped":0,"pct":84.61},"branches":{"total":24,"covered":16,"skipped":0,"pct":66.66}}
,"C:\\dev\\rik-expo-app\\src\\lib\\offline\\mutationQueue.ts": {"lines":{"total":208,"covered":184,"skipped":0,"pct":88.46},"functions":{"total":73,"covered":65,"skipped":0,"pct":89.04},"statements":{"total":244,"covered":209,"skipped":0,"pct":85.65},"branches":{"total":222,"covered":148,"skipped":0,"pct":66.66}}
,"C:\\dev\\rik-expo-app\\src\\lib\\offline\\mutationWorker.ts": {"lines":{"total":129,"covered":100,"skipped":0,"pct":77.51},"functions":{"total":14,"covered":11,"skipped":0,"pct":78.57},"statements":{"total":132,"covered":103,"skipped":0,"pct":78.03},"branches":{"total":215,"covered":121,"skipped":0,"pct":56.27}}
,"C:\\dev\\rik-expo-app\\src\\screens\\profile\\profile.services.ts": {"lines":{"total":150,"covered":20,"skipped":0,"pct":13.33},"functions":{"total":21,"covered":2,"skipped":0,"pct":9.52},"statements":{"total":168,"covered":20,"skipped":0,"pct":11.9},"branches":{"total":220,"covered":25,"skipped":0,"pct":11.36}}
,"C:\\dev\\rik-expo-app\\src\\screens\\profile\\components\\ProfilePrimitives.tsx": {"lines":{"total":9,"covered":5,"skipped":0,"pct":55.55},"functions":{"total":5,"covered":3,"skipped":0,"pct":60},"statements":{"total":9,"covered":5,"skipped":0,"pct":55.55},"branches":{"total":18,"covered":10,"skipped":0,"pct":55.55}}
,"C:\\dev\\rik-expo-app\\src\\screens\\profile\\hooks\\useProfileDerivedState.ts": {"lines":{"total":20,"covered":20,"skipped":0,"pct":100},"functions":{"total":5,"covered":5,"skipped":0,"pct":100},"statements":{"total":23,"covered":23,"skipped":0,"pct":100},"branches":{"total":30,"covered":15,"skipped":0,"pct":50}}
}
