{"total": {"lines":{"total":596,"covered":383,"skipped":0,"pct":64.26},"statements":{"total":664,"covered":414,"skipped":0,"pct":62.34},"functions":{"total":130,"covered":97,"skipped":0,"pct":74.61},"branches":{"total":821,"covered":351,"skipped":0,"pct":42.75},"branchesTrue":{"total":0,"covered":0,"skipped":0,"pct":100}}
,"C:\\dev\\rik-expo-app\\src\\lib\\offline\\mutation.conflict.ts": {"lines":{"total":46,"covered":28,"skipped":0,"pct":60.86},"functions":{"total":8,"covered":8,"skipped":0,"pct":100},"statements":{"total":50,"covered":31,"skipped":0,"pct":62},"branches":{"total":90,"covered":30,"skipped":0,"pct":33.33}}
,"C:\\dev\\rik-expo-app\\src\\lib\\offline\\mutation.retryPolicy.ts": {"lines":{"total":22,"covered":21,"skipped":0,"pct":95.45},"functions":{"total":4,"covered":4,"skipped":0,"pct":100},"statements":{"total":26,"covered":22,"skipped":0,"pct":84.61},"branches":{"total":24,"covered":16,"skipped":0,"pct":66.66}}
,"C:\\dev\\rik-expo-app\\src\\lib\\offline\\mutationQueue.ts": {"lines":{"total":208,"covered":182,"skipped":0,"pct":87.5},"functions":{"total":73,"covered":64,"skipped":0,"pct":87.67},"statements":{"total":244,"covered":203,"skipped":0,"pct":83.19},"branches":{"total":222,"covered":141,"skipped":0,"pct":63.51}}
,"C:\\dev\\rik-expo-app\\src\\lib\\offline\\mutationWorker.ts": {"lines":{"total":129,"covered":95,"skipped":0,"pct":73.64},"functions":{"total":14,"covered":11,"skipped":0,"pct":78.57},"statements":{"total":132,"covered":98,"skipped":0,"pct":74.24},"branches":{"total":215,"covered":113,"skipped":0,"pct":52.55}}
,"C:\\dev\\rik-expo-app\\src\\screens\\profile\\profile.services.ts": {"lines":{"total":150,"covered":20,"skipped":0,"pct":13.33},"functions":{"total":21,"covered":2,"skipped":0,"pct":9.52},"statements":{"total":168,"covered":20,"skipped":0,"pct":11.9},"branches":{"total":220,"covered":25,"skipped":0,"pct":11.36}}
,"C:\\dev\\rik-expo-app\\src\\screens\\profile\\components\\ProfilePrimitives.tsx": {"lines":{"total":21,"covered":17,"skipped":0,"pct":80.95},"functions":{"total":5,"covered":3,"skipped":0,"pct":60},"statements":{"total":21,"covered":17,"skipped":0,"pct":80.95},"branches":{"total":20,"covered":11,"skipped":0,"pct":55}}
,"C:\\dev\\rik-expo-app\\src\\screens\\profile\\hooks\\useProfileDerivedState.ts": {"lines":{"total":20,"covered":20,"skipped":0,"pct":100},"functions":{"total":5,"covered":5,"skipped":0,"pct":100},"statements":{"total":23,"covered":23,"skipped":0,"pct":100},"branches":{"total":30,"covered":15,"skipped":0,"pct":50}}
}
