{"numFailedTestSuites":0,"numFailedTests":0,"numPassedTestSuites":23,"numPassedTests":43,"numPendingTestSuites":0,"numPendingTests":0,"numRuntimeErrorTestSuites":0,"numTodoTests":0,"numTotalTestSuites":23,"numTotalTests":43,"openHandles":[],"snapshot":{"added":0,"didUpdate":false,"failure":false,"filesAdded":0,"filesRemoved":0,"filesRemovedList":[],"filesUnmatched":0,"filesUpdated":0,"matched":0,"total":0,"unchecked":0,"uncheckedKeysByFile":[],"unmatched":0,"updated":0},"startTime":1780546275934,"success":true,"testResults":[{"assertionResults":[{"ancestorTitles":["enterprise visible 500 request draft real path"],"duration":45157,"failureDetails":[],"failureMessages":[],"fullName":"enterprise visible 500 request draft real path passes supplied fixture, exact pasted 500, live regressions, foreman route, and PDF table path","invocations":1,"location":null,"numPassingAsserts":10,"retryReasons":[],"status":"passed","title":"passes supplied fixture, exact pasted 500, live regressions, foreman route, and PDF table path"}],"endTime":1780546322491,"message":"","name":"C:\\dev\\rik-expo-app-visible500-clean\\tests\\entrypoints\\enterpriseVisible500RequestDraftRealPath.contract.test.ts","startTime":1780546276011,"status":"passed","summary":""},{"assertionResults":[{"ancestorTitles":[],"duration":46676,"failureDetails":[],"failureMessages":[],"fullName":"Real10000 P1 Android evidence requires per-case data","invocations":1,"location":null,"numPassingAsserts":5,"retryReasons":[],"status":"passed","title":"Real10000 P1 Android evidence requires per-case data"}],"endTime":1780546369870,"message":"","name":"C:\\dev\\rik-expo-app-visible500-clean\\tests\\real10000Audit\\p1AndroidEvidenceRequiresPerCaseData.contract.test.ts","startTime":1780546322512,"status":"passed","summary":""},{"assertionResults":[{"ancestorTitles":[],"duration":47436,"failureDetails":[],"failureMessages":[],"fullName":"Real10000 P1 refresh rejects placeholder Android artifacts","invocations":1,"location":null,"numPassingAsserts":3,"retryReasons":[],"status":"passed","title":"Real10000 P1 refresh rejects placeholder Android artifacts"}],"endTime":1780546418037,"message":"","name":"C:\\dev\\rik-expo-app-visible500-clean\\tests\\architecture\\real10000P1NoPlaceholderArtifacts.contract.test.ts","startTime":1780546369879,"status":"passed","summary":""},{"assertionResults":[{"ancestorTitles":[],"duration":47346,"failureDetails":[],"failureMessages":[],"fullName":"Real10000 P1 evidence refresh closes all audit holes without claiming real user traffic","invocations":1,"location":null,"numPassingAsserts":6,"retryReasons":[],"status":"passed","title":"Real10000 P1 evidence refresh closes all audit holes without claiming real user traffic"}],"endTime":1780546465989,"message":"","name":"C:\\dev\\rik-expo-app-visible500-clean\\tests\\real10000Audit\\p1EvidenceRefreshProofZeroHoles.contract.test.ts","startTime":1780546418046,"status":"passed","summary":""},{"assertionResults":[{"ancestorTitles":[],"duration":47909,"failureDetails":[],"failureMessages":[],"fullName":"Real10000 P1 refresh never accepts API36 as Android green","invocations":1,"location":null,"numPassingAsserts":2,"retryReasons":[],"status":"passed","title":"Real10000 P1 refresh never accepts API36 as Android green"}],"endTime":1780546514499,"message":"","name":"C:\\dev\\rik-expo-app-visible500-clean\\tests\\architecture\\real10000P1NoApi36Green.contract.test.ts","startTime":1780546465998,"status":"passed","summary":""},{"assertionResults":[{"ancestorTitles":[],"duration":25536,"failureDetails":[],"failureMessages":[],"fullName":"real 500 has no weak generic standalone BOQ rows","invocations":1,"location":null,"numPassingAsserts":1,"retryReasons":[],"status":"passed","title":"real 500 has no weak generic standalone BOQ rows"}],"endTime":1780546540588,"message":"","name":"C:\\dev\\rik-expo-app-visible500-clean\\tests\\real500\\real500NoWeakGenericRows.contract.test.ts","startTime":1780546514508,"status":"passed","summary":""},{"assertionResults":[{"ancestorTitles":[],"duration":25502,"failureDetails":[],"failureMessages":[],"fullName":"real 500 runtime returns expanded estimates for all cases","invocations":1,"location":null,"numPassingAsserts":3,"retryReasons":[],"status":"passed","title":"real 500 runtime returns expanded estimates for all cases"}],"endTime":1780546566628,"message":"","name":"C:\\dev\\rik-expo-app-visible500-clean\\tests\\real500\\real500RuntimeAllCasesExpandedEstimate.contract.test.ts","startTime":1780546540599,"status":"passed","summary":""},{"assertionResults":[{"ancestorTitles":[],"duration":25864,"failureDetails":[],"failureMessages":[],"fullName":"real 500 material rows are bound to catalog item keys","invocations":1,"location":null,"numPassingAsserts":1,"retryReasons":[],"status":"passed","title":"real 500 material rows are bound to catalog item keys"}],"endTime":1780546593182,"message":"","name":"C:\\dev\\rik-expo-app-visible500-clean\\tests\\real500\\real500CatalogBinding.contract.test.ts","startTime":1780546566640,"status":"passed","summary":""},{"assertionResults":[{"ancestorTitles":["concrete pedestal BOQ recipe"],"duration":160,"failureDetails":[],"failureMessages":[],"fullName":"concrete pedestal BOQ recipe contains pedestal-specific rows and does not fall back to slab or screed rows","invocations":1,"location":null,"numPassingAsserts":6,"retryReasons":[],"status":"passed","title":"contains pedestal-specific rows and does not fall back to slab or screed rows"}],"endTime":1780546593880,"message":"","name":"C:\\dev\\rik-expo-app-visible500-clean\\tests\\professionalQuality\\concretePedestalBoqRecipe.contract.test.ts","startTime":1780546593193,"status":"passed","summary":""},{"assertionResults":[{"ancestorTitles":["estimate PDF source column"],"duration":203,"failureDetails":[],"failureMessages":[],"fullName":"estimate PDF source column keeps source evidence visible in the structured PDF table","invocations":1,"location":null,"numPassingAsserts":6,"retryReasons":[],"status":"passed","title":"keeps source evidence visible in the structured PDF table"}],"endTime":1780546594620,"message":"","name":"C:\\dev\\rik-expo-app-visible500-clean\\tests\\pdf\\estimatePdfSourceColumnVisible.contract.test.ts","startTime":1780546593891,"status":"passed","summary":""},{"assertionResults":[{"ancestorTitles":["estimate PDF professional table"],"duration":243,"failureDetails":[],"failureMessages":[],"fullName":"estimate PDF professional table renders structured estimate rows as a PDF table","invocations":1,"location":null,"numPassingAsserts":7,"retryReasons":[],"status":"passed","title":"renders structured estimate rows as a PDF table"}],"endTime":1780546595400,"message":"","name":"C:\\dev\\rik-expo-app-visible500-clean\\tests\\pdf\\estimatePdfContainsProfessionalTable.contract.test.ts","startTime":1780546594630,"status":"passed","summary":""},{"assertionResults":[{"ancestorTitles":["generic waterproofing request draft"],"duration":66,"failureDetails":[],"failureMessages":[],"fullName":"generic waterproofing request draft returns a neutral waterproofing estimate with clarifying questions instead of roof or bathroom confusion","invocations":1,"location":null,"numPassingAsserts":4,"retryReasons":[],"status":"passed","title":"returns a neutral waterproofing estimate with clarifying questions instead of roof or bathroom confusion"}],"endTime":1780546596017,"message":"","name":"C:\\dev\\rik-expo-app-visible500-clean\\tests\\entrypoints\\genericWaterproofingReturnsEstimateWithQuestions.contract.test.ts","startTime":1780546595409,"status":"passed","summary":""},{"assertionResults":[{"ancestorTitles":["built-in AI 1000 cases manifest"],"duration":1,"failureDetails":[],"failureMessages":[],"fullName":"built-in AI 1000 cases manifest contains exactly the required 1000 concrete cases","invocations":1,"location":null,"numPassingAsserts":7,"retryReasons":[],"status":"passed","title":"contains exactly the required 1000 concrete cases"},{"ancestorTitles":["built-in AI 1000 cases manifest"],"duration":30,"failureDetails":[],"failureMessages":[],"fullName":"built-in AI 1000 cases manifest passes every case through the runtime proof","invocations":1,"location":null,"numPassingAsserts":4,"retryReasons":[],"status":"passed","title":"passes every case through the runtime proof"}],"endTime":1780546596616,"message":"","name":"C:\\dev\\rik-expo-app-visible500-clean\\tests\\builtInAi1000\\ai1000CasesManifest.contract.test.ts","startTime":1780546596025,"status":"passed","summary":""},{"assertionResults":[{"ancestorTitles":["built-in AI 1000 PDF action"],"duration":40,"failureDetails":[],"failureMessages":[],"fullName":"built-in AI 1000 PDF action shows PDF action for every estimate and keeps PDF generation structured","invocations":1,"location":null,"numPassingAsserts":5,"retryReasons":[],"status":"passed","title":"shows PDF action for every estimate and keeps PDF generation structured"}],"endTime":1780546597563,"message":"","name":"C:\\dev\\rik-expo-app-visible500-clean\\tests\\builtInAi1000\\ai1000PdfActionRequired.contract.test.ts","startTime":1780546596626,"status":"passed","summary":""},{"assertionResults":[{"ancestorTitles":["global work type resolver"],"duration":27,"failureDetails":[],"failureMessages":[],"fullName":"global work type resolver covers the production ontology and resolves normal construction aliases","invocations":1,"location":null,"numPassingAsserts":5,"retryReasons":[],"status":"passed","title":"covers the production ontology and resolves normal construction aliases"},{"ancestorTitles":["global work type resolver"],"duration":0,"failureDetails":[],"failureMessages":[],"fullName":"global work type resolver keeps bathroom turnkey tile requests out of standalone waterproofing","invocations":1,"location":null,"numPassingAsserts":1,"retryReasons":[],"status":"passed","title":"keeps bathroom turnkey tile requests out of standalone waterproofing"},{"ancestorTitles":["global work type resolver"],"duration":74,"failureDetails":[],"failureMessages":[],"fullName":"global work type resolver does not match short aliases inside longer construction words","invocations":1,"location":null,"numPassingAsserts":2,"retryReasons":[],"status":"passed","title":"does not match short aliases inside longer construction words"}],"endTime":1780546598256,"message":"","name":"C:\\dev\\rik-expo-app-visible500-clean\\tests\\globalEstimate\\globalWorkTypeResolver.contract.test.ts","startTime":1780546597599,"status":"passed","summary":""},{"assertionResults":[{"ancestorTitles":[],"duration":1,"failureDetails":[],"failureMessages":[],"fullName":"real 10000 shard planner defines 100 shards of 100 cases","invocations":1,"location":null,"numPassingAsserts":3,"retryReasons":[],"status":"passed","title":"real 10000 shard planner defines 100 shards of 100 cases"}],"endTime":1780546598397,"message":"","name":"C:\\dev\\rik-expo-app-visible500-clean\\tests\\real10000\\real10000ShardPlanner.contract.test.ts","startTime":1780546598269,"status":"passed","summary":""},{"assertionResults":[{"ancestorTitles":[],"duration":0,"failureDetails":[],"failureMessages":[],"fullName":"real 10000 fixture selects 1000 PDF extraction cases","invocations":1,"location":null,"numPassingAsserts":1,"retryReasons":[],"status":"passed","title":"real 10000 fixture selects 1000 PDF extraction cases"}],"endTime":1780546598531,"message":"","name":"C:\\dev\\rik-expo-app-visible500-clean\\tests\\real10000\\real10000PdfCasesSelected.contract.test.ts","startTime":1780546598408,"status":"passed","summary":""},{"assertionResults":[{"ancestorTitles":["current Visible500 final closeout scoped-out env guard"],"duration":0,"failureDetails":[],"failureMessages":[],"fullName":"current Visible500 final closeout scoped-out env guard passes when no scoped-out final proof env is set","invocations":1,"location":null,"numPassingAsserts":6,"retryReasons":[],"status":"passed","title":"passes when no scoped-out final proof env is set"},{"ancestorTitles":["current Visible500 final closeout scoped-out env guard"],"duration":5,"failureDetails":[],"failureMessages":[],"fullName":"current Visible500 final closeout scoped-out env guard blocks REAL500_API34_SCOPED_OUT_FOR_DIRTY_SCOPE_ISOLATION in final closeout proof","invocations":1,"location":null,"numPassingAsserts":3,"retryReasons":[],"status":"passed","title":"blocks REAL500_API34_SCOPED_OUT_FOR_DIRTY_SCOPE_ISOLATION in final closeout proof"},{"ancestorTitles":["current Visible500 final closeout scoped-out env guard"],"duration":1,"failureDetails":[],"failureMessages":[],"fullName":"current Visible500 final closeout scoped-out env guard blocks VISIBLE500_SCOPED_OUT in final closeout proof","invocations":1,"location":null,"numPassingAsserts":3,"retryReasons":[],"status":"passed","title":"blocks VISIBLE500_SCOPED_OUT in final closeout proof"},{"ancestorTitles":["current Visible500 final closeout scoped-out env guard"],"duration":0,"failureDetails":[],"failureMessages":[],"fullName":"current Visible500 final closeout scoped-out env guard blocks API34_SCOPED_OUT in final closeout proof","invocations":1,"location":null,"numPassingAsserts":3,"retryReasons":[],"status":"passed","title":"blocks API34_SCOPED_OUT in final closeout proof"},{"ancestorTitles":["current Visible500 final closeout scoped-out env guard"],"duration":1,"failureDetails":[],"failureMessages":[],"fullName":"current Visible500 final closeout scoped-out env guard blocks ANDROID_SCOPED_OUT in final closeout proof","invocations":1,"location":null,"numPassingAsserts":3,"retryReasons":[],"status":"passed","title":"blocks ANDROID_SCOPED_OUT in final closeout proof"},{"ancestorTitles":["current Visible500 final closeout scoped-out env guard"],"duration":1,"failureDetails":[],"failureMessages":[],"fullName":"current Visible500 final closeout scoped-out env guard blocks RELEASE_VERIFY_SCOPED_OUT in final closeout proof","invocations":1,"location":null,"numPassingAsserts":3,"retryReasons":[],"status":"passed","title":"blocks RELEASE_VERIFY_SCOPED_OUT in final closeout proof"},{"ancestorTitles":["current Visible500 final closeout scoped-out env guard"],"duration":0,"failureDetails":[],"failureMessages":[],"fullName":"current Visible500 final closeout scoped-out env guard blocks FULL_JEST_SCOPED_OUT in final closeout proof","invocations":1,"location":null,"numPassingAsserts":3,"retryReasons":[],"status":"passed","title":"blocks FULL_JEST_SCOPED_OUT in final closeout proof"},{"ancestorTitles":["current Visible500 final closeout scoped-out env guard"],"duration":1,"failureDetails":[],"failureMessages":[],"fullName":"current Visible500 final closeout scoped-out env guard blocks PDF_SCOPED_OUT in final closeout proof","invocations":1,"location":null,"numPassingAsserts":3,"retryReasons":[],"status":"passed","title":"blocks PDF_SCOPED_OUT in final closeout proof"},{"ancestorTitles":["current Visible500 final closeout scoped-out env guard"],"duration":0,"failureDetails":[],"failureMessages":[],"fullName":"current Visible500 final closeout scoped-out env guard blocks WEB_E2E_SCOPED_OUT in final closeout proof","invocations":1,"location":null,"numPassingAsserts":3,"retryReasons":[],"status":"passed","title":"blocks WEB_E2E_SCOPED_OUT in final closeout proof"}],"endTime":1780546598599,"message":"","name":"C:\\dev\\rik-expo-app-visible500-clean\\tests\\release\\currentVisible500NoScopedOutFinalProofEnv.contract.test.ts","startTime":1780546598539,"status":"passed","summary":""},{"assertionResults":[{"ancestorTitles":["concrete pedestal semantic frame"],"duration":5,"failureDetails":[],"failureMessages":[],"fullName":"concrete pedestal semantic frame keeps concrete pedestals separate from slab and screed work","invocations":1,"location":null,"numPassingAsserts":4,"retryReasons":[],"status":"passed","title":"keeps concrete pedestals separate from slab and screed work"}],"endTime":1780546598675,"message":"","name":"C:\\dev\\rik-expo-app-visible500-clean\\tests\\professionalQuality\\concretePedestalSemanticFrame.contract.test.ts","startTime":1780546598612,"status":"passed","summary":""},{"assertionResults":[{"ancestorTitles":[],"duration":0,"failureDetails":[],"failureMessages":[],"fullName":"every real 500 case declares work-specific required row tokens","invocations":1,"location":null,"numPassingAsserts":1,"retryReasons":[],"status":"passed","title":"every real 500 case declares work-specific required row tokens"}],"endTime":1780546598736,"message":"","name":"C:\\dev\\rik-expo-app-visible500-clean\\tests\\real500\\real500AllCasesHaveExpectedRows.contract.test.ts","startTime":1780546598682,"status":"passed","summary":""},{"assertionResults":[{"ancestorTitles":["release verify canonical API34 evidence"],"duration":0,"failureDetails":[],"failureMessages":[],"fullName":"release verify canonical API34 evidence ties canonical Pixel_7_API_34 evidence to the current HEAD","invocations":1,"location":null,"numPassingAsserts":8,"retryReasons":[],"status":"passed","title":"ties canonical Pixel_7_API_34 evidence to the current HEAD"},{"ancestorTitles":["release verify canonical API34 evidence"],"duration":0,"failureDetails":[],"failureMessages":[],"fullName":"release verify canonical API34 evidence keeps current Visible500 canonical reuse scoped away from parked waves","invocations":1,"location":null,"numPassingAsserts":11,"retryReasons":[],"status":"passed","title":"keeps current Visible500 canonical reuse scoped away from parked waves"},{"ancestorTitles":["release verify canonical API34 evidence"],"duration":2,"failureDetails":[],"failureMessages":[],"fullName":"release verify canonical API34 evidence bridges every old Android gate to current canonical API34 evidence","invocations":1,"location":null,"numPassingAsserts":10,"retryReasons":[],"status":"passed","title":"bridges every old Android gate to current canonical API34 evidence"},{"ancestorTitles":["release verify canonical API34 evidence"],"duration":0,"failureDetails":[],"failureMessages":[],"fullName":"release verify canonical API34 evidence runs canonical API34 replay before old Android evidence consumers","invocations":1,"location":null,"numPassingAsserts":6,"retryReasons":[],"status":"passed","title":"runs canonical API34 replay before old Android evidence consumers"},{"ancestorTitles":["release verify canonical API34 evidence"],"duration":1,"failureDetails":[],"failureMessages":[],"fullName":"release verify canonical API34 evidence does not start a long Android replay inside release verify when canonical evidence is stale","invocations":1,"location":null,"numPassingAsserts":3,"retryReasons":[],"status":"passed","title":"does not start a long Android replay inside release verify when canonical evidence is stale"}],"endTime":1780546598798,"message":"","name":"C:\\dev\\rik-expo-app-visible500-clean\\tests\\architecture\\releaseVerifyUsesCanonicalApi34Evidence.contract.test.ts","startTime":1780546598749,"status":"passed","summary":""},{"assertionResults":[{"ancestorTitles":["catalog.search.service rikQuickSearch"],"duration":2,"failureDetails":[],"failureMessages":[],"fullName":"catalog.search.service rikQuickSearch passes apps into the canonical rpc chain and returns the first non-empty rpc payload","invocations":1,"location":null,"numPassingAsserts":3,"retryReasons":[],"status":"passed","title":"passes apps into the canonical rpc chain and returns the first non-empty rpc payload"},{"ancestorTitles":["catalog.search.service rikQuickSearch"],"duration":1,"failureDetails":[],"failureMessages":[],"fullName":"catalog.search.service rikQuickSearch keeps one-character compatibility and falls back when rpc chain is empty","invocations":1,"location":null,"numPassingAsserts":3,"retryReasons":[],"status":"passed","title":"keeps one-character compatibility and falls back when rpc chain is empty"},{"ancestorTitles":["catalog.search.service rikQuickSearch"],"duration":3,"failureDetails":[],"failureMessages":[],"fullName":"catalog.search.service rikQuickSearch repairs legacy mojibake query text before RPC and fallback search","invocations":1,"location":null,"numPassingAsserts":2,"retryReasons":[],"status":"passed","title":"repairs legacy mojibake query text before RPC and fallback search"},{"ancestorTitles":["catalog.search.service rikQuickSearch"],"duration":1,"failureDetails":[],"failureMessages":[],"fullName":"catalog.search.service rikQuickSearch returns empty for blank query without hitting transport","invocations":1,"location":null,"numPassingAsserts":4,"retryReasons":[],"status":"passed","title":"returns empty for blank query without hitting transport"}],"endTime":1780546598868,"message":"","name":"C:\\dev\\rik-expo-app-visible500-clean\\src\\lib\\catalog\\catalog.search.service.test.ts","startTime":1780546598806,"status":"passed","summary":""},{"assertionResults":[{"ancestorTitles":["catalog item search service"],"duration":1,"failureDetails":[],"failureMessages":[],"fullName":"catalog item search service maps catalog_items rows into picker items with catalog item identity","invocations":1,"location":null,"numPassingAsserts":1,"retryReasons":[],"status":"passed","title":"maps catalog_items rows into picker items with catalog item identity"},{"ancestorTitles":["catalog item search service"],"duration":1,"failureDetails":[],"failureMessages":[],"fullName":"catalog item search service repairs legacy mojibake picker query before catalog_items preview search","invocations":1,"location":null,"numPassingAsserts":3,"retryReasons":[],"status":"passed","title":"repairs legacy mojibake picker query before catalog_items preview search"},{"ancestorTitles":["catalog item search service"],"duration":0,"failureDetails":[],"failureMessages":[],"fullName":"catalog item search service uses the same repaired query for the RIK fallback when preview is empty","invocations":1,"location":null,"numPassingAsserts":2,"retryReasons":[],"status":"passed","title":"uses the same repaired query for the RIK fallback when preview is empty"}],"endTime":1780546598932,"message":"","name":"C:\\dev\\rik-expo-app-visible500-clean\\tests\\catalogItems\\catalogItemsServiceSearch.contract.test.ts","startTime":1780546598879,"status":"passed","summary":""}],"wasInterrupted":false}
