{"numFailedTestSuites":0,"numFailedTests":0,"numPassedTestSuites":4,"numPassedTests":4,"numPendingTestSuites":0,"numPendingTests":0,"numRuntimeErrorTestSuites":0,"numTodoTests":0,"numTotalTestSuites":4,"numTotalTests":4,"openHandles":[],"snapshot":{"added":0,"didUpdate":false,"failure":false,"filesAdded":0,"filesRemoved":0,"filesRemovedList":[],"filesUnmatched":0,"filesUpdated":0,"matched":0,"total":0,"unchecked":0,"uncheckedKeysByFile":[],"unmatched":0,"updated":0},"startTime":1780563107685,"success":true,"testResults":[{"assertionResults":[{"ancestorTitles":["consumer repair no direct marketplace DB write architecture"],"duration":3,"failureDetails":[],"failureMessages":[],"fullName":"consumer repair no direct marketplace DB write architecture does not create marketplace links or sent status outside the marketplace service","invocations":1,"location":null,"numPassingAsserts":5,"retryReasons":[],"status":"passed","title":"does not create marketplace links or sent status outside the marketplace service"}],"endTime":1780563108190,"message":"","name":"C:\\dev\\rik-expo-app\\tests\\architecture\\consumerRepairNoDirectMarketplaceDbWrite.contract.test.ts","startTime":1780563107772,"status":"passed","summary":""},{"assertionResults":[{"ancestorTitles":["consumer repair no frontend-only submit architecture"],"duration":1,"failureDetails":[],"failureMessages":[],"fullName":"consumer repair no frontend-only submit architecture keeps marketplace submit behind backend validation service","invocations":1,"location":null,"numPassingAsserts":6,"retryReasons":[],"status":"passed","title":"keeps marketplace submit behind backend validation service"}],"endTime":1780563108288,"message":"","name":"C:\\dev\\rik-expo-app\\tests\\architecture\\consumerRepairNoFrontendOnlySubmit.contract.test.ts","startTime":1780563108214,"status":"passed","summary":""},{"assertionResults":[{"ancestorTitles":["consumer repair no hooks architecture contract"],"duration":4,"failureDetails":[],"failureMessages":[],"fullName":"consumer repair no hooks architecture contract does not add hook-driven consumer UI hacks","invocations":1,"location":null,"numPassingAsserts":4,"retryReasons":[],"status":"passed","title":"does not add hook-driven consumer UI hacks"}],"endTime":1780563108377,"message":"","name":"C:\\dev\\rik-expo-app\\tests\\architecture\\consumerRepairNoHooks.contract.test.ts","startTime":1780563108301,"status":"passed","summary":""},{"assertionResults":[{"ancestorTitles":["consumer repair no fake PDF status architecture"],"duration":1,"failureDetails":[],"failureMessages":[],"fullName":"consumer repair no fake PDF status architecture uploads and verifies PDF storage before exposing generated status","invocations":1,"location":null,"numPassingAsserts":6,"retryReasons":[],"status":"passed","title":"uploads and verifies PDF storage before exposing generated status"}],"endTime":1780563108467,"message":"","name":"C:\\dev\\rik-expo-app\\tests\\architecture\\consumerRepairNoFakePdfStatus.contract.test.ts","startTime":1780563108389,"status":"passed","summary":""}],"wasInterrupted":false}
