{"numFailedTestSuites":0,"numFailedTests":0,"numPassedTestSuites":4,"numPassedTests":4,"numPendingTestSuites":0,"numPendingTests":0,"numRuntimeErrorTestSuites":0,"numTodoTests":0,"numTotalTestSuites":4,"numTotalTests":4,"openHandles":[],"snapshot":{"added":0,"didUpdate":false,"failure":false,"filesAdded":0,"filesRemoved":0,"filesRemovedList":[],"filesUnmatched":0,"filesUpdated":0,"matched":0,"total":0,"unchecked":0,"uncheckedKeysByFile":[],"unmatched":0,"updated":0},"startTime":1780568220897,"success":true,"testResults":[{"assertionResults":[{"ancestorTitles":["concrete pedestal quantity formula"],"duration":9,"failureDetails":[],"failureMessages":[],"fullName":"concrete pedestal quantity formula uses count plus default dimensions with explicit assumptions when dimensions are missing","invocations":1,"location":null,"numPassingAsserts":14,"retryReasons":[],"status":"passed","title":"uses count plus default dimensions with explicit assumptions when dimensions are missing"}],"endTime":1780568222055,"message":"","name":"C:\\dev\\rik-expo-app\\tests\\professionalQuality\\concretePedestalQuantityFormula.contract.test.ts","startTime":1780568221072,"status":"passed","summary":""},{"assertionResults":[{"ancestorTitles":["concrete pedestals dynamic BOQ"],"duration":73,"failureDetails":[],"failureMessages":[],"fullName":"concrete pedestals dynamic BOQ uses dimensions and count to build formula-based BOQ","invocations":1,"location":null,"numPassingAsserts":10,"retryReasons":[],"status":"passed","title":"uses dimensions and count to build formula-based BOQ"}],"endTime":1780568223931,"message":"","name":"C:\\dev\\rik-expo-app\\tests\\estimatorKernel\\concretePedestalsDynamicBoq.contract.test.ts","startTime":1780568222085,"status":"passed","summary":""},{"assertionResults":[{"ancestorTitles":["concrete pedestal BOQ depth"],"duration":1,"failureDetails":[],"failureMessages":[],"fullName":"concrete pedestal BOQ depth meets formula-based concrete minimum depth","invocations":1,"location":null,"numPassingAsserts":3,"retryReasons":[],"status":"passed","title":"meets formula-based concrete minimum depth"}],"endTime":1780568224493,"message":"","name":"C:\\dev\\rik-expo-app\\tests\\professionalBoq\\concretePedestalBoqDepth.contract.test.ts","startTime":1780568223941,"status":"passed","summary":""},{"assertionResults":[{"ancestorTitles":["concrete pedestal volume formula"],"duration":6,"failureDetails":[],"failureMessages":[],"fullName":"concrete pedestal volume formula calculates volume, waste and formwork from dimensions","invocations":1,"location":null,"numPassingAsserts":1,"retryReasons":[],"status":"passed","title":"calculates volume, waste and formwork from dimensions"}],"endTime":1780568225648,"message":"","name":"C:\\dev\\rik-expo-app\\tests\\constructionFormulas\\concretePedestalVolumeFormula.contract.test.ts","startTime":1780568224505,"status":"passed","summary":""}],"wasInterrupted":false}
