{"numFailedTestSuites":0,"numFailedTests":0,"numPassedTestSuites":4,"numPassedTests":5,"numPendingTestSuites":0,"numPendingTests":0,"numRuntimeErrorTestSuites":0,"numTodoTests":0,"numTotalTestSuites":4,"numTotalTests":5,"openHandles":[],"snapshot":{"added":0,"didUpdate":false,"failure":false,"filesAdded":0,"filesRemoved":0,"filesRemovedList":[],"filesUnmatched":0,"filesUpdated":0,"matched":0,"total":0,"unchecked":0,"uncheckedKeysByFile":[],"unmatched":0,"updated":0},"startTime":1780567023742,"success":true,"testResults":[{"assertionResults":[{"ancestorTitles":["S_AI_VERIFIED_EXTERNAL_KNOWLEDGE architecture: approved layer only"],"duration":3,"failureDetails":[],"failureMessages":[],"fullName":"S_AI_VERIFIED_EXTERNAL_KNOWLEDGE architecture: approved layer only is registered as an enterprise approved layer","invocations":1,"location":null,"numPassingAsserts":2,"retryReasons":[],"status":"passed","title":"is registered as an enterprise approved layer"}],"endTime":1780567025562,"message":"","name":"C:\\dev\\rik-expo-app\\tests\\architecture\\aiExternalKnowledgeApprovedLayerOnly.contract.test.ts","startTime":1780567023875,"status":"passed","summary":""},{"assertionResults":[{"ancestorTitles":["AI enterprise guardrail matrix"],"duration":407,"failureDetails":[],"failureMessages":[],"fullName":"AI enterprise guardrail matrix matches the required green matrix shape","invocations":1,"location":null,"numPassingAsserts":12,"retryReasons":[],"status":"passed","title":"matches the required green matrix shape"},{"ancestorTitles":["AI enterprise guardrail matrix"],"duration":1,"failureDetails":[],"failureMessages":[],"fullName":"AI enterprise guardrail matrix is wired into release verify","invocations":1,"location":null,"numPassingAsserts":1,"retryReasons":[],"status":"passed","title":"is wired into release verify"}],"endTime":1780567026585,"message":"","name":"C:\\dev\\rik-expo-app\\tests\\ai\\aiEnterpriseGuardrailMatrix.contract.test.ts","startTime":1780567025593,"status":"passed","summary":""},{"assertionResults":[{"ancestorTitles":["enterprise AI architecture guardrails - approved layers only"],"duration":254,"failureDetails":[],"failureMessages":[],"fullName":"enterprise AI architecture guardrails - approved layers only allows only approved expansion layers plus explicitly grandfathered legacy layers","invocations":1,"location":null,"numPassingAsserts":4,"retryReasons":[],"status":"passed","title":"allows only approved expansion layers plus explicitly grandfathered legacy layers"}],"endTime":1780567027494,"message":"","name":"C:\\dev\\rik-expo-app\\tests\\architecture\\aiEnterpriseApprovedLayersOnly.contract.test.ts","startTime":1780567026636,"status":"passed","summary":""},{"assertionResults":[{"ancestorTitles":["AI enterprise architecture policy"],"duration":2,"failureDetails":[],"failureMessages":[],"fullName":"AI enterprise architecture policy locks approved layers and non-negotiable answer/screen rules","invocations":1,"location":null,"numPassingAsserts":4,"retryReasons":[],"status":"passed","title":"locks approved layers and non-negotiable answer/screen rules"}],"endTime":1780567028731,"message":"","name":"C:\\dev\\rik-expo-app\\tests\\ai\\aiEnterpriseArchitecturePolicy.contract.test.ts","startTime":1780567027519,"status":"passed","summary":""}],"wasInterrupted":false}
