{"numFailedTestSuites":0,"numFailedTests":0,"numPassedTestSuites":4,"numPassedTests":5,"numPendingTestSuites":0,"numPendingTests":0,"numRuntimeErrorTestSuites":0,"numTodoTests":0,"numTotalTestSuites":4,"numTotalTests":5,"openHandles":[],"snapshot":{"added":0,"didUpdate":false,"failure":false,"filesAdded":0,"filesRemoved":0,"filesRemovedList":[],"filesUnmatched":0,"filesUpdated":0,"matched":0,"total":0,"unchecked":0,"uncheckedKeysByFile":[],"unmatched":0,"updated":0},"startTime":1780564965636,"success":true,"testResults":[{"assertionResults":[{"ancestorTitles":["S_AI_VERIFIED_EXTERNAL_KNOWLEDGE architecture: approved layer only"],"duration":3,"failureDetails":[],"failureMessages":[],"fullName":"S_AI_VERIFIED_EXTERNAL_KNOWLEDGE architecture: approved layer only is registered as an enterprise approved layer","invocations":1,"location":null,"numPassingAsserts":2,"retryReasons":[],"status":"passed","title":"is registered as an enterprise approved layer"}],"endTime":1780564968896,"message":"","name":"C:\\dev\\rik-expo-app\\tests\\architecture\\aiExternalKnowledgeApprovedLayerOnly.contract.test.ts","startTime":1780564965809,"status":"passed","summary":""},{"assertionResults":[{"ancestorTitles":["AI enterprise guardrail matrix"],"duration":287,"failureDetails":[],"failureMessages":[],"fullName":"AI enterprise guardrail matrix matches the required green matrix shape","invocations":1,"location":null,"numPassingAsserts":12,"retryReasons":[],"status":"passed","title":"matches the required green matrix shape"},{"ancestorTitles":["AI enterprise guardrail matrix"],"duration":0,"failureDetails":[],"failureMessages":[],"fullName":"AI enterprise guardrail matrix is wired into release verify","invocations":1,"location":null,"numPassingAsserts":1,"retryReasons":[],"status":"passed","title":"is wired into release verify"}],"endTime":1780564969817,"message":"","name":"C:\\dev\\rik-expo-app\\tests\\ai\\aiEnterpriseGuardrailMatrix.contract.test.ts","startTime":1780564968926,"status":"passed","summary":""},{"assertionResults":[{"ancestorTitles":["global estimate no second AI framework"],"duration":2,"failureDetails":[],"failureMessages":[],"fullName":"global estimate no second AI framework uses the approved globalEstimate AI layer and old estimateEngine export path","invocations":1,"location":null,"numPassingAsserts":3,"retryReasons":[],"status":"passed","title":"uses the approved globalEstimate AI layer and old estimateEngine export path"}],"endTime":1780564970441,"message":"","name":"C:\\dev\\rik-expo-app\\tests\\architecture\\globalEstimateNoSecondAiFramework.contract.test.ts","startTime":1780564969825,"status":"passed","summary":""},{"assertionResults":[{"ancestorTitles":["AI contract runtime approved layers only"],"duration":1,"failureDetails":[],"failureMessages":[],"fullName":"AI contract runtime approved layers only registers contractRuntime as an approved non-screen AI layer","invocations":1,"location":null,"numPassingAsserts":1,"retryReasons":[],"status":"passed","title":"registers contractRuntime as an approved non-screen AI layer"}],"endTime":1780564971081,"message":"","name":"C:\\dev\\rik-expo-app\\tests\\architecture\\aiContractRuntimeApprovedLayersOnly.contract.test.ts","startTime":1780564970455,"status":"passed","summary":""}],"wasInterrupted":false}
