{"numFailedTestSuites":0,"numFailedTests":0,"numPassedTestSuites":1,"numPassedTests":1,"numPendingTestSuites":0,"numPendingTests":0,"numRuntimeErrorTestSuites":0,"numTodoTests":0,"numTotalTestSuites":1,"numTotalTests":1,"openHandles":[],"snapshot":{"added":0,"didUpdate":false,"failure":false,"filesAdded":0,"filesRemoved":0,"filesRemovedList":[],"filesUnmatched":0,"filesUpdated":0,"matched":0,"total":0,"unchecked":0,"uncheckedKeysByFile":[],"unmatched":0,"updated":0},"startTime":1780566241931,"success":true,"testResults":[{"assertionResults":[{"ancestorTitles":["legacy PDF text snapshot"],"duration":188,"failureDetails":[],"failureMessages":[],"fullName":"legacy PDF text snapshot preserves the old text-table shape for legacy estimates","invocations":1,"location":null,"numPassingAsserts":2,"retryReasons":[],"status":"passed","title":"preserves the old text-table shape for legacy estimates"}],"endTime":1780566244236,"message":"","name":"C:\\dev\\rik-expo-app\\tests\\pdfLegacy\\legacyPdfSnapshotTextUnchanged.contract.test.ts","startTime":1780566242069,"status":"passed","summary":""}],"wasInterrupted":false}
