{"numFailedTestSuites":0,"numFailedTests":0,"numPassedTestSuites":11,"numPassedTests":11,"numPendingTestSuites":0,"numPendingTests":0,"numRuntimeErrorTestSuites":0,"numTodoTests":0,"numTotalTestSuites":11,"numTotalTests":11,"openHandles":[],"snapshot":{"added":0,"didUpdate":false,"failure":false,"filesAdded":0,"filesRemoved":0,"filesRemovedList":[],"filesUnmatched":0,"filesUpdated":0,"matched":0,"total":0,"unchecked":0,"uncheckedKeysByFile":[],"unmatched":0,"updated":0},"startTime":1780570433134,"success":true,"testResults":[{"assertionResults":[{"ancestorTitles":["PDF generation latency budget"],"duration":1692,"failureDetails":[],"failureMessages":[],"fullName":"PDF generation latency budget generates PDF bytes within budget","invocations":1,"location":null,"numPassingAsserts":24,"retryReasons":[],"status":"passed","title":"generates PDF bytes within budget"}],"endTime":1780570437007,"message":"","name":"C:\\dev\\rik-expo-app\\tests\\performance\\pdfGenerationLatencyBudget.contract.test.ts","startTime":1780570433214,"status":"passed","summary":""},{"assertionResults":[{"ancestorTitles":["request draft latency budget"],"duration":473,"failureDetails":[],"failureMessages":[],"fullName":"request draft latency budget builds request draft within budget","invocations":1,"location":null,"numPassingAsserts":23,"retryReasons":[],"status":"passed","title":"builds request draft within budget"}],"endTime":1780570438068,"message":"","name":"C:\\dev\\rik-expo-app\\tests\\performance\\requestDraftLatencyBudget.contract.test.ts","startTime":1780570437029,"status":"passed","summary":""},{"assertionResults":[{"ancestorTitles":["PDF payload build latency budget"],"duration":37,"failureDetails":[],"failureMessages":[],"fullName":"PDF payload build latency budget builds structured PDF view model within budget","invocations":1,"location":null,"numPassingAsserts":23,"retryReasons":[],"status":"passed","title":"builds structured PDF view model within budget"}],"endTime":1780570438656,"message":"","name":"C:\\dev\\rik-expo-app\\tests\\performance\\pdfPayloadBuildLatencyBudget.contract.test.ts","startTime":1780570438079,"status":"passed","summary":""},{"assertionResults":[{"ancestorTitles":["estimate latency budget"],"duration":494,"failureDetails":[],"failureMessages":[],"fullName":"estimate latency budget keeps full visible estimate under enterprise budget","invocations":1,"location":null,"numPassingAsserts":24,"retryReasons":[],"status":"passed","title":"keeps full visible estimate under enterprise budget"}],"endTime":1780570439816,"message":"","name":"C:\\dev\\rik-expo-app\\tests\\performance\\estimateLatencyBudget.contract.test.ts","startTime":1780570438665,"status":"passed","summary":""},{"assertionResults":[{"ancestorTitles":["catalog binding latency budget"],"duration":26,"failureDetails":[],"failureMessages":[],"fullName":"catalog binding latency budget keeps fixture catalog candidate ranking bounded","invocations":1,"location":null,"numPassingAsserts":23,"retryReasons":[],"status":"passed","title":"keeps fixture catalog candidate ranking bounded"}],"endTime":1780570440426,"message":"","name":"C:\\dev\\rik-expo-app\\tests\\performance\\catalogBindingLatencyBudget.contract.test.ts","startTime":1780570439828,"status":"passed","summary":""},{"assertionResults":[{"ancestorTitles":["construction work plan latency budget"],"duration":3,"failureDetails":[],"failureMessages":[],"fullName":"construction work plan latency budget builds ConstructionWorkPlan within p95 policy","invocations":1,"location":null,"numPassingAsserts":23,"retryReasons":[],"status":"passed","title":"builds ConstructionWorkPlan within p95 policy"}],"endTime":1780570441051,"message":"","name":"C:\\dev\\rik-expo-app\\tests\\performance\\constructionWorkPlanLatencyBudget.contract.test.ts","startTime":1780570440437,"status":"passed","summary":""},{"assertionResults":[{"ancestorTitles":["semantic frame latency budget"],"duration":14,"failureDetails":[],"failureMessages":[],"fullName":"semantic frame latency budget builds semantic frame within p95 policy","invocations":1,"location":null,"numPassingAsserts":24,"retryReasons":[],"status":"passed","title":"builds semantic frame within p95 policy"}],"endTime":1780570441691,"message":"","name":"C:\\dev\\rik-expo-app\\tests\\performance\\semanticFrameLatencyBudget.contract.test.ts","startTime":1780570441063,"status":"passed","summary":""},{"assertionResults":[{"ancestorTitles":["AI estimate memory budget"],"duration":0,"failureDetails":[],"failureMessages":[],"fullName":"AI estimate memory budget keeps memory budget explicit and finite","invocations":1,"location":null,"numPassingAsserts":1,"retryReasons":[],"status":"passed","title":"keeps memory budget explicit and finite"}],"endTime":1780570442257,"message":"","name":"C:\\dev\\rik-expo-app\\tests\\performance\\aiEstimateMemoryBudget.contract.test.ts","startTime":1780570441702,"status":"passed","summary":""},{"assertionResults":[{"ancestorTitles":["local rate source latency budget"],"duration":2,"failureDetails":[],"failureMessages":[],"fullName":"local rate source latency budget resolves local source policy within budget","invocations":1,"location":null,"numPassingAsserts":23,"retryReasons":[],"status":"passed","title":"resolves local source policy within budget"}],"endTime":1780570442819,"message":"","name":"C:\\dev\\rik-expo-app\\tests\\performance\\localRateSourceLatencyBudget.contract.test.ts","startTime":1780570442271,"status":"passed","summary":""},{"assertionResults":[{"ancestorTitles":["parametric BOQ compiler latency budget"],"duration":20,"failureDetails":[],"failureMessages":[],"fullName":"parametric BOQ compiler latency budget compiles work-specific parametric recipe within p95 policy","invocations":1,"location":null,"numPassingAsserts":45,"retryReasons":[],"status":"passed","title":"compiles work-specific parametric recipe within p95 policy"}],"endTime":1780570443403,"message":"","name":"C:\\dev\\rik-expo-app\\tests\\performance\\parametricBoqCompilerLatencyBudget.contract.test.ts","startTime":1780570442827,"status":"passed","summary":""},{"assertionResults":[{"ancestorTitles":["mixed AI estimate workload budget"],"duration":1,"failureDetails":[],"failureMessages":[],"fullName":"mixed AI estimate workload budget defines bounded workload sizes and full-estimate budget","invocations":1,"location":null,"numPassingAsserts":4,"retryReasons":[],"status":"passed","title":"defines bounded workload sizes and full-estimate budget"}],"endTime":1780570443482,"message":"","name":"C:\\dev\\rik-expo-app\\tests\\performance\\mixedAiEstimateWorkloadBudget.contract.test.ts","startTime":1780570443411,"status":"passed","summary":""}],"wasInterrupted":false}
