{"numFailedTestSuites":0,"numFailedTests":0,"numPassedTestSuites":1,"numPassedTests":1,"numPendingTestSuites":0,"numPendingTests":0,"numRuntimeErrorTestSuites":0,"numTodoTests":0,"numTotalTestSuites":1,"numTotalTests":1,"openHandles":[],"snapshot":{"added":0,"didUpdate":false,"failure":false,"filesAdded":0,"filesRemoved":0,"filesRemovedList":[],"filesUnmatched":0,"filesUpdated":0,"matched":0,"total":0,"unchecked":0,"uncheckedKeysByFile":[],"unmatched":0,"updated":0},"startTime":1780564261222,"success":true,"testResults":[{"assertionResults":[{"ancestorTitles":[],"duration":19538,"failureDetails":[],"failureMessages":[],"fullName":"real 500 runtime returns expanded estimates for all cases","invocations":1,"location":null,"numPassingAsserts":3,"retryReasons":[],"status":"passed","title":"real 500 runtime returns expanded estimates for all cases"}],"endTime":1780564283200,"message":"","name":"C:\\dev\\rik-expo-app\\tests\\real500\\real500RuntimeAllCasesExpandedEstimate.contract.test.ts","startTime":1780564261305,"status":"passed","summary":""}],"wasInterrupted":false}
