{"numFailedTestSuites":0,"numFailedTests":0,"numPassedTestSuites":1,"numPassedTests":1,"numPendingTestSuites":0,"numPendingTests":0,"numRuntimeErrorTestSuites":0,"numTodoTests":0,"numTotalTestSuites":1,"numTotalTests":1,"openHandles":[],"snapshot":{"added":0,"didUpdate":false,"failure":false,"filesAdded":0,"filesRemoved":0,"filesRemovedList":[],"filesUnmatched":0,"filesUpdated":0,"matched":0,"total":0,"unchecked":0,"uncheckedKeysByFile":[],"unmatched":0,"updated":0},"startTime":1780565594808,"success":true,"testResults":[{"assertionResults":[{"ancestorTitles":["request PDF payload manual catalog items"],"duration":245,"failureDetails":[],"failureMessages":[],"fullName":"request PDF payload manual catalog items includes the selected catalog material without exposing raw catalog ids in the PDF summary","invocations":1,"location":null,"numPassingAsserts":5,"retryReasons":[],"status":"passed","title":"includes the selected catalog material without exposing raw catalog ids in the PDF summary"}],"endTime":1780565597389,"message":"","name":"C:\\dev\\rik-expo-app\\tests\\requestEstimate\\requestEstimatePdfPayloadIncludesManualCatalogItems.contract.test.ts","startTime":1780565594942,"status":"passed","summary":""}],"wasInterrupted":false}
