{"numFailedTestSuites":0,"numFailedTests":0,"numPassedTestSuites":9,"numPassedTests":10,"numPendingTestSuites":0,"numPendingTests":0,"numRuntimeErrorTestSuites":0,"numTodoTests":0,"numTotalTestSuites":9,"numTotalTests":10,"openHandles":[],"snapshot":{"added":0,"didUpdate":false,"failure":false,"filesAdded":0,"filesRemoved":0,"filesRemovedList":[],"filesUnmatched":0,"filesUpdated":0,"matched":0,"total":0,"unchecked":0,"uncheckedKeysByFile":[],"unmatched":0,"updated":0},"startTime":1780563107698,"success":true,"testResults":[{"assertionResults":[{"ancestorTitles":["consumer repair draft contract"],"duration":66,"failureDetails":[],"failureMessages":[],"fullName":"consumer repair draft contract creates a consumer-only B2C draft with AI suggested items","invocations":1,"location":null,"numPassingAsserts":5,"retryReasons":[],"status":"passed","title":"creates a consumer-only B2C draft with AI suggested items"},{"ancestorTitles":["consumer repair draft contract"],"duration":49,"failureDetails":[],"failureMessages":[],"fullName":"consumer repair draft contract deletes only the current user's draft from their history","invocations":1,"location":null,"numPassingAsserts":2,"retryReasons":[],"status":"passed","title":"deletes only the current user's draft from their history"}],"endTime":1780563110957,"message":"","name":"C:\\dev\\rik-expo-app\\tests\\consumerRepair\\consumerRepairDraft.contract.test.ts","startTime":1780563107784,"status":"passed","summary":""},{"assertionResults":[{"ancestorTitles":["estimate PDF mojibake guard"],"duration":855,"failureDetails":[],"failureMessages":[],"fullName":"estimate PDF mojibake guard does not contain broken Cyrillic markers","invocations":1,"location":null,"numPassingAsserts":12,"retryReasons":[],"status":"passed","title":"does not contain broken Cyrillic markers"}],"endTime":1780563112456,"message":"","name":"C:\\dev\\rik-expo-app\\tests\\pdf\\estimatePdfNoMojibake.contract.test.ts","startTime":1780563110998,"status":"passed","summary":""},{"assertionResults":[{"ancestorTitles":["estimate PDF table rows"],"duration":878,"failureDetails":[],"failureMessages":[],"fullName":"estimate PDF table rows preserves work-specific table rows in PDF text","invocations":1,"location":null,"numPassingAsserts":20,"retryReasons":[],"status":"passed","title":"preserves work-specific table rows in PDF text"}],"endTime":1780563113985,"message":"","name":"C:\\dev\\rik-expo-app\\tests\\pdf\\estimatePdfContainsTableRows.contract.test.ts","startTime":1780563112466,"status":"passed","summary":""},{"assertionResults":[{"ancestorTitles":["consumer repair history PDF open contract"],"duration":182,"failureDetails":[],"failureMessages":[],"fullName":"consumer repair history PDF open contract keeps generated PDFs openable from paginated history","invocations":1,"location":null,"numPassingAsserts":4,"retryReasons":[],"status":"passed","title":"keeps generated PDFs openable from paginated history"}],"endTime":1780563115003,"message":"","name":"C:\\dev\\rik-expo-app\\tests\\consumerRepair\\consumerRepairHistoryPdfOpen.contract.test.ts","startTime":1780563113996,"status":"passed","summary":""},{"assertionResults":[{"ancestorTitles":["consumer estimate PDF open contract"],"duration":163,"failureDetails":[],"failureMessages":[],"fullName":"consumer estimate PDF open contract opens generated PDF through a signed access result","invocations":1,"location":null,"numPassingAsserts":2,"retryReasons":[],"status":"passed","title":"opens generated PDF through a signed access result"}],"endTime":1780563115710,"message":"","name":"C:\\dev\\rik-expo-app\\tests\\consumerRepair\\consumerEstimatePdfOpen.contract.test.ts","startTime":1780563115019,"status":"passed","summary":""},{"assertionResults":[{"ancestorTitles":["consumer estimate make PDF contract"],"duration":123,"failureDetails":[],"failureMessages":[],"fullName":"consumer estimate make PDF contract creates a PDF for a consumer estimate without sending to marketplace","invocations":1,"location":null,"numPassingAsserts":2,"retryReasons":[],"status":"passed","title":"creates a PDF for a consumer estimate without sending to marketplace"}],"endTime":1780563116373,"message":"","name":"C:\\dev\\rik-expo-app\\tests\\consumerRepair\\consumerEstimateMakePdf.contract.test.ts","startTime":1780563115719,"status":"passed","summary":""},{"assertionResults":[{"ancestorTitles":["StickyActionBar"],"duration":1,"failureDetails":[],"failureMessages":[],"fullName":"StickyActionBar renders primary actions above the bottom navigation from a shared component","invocations":1,"location":null,"numPassingAsserts":14,"retryReasons":[],"status":"passed","title":"renders primary actions above the bottom navigation from a shared component"}],"endTime":1780563116438,"message":"","name":"C:\\dev\\rik-expo-app\\tests\\ui\\stickyActionBar.contract.test.ts","startTime":1780563116383,"status":"passed","summary":""},{"assertionResults":[{"ancestorTitles":["consumer repair no bottom nav overlap architecture contract"],"duration":1,"failureDetails":[],"failureMessages":[],"fullName":"consumer repair no bottom nav overlap architecture contract uses canonical scroll and sticky action layout for /request","invocations":1,"location":null,"numPassingAsserts":8,"retryReasons":[],"status":"passed","title":"uses canonical scroll and sticky action layout for /request"}],"endTime":1780563116502,"message":"","name":"C:\\dev\\rik-expo-app\\tests\\architecture\\consumerRepairNoBottomNavOverlap.contract.test.ts","startTime":1780563116447,"status":"passed","summary":""},{"assertionResults":[{"ancestorTitles":["consumer repair request screen canonical chrome"],"duration":1,"failureDetails":[],"failureMessages":[],"fullName":"consumer repair request screen canonical chrome keeps /request on one estimate form and one sticky action model","invocations":1,"location":null,"numPassingAsserts":12,"retryReasons":[],"status":"passed","title":"keeps /request on one estimate form and one sticky action model"}],"endTime":1780563116557,"message":"","name":"C:\\dev\\rik-expo-app\\tests\\architecture\\consumerRepairRequestScreenSingleCanonicalChrome.contract.test.ts","startTime":1780563116511,"status":"passed","summary":""}],"wasInterrupted":false}
