{"numFailedTestSuites":0,"numFailedTests":0,"numPassedTestSuites":15,"numPassedTests":15,"numPendingTestSuites":0,"numPendingTests":0,"numRuntimeErrorTestSuites":0,"numTodoTests":0,"numTotalTestSuites":15,"numTotalTests":15,"openHandles":[],"snapshot":{"added":0,"didUpdate":false,"failure":false,"filesAdded":0,"filesRemoved":0,"filesRemovedList":[],"filesUnmatched":0,"filesUpdated":0,"matched":0,"total":0,"unchecked":0,"uncheckedKeysByFile":[],"unmatched":0,"updated":0},"startTime":1780575078857,"success":true,"testResults":[{"assertionResults":[{"ancestorTitles":["approved request hidden from other users"],"duration":247,"failureDetails":[],"failureMessages":[],"fullName":"approved request hidden from other users prevents non-owner PDF generation/open flows from acting on another user's request","invocations":1,"location":null,"numPassingAsserts":2,"retryReasons":[],"status":"passed","title":"prevents non-owner PDF generation/open flows from acting on another user's request"}],"endTime":1780575083889,"message":"","name":"C:\\dev\\rik-expo-app\\tests\\request\\approvedRequestHiddenFromOtherUsers.contract.test.ts","startTime":1780575078937,"status":"passed","summary":""},{"assertionResults":[{"ancestorTitles":["approve current user history only"],"duration":144,"failureDetails":[],"failureMessages":[],"fullName":"approve current user history only stores an approved request only in the owner's history","invocations":1,"location":null,"numPassingAsserts":3,"retryReasons":[],"status":"passed","title":"stores an approved request only in the owner's history"}],"endTime":1780575084651,"message":"","name":"C:\\dev\\rik-expo-app\\tests\\request\\approveCurrentUserHistoryOnly.contract.test.ts","startTime":1780575083913,"status":"passed","summary":""},{"assertionResults":[{"ancestorTitles":["bottom safe-area actions"],"duration":2,"failureDetails":[],"failureMessages":[],"fullName":"bottom safe-area actions keeps restored request actions in the safe-area-aware sticky bar","invocations":1,"location":null,"numPassingAsserts":6,"retryReasons":[],"status":"passed","title":"keeps restored request actions in the safe-area-aware sticky bar"}],"endTime":1780575084736,"message":"","name":"C:\\dev\\rik-expo-app\\tests\\mobile\\bottomSafeAreaActions.contract.test.ts","startTime":1780575084661,"status":"passed","summary":""},{"assertionResults":[{"ancestorTitles":["director/foreman PDF button opens"],"duration":2,"failureDetails":[],"failureMessages":[],"fullName":"director/foreman PDF button opens keeps director role PDF render/open path wired to the canonical backend renderer","invocations":1,"location":null,"numPassingAsserts":2,"retryReasons":[],"status":"passed","title":"keeps director role PDF render/open path wired to the canonical backend renderer"}],"endTime":1780575084821,"message":"","name":"C:\\dev\\rik-expo-app\\tests\\pdf\\directorForemanPdfButtonOpens.contract.test.ts","startTime":1780575084751,"status":"passed","summary":""},{"assertionResults":[{"ancestorTitles":["request draft title heading"],"duration":1,"failureDetails":[],"failureMessages":[],"fullName":"request draft title heading keeps a single draft title source in the restored request panel","invocations":1,"location":null,"numPassingAsserts":2,"retryReasons":[],"status":"passed","title":"keeps a single draft title source in the restored request panel"}],"endTime":1780575084902,"message":"","name":"C:\\dev\\rik-expo-app\\tests\\request\\draftTitleSingleHeading.contract.test.ts","startTime":1780575084833,"status":"passed","summary":""},{"assertionResults":[{"ancestorTitles":["foreman PDF button opens"],"duration":2,"failureDetails":[],"failureMessages":[],"fullName":"foreman PDF button opens keeps the foreman PDF open path wired to the canonical backend descriptor","invocations":1,"location":null,"numPassingAsserts":2,"retryReasons":[],"status":"passed","title":"keeps the foreman PDF open path wired to the canonical backend descriptor"}],"endTime":1780575084976,"message":"","name":"C:\\dev\\rik-expo-app\\tests\\pdf\\foremanPdfButtonOpens.contract.test.ts","startTime":1780575084912,"status":"passed","summary":""},{"assertionResults":[{"ancestorTitles":["old estimate placeholder regression"],"duration":1,"failureDetails":[],"failureMessages":[],"fullName":"old estimate placeholder regression keeps the old placeholder/chip source removed from the request estimate UI","invocations":1,"location":null,"numPassingAsserts":3,"retryReasons":[],"status":"passed","title":"keeps the old placeholder/chip source removed from the request estimate UI"}],"endTime":1780575085053,"message":"","name":"C:\\dev\\rik-expo-app\\tests\\marketplace\\noOldEstimatePlaceholderRegression.contract.test.ts","startTime":1780575084991,"status":"passed","summary":""},{"assertionResults":[{"ancestorTitles":["estimate PDF text extractable"],"duration":1,"failureDetails":[],"failureMessages":[],"fullName":"estimate PDF text extractable extracts text from every binary PDF proof case","invocations":1,"location":null,"numPassingAsserts":3,"retryReasons":[],"status":"passed","title":"extracts text from every binary PDF proof case"}],"endTime":1780575085125,"message":"","name":"C:\\dev\\rik-expo-app\\tests\\pdf\\estimatePdfTextExtractable.contract.test.ts","startTime":1780575085064,"status":"passed","summary":""},{"assertionResults":[{"ancestorTitles":["estimate back to marketplace restore"],"duration":1,"failureDetails":[],"failureMessages":[],"fullName":"estimate back to marketplace restore keeps the request screen wired back to the marketplace route","invocations":1,"location":null,"numPassingAsserts":2,"retryReasons":[],"status":"passed","title":"keeps the request screen wired back to the marketplace route"}],"endTime":1780575085203,"message":"","name":"C:\\dev\\rik-expo-app\\tests\\marketplace\\estimateBackToMarketplace.contract.test.ts","startTime":1780575085142,"status":"passed","summary":""},{"assertionResults":[{"ancestorTitles":["marketplace search refresh without restart"],"duration":1,"failureDetails":[],"failureMessages":[],"fullName":"marketplace search refresh without restart keeps request-to-market handoff explicit instead of requiring app restart","invocations":1,"location":null,"numPassingAsserts":1,"retryReasons":[],"status":"passed","title":"keeps request-to-market handoff explicit instead of requiring app restart"}],"endTime":1780575085277,"message":"","name":"C:\\dev\\rik-expo-app\\tests\\marketplace\\searchRefreshWithoutRestart.contract.test.ts","startTime":1780575085215,"status":"passed","summary":""},{"assertionResults":[{"ancestorTitles":["estimate PDF tabular format"],"duration":2,"failureDetails":[],"failureMessages":[],"fullName":"estimate PDF tabular format keeps restored estimate PDFs in extractable table format","invocations":1,"location":null,"numPassingAsserts":2,"retryReasons":[],"status":"passed","title":"keeps restored estimate PDFs in extractable table format"}],"endTime":1780575085346,"message":"","name":"C:\\dev\\rik-expo-app\\tests\\pdf\\estimatePdfTabularFormat.contract.test.ts","startTime":1780575085291,"status":"passed","summary":""},{"assertionResults":[{"ancestorTitles":["marketplace estimate PDF opens"],"duration":1,"failureDetails":[],"failureMessages":[],"fullName":"marketplace estimate PDF opens validates the consumer request marketplace estimate PDF binary case","invocations":1,"location":null,"numPassingAsserts":1,"retryReasons":[],"status":"passed","title":"validates the consumer request marketplace estimate PDF binary case"}],"endTime":1780575085417,"message":"","name":"C:\\dev\\rik-expo-app\\tests\\pdf\\marketplaceEstimatePdfButtonOpens.contract.test.ts","startTime":1780575085360,"status":"passed","summary":""},{"assertionResults":[{"ancestorTitles":["estimate PDF rows match UI"],"duration":5,"failureDetails":[],"failureMessages":[],"fullName":"estimate PDF rows match UI keeps generated PDF rows aligned with the visible estimate source rows","invocations":1,"location":null,"numPassingAsserts":1,"retryReasons":[],"status":"passed","title":"keeps generated PDF rows aligned with the visible estimate source rows"}],"endTime":1780575085550,"message":"","name":"C:\\dev\\rik-expo-app\\tests\\pdf\\estimatePdfRowsMatchUi.contract.test.ts","startTime":1780575085433,"status":"passed","summary":""},{"assertionResults":[{"ancestorTitles":["AI estimate PDF opens"],"duration":1,"failureDetails":[],"failureMessages":[],"fullName":"AI estimate PDF opens validates all direct AI estimate PDF binary cases","invocations":1,"location":null,"numPassingAsserts":1,"retryReasons":[],"status":"passed","title":"validates all direct AI estimate PDF binary cases"}],"endTime":1780575085621,"message":"","name":"C:\\dev\\rik-expo-app\\tests\\pdf\\aiEstimatePdfButtonOpens.contract.test.ts","startTime":1780575085564,"status":"passed","summary":""},{"assertionResults":[{"ancestorTitles":["estimate PDF mojibake guard"],"duration":836,"failureDetails":[],"failureMessages":[],"fullName":"estimate PDF mojibake guard does not contain broken Cyrillic markers","invocations":1,"location":null,"numPassingAsserts":12,"retryReasons":[],"status":"passed","title":"does not contain broken Cyrillic markers"}],"endTime":1780575087239,"message":"","name":"C:\\dev\\rik-expo-app\\tests\\pdf\\estimatePdfNoMojibake.contract.test.ts","startTime":1780575085633,"status":"passed","summary":""}],"wasInterrupted":false}
