{"numFailedTestSuites":0,"numFailedTests":0,"numPassedTestSuites":10,"numPassedTests":10,"numPendingTestSuites":0,"numPendingTests":0,"numRuntimeErrorTestSuites":0,"numTodoTests":0,"numTotalTestSuites":10,"numTotalTests":10,"openHandles":[],"snapshot":{"added":0,"didUpdate":false,"failure":false,"filesAdded":0,"filesRemoved":0,"filesRemovedList":[],"filesUnmatched":0,"filesUpdated":0,"matched":0,"total":0,"unchecked":0,"uncheckedKeysByFile":[],"unmatched":0,"updated":0},"startTime":1780579502889,"success":true,"testResults":[{"assertionResults":[{"ancestorTitles":["no fake restore green"],"duration":9,"failureDetails":[],"failureMessages":[],"fullName":"no fake restore green keeps fake_green_claimed false in every restore proof JSON artifact","invocations":1,"location":null,"numPassingAsserts":19,"retryReasons":[],"status":"passed","title":"keeps fake_green_claimed false in every restore proof JSON artifact"}],"endTime":1780579504071,"message":"","name":"C:\\dev\\rik-expo-app\\tests\\restoreProductProof\\noFakeRestoreGreen.contract.test.ts","startTime":1780579502972,"status":"passed","summary":""},{"assertionResults":[{"ancestorTitles":["catalog audit prerequisite compatibility"],"duration":1,"failureDetails":[],"failureMessages":[],"fullName":"catalog audit prerequisite compatibility publishes the exact proof files the catalog audit requires","invocations":1,"location":null,"numPassingAsserts":11,"retryReasons":[],"status":"passed","title":"publishes the exact proof files the catalog audit requires"}],"endTime":1780579504158,"message":"","name":"C:\\dev\\rik-expo-app\\tests\\restoreProductProof\\catalogAuditPrerequisiteCompatibility.contract.test.ts","startTime":1780579504094,"status":"passed","summary":""},{"assertionResults":[{"ancestorTitles":["live web build identity proof"],"duration":2,"failureDetails":[],"failureMessages":[],"fullName":"live web build identity proof records expected and live identity fields","invocations":1,"location":null,"numPassingAsserts":6,"retryReasons":[],"status":"passed","title":"records expected and live identity fields"}],"endTime":1780579504241,"message":"","name":"C:\\dev\\rik-expo-app\\tests\\restoreProductProof\\liveWebBuildIdentityExists.contract.test.ts","startTime":1780579504171,"status":"passed","summary":""},{"assertionResults":[{"ancestorTitles":["old nearby restore folder is not accepted as green"],"duration":1,"failureDetails":[],"failureMessages":[],"fullName":"old nearby restore folder is not accepted as green uses the old folder only as reference, never as the canonical proof","invocations":1,"location":null,"numPassingAsserts":4,"retryReasons":[],"status":"passed","title":"uses the old folder only as reference, never as the canonical proof"}],"endTime":1780579504313,"message":"","name":"C:\\dev\\rik-expo-app\\tests\\restoreProductProof\\noOldNearbyFolderAcceptedAsGreen.contract.test.ts","startTime":1780579504250,"status":"passed","summary":""},{"assertionResults":[{"ancestorTitles":["restore closeout proof"],"duration":2,"failureDetails":[],"failureMessages":[],"fullName":"restore closeout proof publishes the canonical closeout proof without fake green","invocations":1,"location":null,"numPassingAsserts":6,"retryReasons":[],"status":"passed","title":"publishes the canonical closeout proof without fake green"}],"endTime":1780579504387,"message":"","name":"C:\\dev\\rik-expo-app\\tests\\restoreProductProof\\restoreCloseoutProofExists.contract.test.ts","startTime":1780579504324,"status":"passed","summary":""},{"assertionResults":[{"ancestorTitles":["web e2e proof"],"duration":1,"failureDetails":[],"failureMessages":[],"fullName":"web e2e proof records the web E2E artifact and source-of-truth booleans","invocations":1,"location":null,"numPassingAsserts":8,"retryReasons":[],"status":"passed","title":"records the web E2E artifact and source-of-truth booleans"}],"endTime":1780579504468,"message":"","name":"C:\\dev\\rik-expo-app\\tests\\restoreProductProof\\webE2eExists.contract.test.ts","startTime":1780579504400,"status":"passed","summary":""},{"assertionResults":[{"ancestorTitles":["PDF restore matrix"],"duration":2,"failureDetails":[],"failureMessages":[],"fullName":"PDF restore matrix proves binary PDF restore and role PDF wiring without mojibake","invocations":1,"location":null,"numPassingAsserts":10,"retryReasons":[],"status":"passed","title":"proves binary PDF restore and role PDF wiring without mojibake"}],"endTime":1780579504539,"message":"","name":"C:\\dev\\rik-expo-app\\tests\\restoreProductProof\\pdfRestoreMatrixExists.contract.test.ts","startTime":1780579504478,"status":"passed","summary":""},{"assertionResults":[{"ancestorTitles":["restore matrix"],"duration":1,"failureDetails":[],"failureMessages":[],"fullName":"restore matrix contains the source-of-truth restore gates expected by catalog audit","invocations":1,"location":null,"numPassingAsserts":14,"retryReasons":[],"status":"passed","title":"contains the source-of-truth restore gates expected by catalog audit"}],"endTime":1780579504605,"message":"","name":"C:\\dev\\rik-expo-app\\tests\\restoreProductProof\\restoreMatrixExists.contract.test.ts","startTime":1780579504548,"status":"passed","summary":""},{"assertionResults":[{"ancestorTitles":["Android API34 restore proof"],"duration":2,"failureDetails":[],"failureMessages":[],"fullName":"Android API34 restore proof accepts API34 only and never API36 as a substitute","invocations":1,"location":null,"numPassingAsserts":7,"retryReasons":[],"status":"passed","title":"accepts API34 only and never API36 as a substitute"}],"endTime":1780579504721,"message":"","name":"C:\\dev\\rik-expo-app\\tests\\restoreProductProof\\androidApi34Exists.contract.test.ts","startTime":1780579504624,"status":"passed","summary":""},{"assertionResults":[{"ancestorTitles":["restore proof canonical directory"],"duration":0,"failureDetails":[],"failureMessages":[],"fullName":"restore proof canonical directory exists at the exact catalog-audit prerequisite path","invocations":1,"location":null,"numPassingAsserts":1,"retryReasons":[],"status":"passed","title":"exists at the exact catalog-audit prerequisite path"}],"endTime":1780579504786,"message":"","name":"C:\\dev\\rik-expo-app\\tests\\restoreProductProof\\restoreProofDirectoryExists.contract.test.ts","startTime":1780579504732,"status":"passed","summary":""}],"wasInterrupted":false}
