{"numFailedTestSuites":0,"numFailedTests":0,"numPassedTestSuites":3,"numPassedTests":7,"numPendingTestSuites":0,"numPendingTests":0,"numRuntimeErrorTestSuites":0,"numTodoTests":0,"numTotalTestSuites":3,"numTotalTests":7,"openHandles":[],"snapshot":{"added":0,"didUpdate":false,"failure":false,"filesAdded":0,"filesRemoved":0,"filesRemovedList":[],"filesUnmatched":0,"filesUpdated":0,"matched":0,"total":0,"unchecked":0,"uncheckedKeysByFile":[],"unmatched":0,"updated":0},"startTime":1774834901907,"success":true,"testResults":[{"assertionResults":[{"ancestorTitles":["director.finance.pdfService"],"duration":119,"failureDetails":[],"failureMessages":[],"fullName":"director.finance.pdfService uses backend source for supplier summary PDF without local fallback","invocations":1,"location":null,"numPassingAsserts":3,"retryReasons":[],"status":"passed","title":"uses backend source for supplier summary PDF without local fallback"},{"ancestorTitles":["director.finance.pdfService"],"duration":25,"failureDetails":[],"failureMessages":[],"fullName":"director.finance.pdfService surfaces supplier backend failure instead of falling back to local render","invocations":1,"location":null,"numPassingAsserts":1,"retryReasons":[],"status":"passed","title":"surfaces supplier backend failure instead of falling back to local render"},{"ancestorTitles":["director.finance.pdfService"],"duration":13,"failureDetails":[],"failureMessages":[],"fullName":"director.finance.pdfService builds management PDF descriptor without screen-owned fallback wiring","invocations":1,"location":null,"numPassingAsserts":1,"retryReasons":[],"status":"passed","title":"builds management PDF descriptor without screen-owned fallback wiring"}],"endTime":1774834902591,"message":"","name":"C:\\dev\\rik-expo-app\\src\\screens\\director\\director.finance.pdfService.test.ts","startTime":1774834901998,"status":"passed","summary":""},{"assertionResults":[{"ancestorTitles":["pdf_director exports"],"duration":22,"failureDetails":[],"failureMessages":[],"fullName":"pdf_director exports Director finance PDF works through source -> shaping -> render","invocations":1,"location":null,"numPassingAsserts":3,"retryReasons":[],"status":"passed","title":"Director finance PDF works through source -> shaping -> render"},{"ancestorTitles":["pdf_director exports"],"duration":3,"failureDetails":[],"failureMessages":[],"fullName":"pdf_director exports Director supplier summary PDF uses backend finance source contract without fallback args","invocations":1,"location":null,"numPassingAsserts":3,"retryReasons":[],"status":"passed","title":"Director supplier summary PDF uses backend finance source contract without fallback args"},{"ancestorTitles":["pdf_director exports"],"duration":3,"failureDetails":[],"failureMessages":[],"fullName":"pdf_director exports Director production PDF works through source -> shaping -> render","invocations":1,"location":null,"numPassingAsserts":3,"retryReasons":[],"status":"passed","title":"Director production PDF works through source -> shaping -> render"}],"endTime":1774834902734,"message":"","name":"C:\\dev\\rik-expo-app\\src\\lib\\api\\pdf_director.test.ts","startTime":1774834902627,"status":"passed","summary":""},{"assertionResults":[{"ancestorTitles":["directorFinanceScope.service"],"duration":11,"failureDetails":[],"failureMessages":[],"fullName":"directorFinanceScope.service marks finance scope as backend-owned without compatibility overlay","invocations":1,"location":null,"numPassingAsserts":8,"retryReasons":[],"status":"passed","title":"marks finance scope as backend-owned without compatibility overlay"}],"endTime":1774834902826,"message":"","name":"C:\\dev\\rik-expo-app\\src\\lib\\api\\directorFinanceScope.service.test.ts","startTime":1774834902753,"status":"passed","summary":""}],"wasInterrupted":false}
