{"numFailedTestSuites":0,"numFailedTests":0,"numPassedTestSuites":9,"numPassedTests":35,"numPendingTestSuites":0,"numPendingTests":0,"numRuntimeErrorTestSuites":0,"numTodoTests":0,"numTotalTestSuites":9,"numTotalTests":35,"openHandles":[],"snapshot":{"added":0,"didUpdate":false,"failure":false,"filesAdded":0,"filesRemoved":0,"filesRemovedList":[],"filesUnmatched":0,"filesUpdated":0,"matched":0,"total":0,"unchecked":0,"uncheckedKeysByFile":[],"unmatched":0,"updated":0},"startTime":1774934801224,"success":true,"testResults":[{"assertionResults":[{"ancestorTitles":["directorPdfBackendInvoker"],"duration":44,"failureDetails":[],"failureMessages":[],"fullName":"directorPdfBackendInvoker normalizes canonical remote-url success payloads","invocations":1,"location":null,"numPassingAsserts":1,"retryReasons":[],"status":"passed","title":"normalizes canonical remote-url success payloads"},{"ancestorTitles":["directorPdfBackendInvoker"],"duration":6,"failureDetails":[],"failureMessages":[],"fullName":"directorPdfBackendInvoker classifies typed auth failures from edge responses","invocations":1,"location":null,"numPassingAsserts":1,"retryReasons":[],"status":"passed","title":"classifies typed auth failures from edge responses"},{"ancestorTitles":["directorPdfBackendInvoker"],"duration":5,"failureDetails":[],"failureMessages":[],"fullName":"directorPdfBackendInvoker classifies malformed success payloads as invalid_response","invocations":1,"location":null,"numPassingAsserts":1,"retryReasons":[],"status":"passed","title":"classifies malformed success payloads as invalid_response"}],"endTime":1774934802032,"message":"","name":"C:\\dev\\rik-expo-app\\src\\lib\\api\\directorPdfBackendInvoker.test.ts","startTime":1774934801376,"status":"passed","summary":""},{"assertionResults":[{"ancestorTitles":["director.finance.pdfService"],"duration":130,"failureDetails":[],"failureMessages":[],"fullName":"director.finance.pdfService uses backend source for supplier summary PDF without local fallback","invocations":1,"location":null,"numPassingAsserts":3,"retryReasons":[],"status":"passed","title":"uses backend source for supplier summary PDF without local fallback"},{"ancestorTitles":["director.finance.pdfService"],"duration":23,"failureDetails":[],"failureMessages":[],"fullName":"director.finance.pdfService surfaces supplier backend failure instead of falling back to local render","invocations":1,"location":null,"numPassingAsserts":1,"retryReasons":[],"status":"passed","title":"surfaces supplier backend failure instead of falling back to local render"},{"ancestorTitles":["director.finance.pdfService"],"duration":19,"failureDetails":[],"failureMessages":[],"fullName":"director.finance.pdfService builds management PDF descriptor without screen-owned fallback wiring","invocations":1,"location":null,"numPassingAsserts":1,"retryReasons":[],"status":"passed","title":"builds management PDF descriptor without screen-owned fallback wiring"}],"endTime":1774934802315,"message":"","name":"C:\\dev\\rik-expo-app\\src\\screens\\director\\director.finance.pdfService.test.ts","startTime":1774934802046,"status":"passed","summary":""},{"assertionResults":[{"ancestorTitles":["pdfDocumentActions"],"duration":6,"failureDetails":[],"failureMessages":[],"fullName":"pdfDocumentActions prepares PDF output with typed execution source","invocations":1,"location":null,"numPassingAsserts":2,"retryReasons":[],"status":"passed","title":"prepares PDF output with typed execution source"},{"ancestorTitles":["pdfDocumentActions"],"duration":2,"failureDetails":[],"failureMessages":[],"fullName":"pdfDocumentActions navigates to the shared viewer route with a prepared session when router is provided","invocations":1,"location":null,"numPassingAsserts":2,"retryReasons":[],"status":"passed","title":"navigates to the shared viewer route with a prepared session when router is provided"},{"ancestorTitles":["pdfDocumentActions"],"duration":18,"failureDetails":[],"failureMessages":[],"fullName":"pdfDocumentActions Open fail is visible during direct preview fallback","invocations":1,"location":null,"numPassingAsserts":2,"retryReasons":[],"status":"passed","title":"Open fail is visible during direct preview fallback"},{"ancestorTitles":["pdfDocumentActions"],"duration":2,"failureDetails":[],"failureMessages":[],"fullName":"pdfDocumentActions routes mobile remote PDFs directly through the shared viewer contract without local session materialization","invocations":1,"location":null,"numPassingAsserts":3,"retryReasons":[],"status":"passed","title":"routes mobile remote PDFs directly through the shared viewer contract without local session materialization"}],"endTime":1774934802520,"message":"","name":"C:\\dev\\rik-expo-app\\src\\lib\\documents\\pdfDocumentActions.test.ts","startTime":1774934802364,"status":"passed","summary":""},{"assertionResults":[{"ancestorTitles":["directorPdfSource.service"],"duration":19,"failureDetails":[],"failureMessages":[],"fullName":"directorPdfSource.service loads Director finance PDF source from canonical rpc","invocations":1,"location":null,"numPassingAsserts":4,"retryReasons":[],"status":"passed","title":"loads Director finance PDF source from canonical rpc"},{"ancestorTitles":["directorPdfSource.service"],"duration":22,"failureDetails":[],"failureMessages":[],"fullName":"directorPdfSource.service surfaces source load failure for Director production PDF","invocations":1,"location":null,"numPassingAsserts":2,"retryReasons":[],"status":"passed","title":"surfaces source load failure for Director production PDF"}],"endTime":1774934802671,"message":"","name":"C:\\dev\\rik-expo-app\\src\\lib\\api\\directorPdfSource.service.test.ts","startTime":1774934802551,"status":"passed","summary":""},{"assertionResults":[{"ancestorTitles":["pdf_director exports"],"duration":25,"failureDetails":[],"failureMessages":[],"fullName":"pdf_director exports Director finance PDF works through source -> shaping -> render","invocations":1,"location":null,"numPassingAsserts":3,"retryReasons":[],"status":"passed","title":"Director finance PDF works through source -> shaping -> render"},{"ancestorTitles":["pdf_director exports"],"duration":3,"failureDetails":[],"failureMessages":[],"fullName":"pdf_director exports Director supplier summary PDF uses backend finance source contract without fallback args","invocations":1,"location":null,"numPassingAsserts":3,"retryReasons":[],"status":"passed","title":"Director supplier summary PDF uses backend finance source contract without fallback args"},{"ancestorTitles":["pdf_director exports"],"duration":3,"failureDetails":[],"failureMessages":[],"fullName":"pdf_director exports Director production PDF works through source -> shaping -> render","invocations":1,"location":null,"numPassingAsserts":3,"retryReasons":[],"status":"passed","title":"Director production PDF works through source -> shaping -> render"}],"endTime":1774934802806,"message":"","name":"C:\\dev\\rik-expo-app\\src\\lib\\api\\pdf_director.test.ts","startTime":1774934802691,"status":"passed","summary":""},{"assertionResults":[{"ancestorTitles":["director.reports.pdfService"],"duration":9,"failureDetails":[],"failureMessages":[],"fullName":"director.reports.pdfService uses backend source for production report without local fallback","invocations":1,"location":null,"numPassingAsserts":2,"retryReasons":[],"status":"passed","title":"uses backend source for production report without local fallback"},{"ancestorTitles":["director.reports.pdfService"],"duration":5,"failureDetails":[],"failureMessages":[],"fullName":"director.reports.pdfService surfaces production backend failure instead of falling back to client render","invocations":1,"location":null,"numPassingAsserts":1,"retryReasons":[],"status":"passed","title":"surfaces production backend failure instead of falling back to client render"},{"ancestorTitles":["director.reports.pdfService"],"duration":2,"failureDetails":[],"failureMessages":[],"fullName":"director.reports.pdfService uses backend source for subcontract report without local fallback","invocations":1,"location":null,"numPassingAsserts":2,"retryReasons":[],"status":"passed","title":"uses backend source for subcontract report without local fallback"}],"endTime":1774934802906,"message":"","name":"C:\\dev\\rik-expo-app\\src\\screens\\director\\director.reports.pdfService.test.ts","startTime":1774934802822,"status":"passed","summary":""},{"assertionResults":[{"ancestorTitles":["pdfViewerContract"],"duration":0,"failureDetails":[],"failureMessages":[],"fullName":"pdfViewerContract keeps embedded contract on web for remote-url PDFs","invocations":1,"location":null,"numPassingAsserts":1,"retryReasons":[],"status":"passed","title":"keeps embedded contract on web for remote-url PDFs"},{"ancestorTitles":["pdfViewerContract"],"duration":0,"failureDetails":[],"failureMessages":[],"fullName":"pdfViewerContract keeps the original signed URL as the web viewer canonical uri","invocations":1,"location":null,"numPassingAsserts":1,"retryReasons":[],"status":"passed","title":"keeps the original signed URL as the web viewer canonical uri"},{"ancestorTitles":["pdfViewerContract"],"duration":0,"failureDetails":[],"failureMessages":[],"fullName":"pdfViewerContract routes mobile local PDFs through native handoff instead of embedded webview","invocations":1,"location":null,"numPassingAsserts":1,"retryReasons":[],"status":"passed","title":"routes mobile local PDFs through native handoff instead of embedded webview"},{"ancestorTitles":["pdfViewerContract"],"duration":0,"failureDetails":[],"failureMessages":[],"fullName":"pdfViewerContract routes mobile remote PDFs through native handoff instead of embedded webview","invocations":1,"location":null,"numPassingAsserts":1,"retryReasons":[],"status":"passed","title":"routes mobile remote PDFs through native handoff instead of embedded webview"},{"ancestorTitles":["pdfViewerContract"],"duration":1,"failureDetails":[],"failureMessages":[],"fullName":"pdfViewerContract keeps iOS remote PDFs on the same native handoff contract as Android","invocations":1,"location":null,"numPassingAsserts":1,"retryReasons":[],"status":"passed","title":"keeps iOS remote PDFs on the same native handoff contract as Android"},{"ancestorTitles":["pdfViewerContract"],"duration":0,"failureDetails":[],"failureMessages":[],"fullName":"pdfViewerContract treats remote signed PDF URLs with query params as native handoff PDFs on mobile","invocations":1,"location":null,"numPassingAsserts":1,"retryReasons":[],"status":"passed","title":"treats remote signed PDF URLs with query params as native handoff PDFs on mobile"},{"ancestorTitles":["pdfViewerContract"],"duration":0,"failureDetails":[],"failureMessages":[],"fullName":"pdfViewerContract keeps viewer state loading for a valid mobile PDF handoff session","invocations":1,"location":null,"numPassingAsserts":1,"retryReasons":[],"status":"passed","title":"keeps viewer state loading for a valid mobile PDF handoff session"},{"ancestorTitles":["pdfViewerContract"],"duration":1,"failureDetails":[],"failureMessages":[],"fullName":"pdfViewerContract builds a direct viewer snapshot for guarded runtime smoke and deep-link recovery","invocations":1,"location":null,"numPassingAsserts":2,"retryReasons":[],"status":"passed","title":"builds a direct viewer snapshot for guarded runtime smoke and deep-link recovery"}],"endTime":1774934802991,"message":"","name":"C:\\dev\\rik-expo-app\\src\\lib\\pdf\\pdfViewerContract.test.ts","startTime":1774934802915,"status":"passed","summary":""},{"assertionResults":[{"ancestorTitles":["directorPdfRender.service"],"duration":13,"failureDetails":[],"failureMessages":[],"fullName":"directorPdfRender.service uses canonical edge render without client fallback","invocations":1,"location":null,"numPassingAsserts":4,"retryReasons":[],"status":"passed","title":"uses canonical edge render without client fallback"},{"ancestorTitles":["directorPdfRender.service"],"duration":9,"failureDetails":[],"failureMessages":[],"fullName":"directorPdfRender.service surfaces edge failure instead of falling back to client render","invocations":1,"location":null,"numPassingAsserts":1,"retryReasons":[],"status":"passed","title":"surfaces edge failure instead of falling back to client render"}],"endTime":1774934803150,"message":"","name":"C:\\dev\\rik-expo-app\\src\\lib\\api\\directorPdfRender.service.test.ts","startTime":1774934803005,"status":"passed","summary":""},{"assertionResults":[{"ancestorTitles":["directorPdfPlatformContract"],"duration":2,"failureDetails":[],"failureMessages":[],"fullName":"directorPdfPlatformContract returns CORS headers for preflight options","invocations":1,"location":null,"numPassingAsserts":4,"retryReasons":[],"status":"passed","title":"returns CORS headers for preflight options"},{"ancestorTitles":["directorPdfPlatformContract"],"duration":2,"failureDetails":[],"failureMessages":[],"fullName":"directorPdfPlatformContract keeps CORS headers on error responses","invocations":1,"location":null,"numPassingAsserts":4,"retryReasons":[],"status":"passed","title":"keeps CORS headers on error responses"},{"ancestorTitles":["directorPdfPlatformContract"],"duration":0,"failureDetails":[],"failureMessages":[],"fullName":"directorPdfPlatformContract normalizes a success payload with stable remote-url contract","invocations":1,"location":null,"numPassingAsserts":1,"retryReasons":[],"status":"passed","title":"normalizes a success payload with stable remote-url contract"},{"ancestorTitles":["directorPdfPlatformContract"],"duration":0,"failureDetails":[],"failureMessages":[],"fullName":"directorPdfPlatformContract extracts typed server error payload","invocations":1,"location":null,"numPassingAsserts":1,"retryReasons":[],"status":"passed","title":"extracts typed server error payload"},{"ancestorTitles":["directorPdfPlatformContract"],"duration":0,"failureDetails":[],"failureMessages":[],"fullName":"directorPdfPlatformContract classifies web fetch failure as cors preflight failure","invocations":1,"location":null,"numPassingAsserts":1,"retryReasons":[],"status":"passed","title":"classifies web fetch failure as cors preflight failure"},{"ancestorTitles":["directorPdfPlatformContract"],"duration":0,"failureDetails":[],"failureMessages":[],"fullName":"directorPdfPlatformContract classifies server auth failure distinctly","invocations":1,"location":null,"numPassingAsserts":1,"retryReasons":[],"status":"passed","title":"classifies server auth failure distinctly"},{"ancestorTitles":["directorPdfPlatformContract"],"duration":1,"failureDetails":[],"failureMessages":[],"fullName":"directorPdfPlatformContract classifies backend render failure distinctly","invocations":1,"location":null,"numPassingAsserts":1,"retryReasons":[],"status":"passed","title":"classifies backend render failure distinctly"}],"endTime":1774934803243,"message":"","name":"C:\\dev\\rik-expo-app\\src\\lib\\pdf\\directorPdfPlatformContract.test.ts","startTime":1774934803167,"status":"passed","summary":""}],"wasInterrupted":false}
