{"numFailedTestSuites":0,"numFailedTests":0,"numPassedTestSuites":2,"numPassedTests":4,"numPendingTestSuites":0,"numPendingTests":0,"numRuntimeErrorTestSuites":0,"numTodoTests":0,"numTotalTestSuites":2,"numTotalTests":4,"openHandles":[],"snapshot":{"added":0,"didUpdate":false,"failure":false,"filesAdded":0,"filesRemoved":0,"filesRemovedList":[],"filesUnmatched":0,"filesUpdated":0,"matched":0,"total":0,"unchecked":0,"uncheckedKeysByFile":[],"unmatched":0,"updated":0},"startTime":1774892507663,"success":true,"testResults":[{"assertionResults":[{"ancestorTitles":["director_reports identity solidification"],"duration":8,"failureDetails":[],"failureMessages":[],"fullName":"director_reports identity solidification matches by stable object key before falling back to canonical name","invocations":1,"location":null,"numPassingAsserts":2,"retryReasons":[],"status":"passed","title":"matches by stable object key before falling back to canonical name"},{"ancestorTitles":["director_reports identity solidification"],"duration":0,"failureDetails":[],"failureMessages":[],"fullName":"director_reports identity solidification prefers request identity projection over legacy request display fields","invocations":1,"location":null,"numPassingAsserts":2,"retryReasons":[],"status":"passed","title":"prefers request identity projection over legacy request display fields"}],"endTime":1774892508209,"message":"","name":"C:\\dev\\rik-expo-app\\src\\lib\\api\\director_reports.identity.test.ts","startTime":1774892507754,"status":"passed","summary":""},{"assertionResults":[{"ancestorTitles":["constructionObjectIdentity.read"],"duration":1,"failureDetails":[],"failureMessages":[],"fullName":"constructionObjectIdentity.read loads exact construction object codes by display name","invocations":1,"location":null,"numPassingAsserts":1,"retryReasons":[],"status":"passed","title":"loads exact construction object codes by display name"},{"ancestorTitles":["constructionObjectIdentity.read"],"duration":1,"failureDetails":[],"failureMessages":[],"fullName":"constructionObjectIdentity.read loads request object identity projection rows","invocations":1,"location":null,"numPassingAsserts":1,"retryReasons":[],"status":"passed","title":"loads request object identity projection rows"}],"endTime":1774892508298,"message":"","name":"C:\\dev\\rik-expo-app\\src\\lib\\api\\constructionObjectIdentity.read.test.ts","startTime":1774892508233,"status":"passed","summary":""}],"wasInterrupted":false}
