{"numFailedTestSuites":0,"numFailedTests":0,"numPassedTestSuites":5,"numPassedTests":7,"numPendingTestSuites":0,"numPendingTests":0,"numRuntimeErrorTestSuites":0,"numTodoTests":0,"numTotalTestSuites":5,"numTotalTests":7,"openHandles":[],"snapshot":{"added":0,"didUpdate":false,"failure":false,"filesAdded":0,"filesRemoved":0,"filesRemovedList":[],"filesUnmatched":0,"filesUpdated":0,"matched":0,"total":0,"unchecked":0,"uncheckedKeysByFile":[],"unmatched":0,"updated":0},"startTime":1774833560581,"success":true,"testResults":[{"assertionResults":[{"ancestorTitles":["CardModal"],"duration":477,"failureDetails":[],"failureMessages":[],"fullName":"CardModal keeps close, backdrop and keyboard discipline stable","invocations":1,"location":null,"numPassingAsserts":9,"retryReasons":[],"status":"passed","title":"keeps close, backdrop and keyboard discipline stable"}],"endTime":1774833562154,"message":"","name":"C:\\dev\\rik-expo-app\\src\\screens\\accountant\\components\\CardModal.test.tsx","startTime":1774833560743,"status":"passed","summary":""},{"assertionResults":[{"ancestorTitles":["Foreman modal stability"],"duration":16,"failureDetails":[],"failureMessages":[],"fullName":"Foreman modal stability keeps draft modal close and list interaction contract stable","invocations":1,"location":null,"numPassingAsserts":5,"retryReasons":[],"status":"passed","title":"keeps draft modal close and list interaction contract stable"},{"ancestorTitles":["Foreman modal stability"],"duration":33,"failureDetails":[],"failureMessages":[],"fullName":"Foreman modal stability keeps history modal backdrop semantics stable between list and details modes","invocations":1,"location":null,"numPassingAsserts":3,"retryReasons":[],"status":"passed","title":"keeps history modal backdrop semantics stable between list and details modes"},{"ancestorTitles":["Foreman modal stability"],"duration":19,"failureDetails":[],"failureMessages":[],"fullName":"Foreman modal stability keeps subcontract history modal list/details close contract stable","invocations":1,"location":null,"numPassingAsserts":4,"retryReasons":[],"status":"passed","title":"keeps subcontract history modal list/details close contract stable"}],"endTime":1774833562516,"message":"","name":"C:\\dev\\rik-expo-app\\src\\screens\\foreman\\ForemanModal.stability.test.tsx","startTime":1774833562212,"status":"passed","summary":""},{"assertionResults":[{"ancestorTitles":["DirectorFinanceCardModal"],"duration":41,"failureDetails":[],"failureMessages":[],"fullName":"DirectorFinanceCardModal keeps close, overlay and backdrop discipline stable","invocations":1,"location":null,"numPassingAsserts":8,"retryReasons":[],"status":"passed","title":"keeps close, overlay and backdrop discipline stable"}],"endTime":1774833562720,"message":"","name":"C:\\dev\\rik-expo-app\\src\\screens\\director\\DirectorFinanceCardModal.test.tsx","startTime":1774833562531,"status":"passed","summary":""},{"assertionResults":[{"ancestorTitles":["WarehouseSheet"],"duration":4,"failureDetails":[],"failureMessages":[],"fullName":"WarehouseSheet keeps native modal compatibility props stable","invocations":1,"location":null,"numPassingAsserts":5,"retryReasons":[],"status":"passed","title":"keeps native modal compatibility props stable"}],"endTime":1774833562915,"message":"","name":"C:\\dev\\rik-expo-app\\src\\screens\\warehouse\\components\\WarehouseSheet.test.tsx","startTime":1774833562736,"status":"passed","summary":""},{"assertionResults":[{"ancestorTitles":["BuyerSheetShell"],"duration":22,"failureDetails":[],"failureMessages":[],"fullName":"BuyerSheetShell keeps native modal open/close and backdrop contract stable","invocations":1,"location":null,"numPassingAsserts":6,"retryReasons":[],"status":"passed","title":"keeps native modal open/close and backdrop contract stable"}],"endTime":1774833563099,"message":"","name":"C:\\dev\\rik-expo-app\\src\\screens\\buyer\\components\\BuyerSheetShell.test.tsx","startTime":1774833562932,"status":"passed","summary":""}],"wasInterrupted":false}
