{"numFailedTestSuites":0,"numFailedTests":0,"numPassedTestSuites":7,"numPassedTests":15,"numPendingTestSuites":0,"numPendingTests":0,"numRuntimeErrorTestSuites":0,"numTodoTests":0,"numTotalTestSuites":7,"numTotalTests":15,"openHandles":[],"snapshot":{"added":0,"didUpdate":false,"failure":false,"filesAdded":0,"filesRemoved":0,"filesRemovedList":[],"filesUnmatched":0,"filesUpdated":0,"matched":0,"total":0,"unchecked":0,"uncheckedKeysByFile":[],"unmatched":0,"updated":0},"startTime":1774839779528,"success":true,"testResults":[{"assertionResults":[{"ancestorTitles":["pdf.runner lifecycle"],"duration":9,"failureDetails":[],"failureMessages":[],"fullName":"pdf.runner lifecycle renders PDF HTML into a typed source","invocations":1,"location":null,"numPassingAsserts":2,"retryReasons":[],"status":"passed","title":"renders PDF HTML into a typed source"},{"ancestorTitles":["pdf.runner lifecycle"],"duration":7,"failureDetails":[],"failureMessages":[],"fullName":"pdf.runner lifecycle Render fail is visible during HTML PDF render","invocations":1,"location":null,"numPassingAsserts":2,"retryReasons":[],"status":"passed","title":"Render fail is visible during HTML PDF render"}],"endTime":1774839780338,"message":"","name":"C:\\dev\\rik-expo-app\\src\\lib\\pdf\\pdf.runner.test.ts","startTime":1774839779625,"status":"passed","summary":""},{"assertionResults":[{"ancestorTitles":["paymentPdf.service rpc-only boundary"],"duration":17,"failureDetails":[],"failureMessages":[],"fullName":"paymentPdf.service rpc-only boundary loads payment PDF source from canonical rpc only","invocations":1,"location":null,"numPassingAsserts":8,"retryReasons":[],"status":"passed","title":"loads payment PDF source from canonical rpc only"},{"ancestorTitles":["paymentPdf.service rpc-only boundary"],"duration":21,"failureDetails":[],"failureMessages":[],"fullName":"paymentPdf.service rpc-only boundary hard-fails and stays rpc-only when canonical rpc errors","invocations":1,"location":null,"numPassingAsserts":5,"retryReasons":[],"status":"passed","title":"hard-fails and stays rpc-only when canonical rpc errors"},{"ancestorTitles":["paymentPdf.service rpc-only boundary"],"duration":8,"failureDetails":[],"failureMessages":[],"fullName":"paymentPdf.service rpc-only boundary rejects force_off mode because legacy fallback branches were removed","invocations":1,"location":null,"numPassingAsserts":3,"retryReasons":[],"status":"passed","title":"rejects force_off mode because legacy fallback branches were removed"}],"endTime":1774839780509,"message":"","name":"C:\\dev\\rik-expo-app\\src\\lib\\api\\paymentPdf.service.test.ts","startTime":1774839780381,"status":"passed","summary":""},{"assertionResults":[{"ancestorTitles":["pdf_director exports"],"duration":24,"failureDetails":[],"failureMessages":[],"fullName":"pdf_director exports Director finance PDF works through source -> shaping -> render","invocations":1,"location":null,"numPassingAsserts":3,"retryReasons":[],"status":"passed","title":"Director finance PDF works through source -> shaping -> render"},{"ancestorTitles":["pdf_director exports"],"duration":5,"failureDetails":[],"failureMessages":[],"fullName":"pdf_director exports Director supplier summary PDF uses backend finance source contract without fallback args","invocations":1,"location":null,"numPassingAsserts":3,"retryReasons":[],"status":"passed","title":"Director supplier summary PDF uses backend finance source contract without fallback args"},{"ancestorTitles":["pdf_director exports"],"duration":3,"failureDetails":[],"failureMessages":[],"fullName":"pdf_director exports Director production PDF works through source -> shaping -> render","invocations":1,"location":null,"numPassingAsserts":3,"retryReasons":[],"status":"passed","title":"Director production PDF works through source -> shaping -> render"}],"endTime":1774839780620,"message":"","name":"C:\\dev\\rik-expo-app\\src\\lib\\api\\pdf_director.test.ts","startTime":1774839780518,"status":"passed","summary":""},{"assertionResults":[{"ancestorTitles":["pdfDocumentActions"],"duration":1,"failureDetails":[],"failureMessages":[],"fullName":"pdfDocumentActions prepares PDF output with typed execution source","invocations":1,"location":null,"numPassingAsserts":2,"retryReasons":[],"status":"passed","title":"prepares PDF output with typed execution source"},{"ancestorTitles":["pdfDocumentActions"],"duration":19,"failureDetails":[],"failureMessages":[],"fullName":"pdfDocumentActions Open fail is visible during direct preview fallback","invocations":1,"location":null,"numPassingAsserts":2,"retryReasons":[],"status":"passed","title":"Open fail is visible during direct preview fallback"}],"endTime":1774839780733,"message":"","name":"C:\\dev\\rik-expo-app\\src\\lib\\documents\\pdfDocumentActions.test.ts","startTime":1774839780631,"status":"passed","summary":""},{"assertionResults":[{"ancestorTitles":["directorPdfSource.service"],"duration":16,"failureDetails":[],"failureMessages":[],"fullName":"directorPdfSource.service loads Director finance PDF source from canonical rpc","invocations":1,"location":null,"numPassingAsserts":4,"retryReasons":[],"status":"passed","title":"loads Director finance PDF source from canonical rpc"},{"ancestorTitles":["directorPdfSource.service"],"duration":22,"failureDetails":[],"failureMessages":[],"fullName":"directorPdfSource.service surfaces source load failure for Director production PDF","invocations":1,"location":null,"numPassingAsserts":2,"retryReasons":[],"status":"passed","title":"surfaces source load failure for Director production PDF"}],"endTime":1774839780868,"message":"","name":"C:\\dev\\rik-expo-app\\src\\lib\\api\\directorPdfSource.service.test.ts","startTime":1774839780755,"status":"passed","summary":""},{"assertionResults":[{"ancestorTitles":["pdfViewerContract"],"duration":1,"failureDetails":[],"failureMessages":[],"fullName":"pdfViewerContract Viewer opens remote-url through the embedded contract","invocations":1,"location":null,"numPassingAsserts":1,"retryReasons":[],"status":"passed","title":"Viewer opens remote-url through the embedded contract"},{"ancestorTitles":["pdfViewerContract"],"duration":2,"failureDetails":[],"failureMessages":[],"fullName":"pdfViewerContract keeps viewer state loading for a valid remote PDF session","invocations":1,"location":null,"numPassingAsserts":1,"retryReasons":[],"status":"passed","title":"keeps viewer state loading for a valid remote PDF session"}],"endTime":1774839780960,"message":"","name":"C:\\dev\\rik-expo-app\\src\\lib\\pdf\\pdfViewerContract.test.ts","startTime":1774839780881,"status":"passed","summary":""},{"assertionResults":[{"ancestorTitles":["runPdfTop"],"duration":2,"failureDetails":[],"failureMessages":[],"fullName":"runPdfTop does not fail silently when popup open is blocked on web","invocations":1,"location":null,"numPassingAsserts":3,"retryReasons":[],"status":"passed","title":"does not fail silently when popup open is blocked on web"}],"endTime":1774839781072,"message":"","name":"C:\\dev\\rik-expo-app\\src\\lib\\pdfRunner.silentCatch.test.ts","startTime":1774839780974,"status":"passed","summary":""}],"wasInterrupted":false}
