{"numFailedTestSuites":0,"numFailedTests":0,"numPassedTestSuites":4,"numPassedTests":19,"numPendingTestSuites":0,"numPendingTests":0,"numRuntimeErrorTestSuites":0,"numTodoTests":0,"numTotalTestSuites":4,"numTotalTests":19,"openHandles":[],"snapshot":{"added":0,"didUpdate":false,"failure":false,"filesAdded":0,"filesRemoved":0,"filesRemovedList":[],"filesUnmatched":0,"filesUpdated":0,"matched":0,"total":0,"unchecked":0,"uncheckedKeysByFile":[],"unmatched":0,"updated":0},"startTime":1774880847147,"success":true,"testResults":[{"assertionResults":[{"ancestorTitles":["pdfRunner native open"],"duration":159,"failureDetails":[],"failureMessages":[],"fullName":"pdfRunner native open opens a local file PDF through Android content uri handoff","invocations":1,"location":null,"numPassingAsserts":3,"retryReasons":[],"status":"passed","title":"opens a local file PDF through Android content uri handoff"},{"ancestorTitles":["pdfRunner native open"],"duration":6,"failureDetails":[],"failureMessages":[],"fullName":"pdfRunner native open opens a remote PDF through the Android remote URL boundary","invocations":1,"location":null,"numPassingAsserts":4,"retryReasons":[],"status":"passed","title":"opens a remote PDF through the Android remote URL boundary"},{"ancestorTitles":["pdfRunner native open"],"duration":2,"failureDetails":[],"failureMessages":[],"fullName":"pdfRunner native open keeps backend remote PDF URLs intact for mobile preview preparation","invocations":1,"location":null,"numPassingAsserts":3,"retryReasons":[],"status":"passed","title":"keeps backend remote PDF URLs intact for mobile preview preparation"},{"ancestorTitles":["pdfRunner native open"],"duration":2,"failureDetails":[],"failureMessages":[],"fullName":"pdfRunner native open opens a remote PDF externally through the Android remote URL boundary","invocations":1,"location":null,"numPassingAsserts":4,"retryReasons":[],"status":"passed","title":"opens a remote PDF externally through the Android remote URL boundary"},{"ancestorTitles":["pdfRunner native open"],"duration":3,"failureDetails":[],"failureMessages":[],"fullName":"pdfRunner native open opens a local PDF externally through Android content uri handoff","invocations":1,"location":null,"numPassingAsserts":2,"retryReasons":[],"status":"passed","title":"opens a local PDF externally through Android content uri handoff"},{"ancestorTitles":["pdfRunner native open"],"duration":40,"failureDetails":[],"failureMessages":[],"fullName":"pdfRunner native open fails in a controlled way for blob/data PDF sources on native","invocations":1,"location":null,"numPassingAsserts":2,"retryReasons":[],"status":"passed","title":"fails in a controlled way for blob/data PDF sources on native"}],"endTime":1774880848747,"message":"","name":"C:\\dev\\rik-expo-app\\src\\lib\\pdfRunner.nativeOpen.test.ts","startTime":1774880847400,"status":"passed","summary":""},{"assertionResults":[{"ancestorTitles":["pdfDocumentActions"],"duration":6,"failureDetails":[],"failureMessages":[],"fullName":"pdfDocumentActions prepares PDF output with typed execution source","invocations":1,"location":null,"numPassingAsserts":2,"retryReasons":[],"status":"passed","title":"prepares PDF output with typed execution source"},{"ancestorTitles":["pdfDocumentActions"],"duration":3,"failureDetails":[],"failureMessages":[],"fullName":"pdfDocumentActions navigates to the shared viewer route with a prepared session when router is provided","invocations":1,"location":null,"numPassingAsserts":2,"retryReasons":[],"status":"passed","title":"navigates to the shared viewer route with a prepared session when router is provided"},{"ancestorTitles":["pdfDocumentActions"],"duration":21,"failureDetails":[],"failureMessages":[],"fullName":"pdfDocumentActions Open fail is visible during direct preview fallback","invocations":1,"location":null,"numPassingAsserts":2,"retryReasons":[],"status":"passed","title":"Open fail is visible during direct preview fallback"},{"ancestorTitles":["pdfDocumentActions"],"duration":2,"failureDetails":[],"failureMessages":[],"fullName":"pdfDocumentActions routes mobile remote PDFs directly through the shared viewer contract without local session materialization","invocations":1,"location":null,"numPassingAsserts":3,"retryReasons":[],"status":"passed","title":"routes mobile remote PDFs directly through the shared viewer contract without local session materialization"}],"endTime":1774880849101,"message":"","name":"C:\\dev\\rik-expo-app\\src\\lib\\documents\\pdfDocumentActions.test.ts","startTime":1774880848824,"status":"passed","summary":""},{"assertionResults":[{"ancestorTitles":["attachmentOpener"],"duration":2,"failureDetails":[],"failureMessages":[],"fullName":"attachmentOpener opens a local attachment PDF through Android content uri handoff","invocations":1,"location":null,"numPassingAsserts":4,"retryReasons":[],"status":"passed","title":"opens a local attachment PDF through Android content uri handoff"},{"ancestorTitles":["attachmentOpener"],"duration":2,"failureDetails":[],"failureMessages":[],"fullName":"attachmentOpener opens a remote attachment PDF through the Android remote URL boundary","invocations":1,"location":null,"numPassingAsserts":4,"retryReasons":[],"status":"passed","title":"opens a remote attachment PDF through the Android remote URL boundary"},{"ancestorTitles":["attachmentOpener"],"duration":13,"failureDetails":[],"failureMessages":[],"fullName":"attachmentOpener fails in a controlled way for blob/data attachment sources on native","invocations":1,"location":null,"numPassingAsserts":3,"retryReasons":[],"status":"passed","title":"fails in a controlled way for blob/data attachment sources on native"}],"endTime":1774880849281,"message":"","name":"C:\\dev\\rik-expo-app\\src\\lib\\documents\\attachmentOpener.test.ts","startTime":1774880849148,"status":"passed","summary":""},{"assertionResults":[{"ancestorTitles":["pdfViewerContract"],"duration":1,"failureDetails":[],"failureMessages":[],"fullName":"pdfViewerContract keeps embedded contract on web for remote-url PDFs","invocations":1,"location":null,"numPassingAsserts":1,"retryReasons":[],"status":"passed","title":"keeps embedded contract on web for remote-url PDFs"},{"ancestorTitles":["pdfViewerContract"],"duration":1,"failureDetails":[],"failureMessages":[],"fullName":"pdfViewerContract routes mobile local PDFs through native handoff instead of embedded webview","invocations":1,"location":null,"numPassingAsserts":1,"retryReasons":[],"status":"passed","title":"routes mobile local PDFs through native handoff instead of embedded webview"},{"ancestorTitles":["pdfViewerContract"],"duration":0,"failureDetails":[],"failureMessages":[],"fullName":"pdfViewerContract routes mobile remote PDFs through native handoff instead of embedded webview","invocations":1,"location":null,"numPassingAsserts":1,"retryReasons":[],"status":"passed","title":"routes mobile remote PDFs through native handoff instead of embedded webview"},{"ancestorTitles":["pdfViewerContract"],"duration":0,"failureDetails":[],"failureMessages":[],"fullName":"pdfViewerContract treats remote signed PDF URLs with query params as native handoff PDFs on mobile","invocations":1,"location":null,"numPassingAsserts":1,"retryReasons":[],"status":"passed","title":"treats remote signed PDF URLs with query params as native handoff PDFs on mobile"},{"ancestorTitles":["pdfViewerContract"],"duration":5,"failureDetails":[],"failureMessages":[],"fullName":"pdfViewerContract keeps viewer state loading for a valid mobile PDF handoff session","invocations":1,"location":null,"numPassingAsserts":1,"retryReasons":[],"status":"passed","title":"keeps viewer state loading for a valid mobile PDF handoff session"},{"ancestorTitles":["pdfViewerContract"],"duration":1,"failureDetails":[],"failureMessages":[],"fullName":"pdfViewerContract builds a direct viewer snapshot for guarded runtime smoke and deep-link recovery","invocations":1,"location":null,"numPassingAsserts":2,"retryReasons":[],"status":"passed","title":"builds a direct viewer snapshot for guarded runtime smoke and deep-link recovery"}],"endTime":1774880849416,"message":"","name":"C:\\dev\\rik-expo-app\\src\\lib\\pdf\\pdfViewerContract.test.ts","startTime":1774880849295,"status":"passed","summary":""}],"wasInterrupted":false}
