{"numFailedTestSuites":0,"numFailedTests":0,"numPassedTestSuites":2,"numPassedTests":6,"numPendingTestSuites":0,"numPendingTests":0,"numRuntimeErrorTestSuites":0,"numTodoTests":0,"numTotalTestSuites":2,"numTotalTests":6,"openHandles":[],"snapshot":{"added":0,"didUpdate":false,"failure":false,"filesAdded":0,"filesRemoved":0,"filesRemovedList":[],"filesUnmatched":0,"filesUpdated":0,"matched":0,"total":0,"unchecked":0,"uncheckedKeysByFile":[],"unmatched":0,"updated":0},"startTime":1774887379280,"success":true,"testResults":[{"assertionResults":[{"ancestorTitles":["catalog proposal atomic boundary"],"duration":4,"failureDetails":[],"failureMessages":[],"fullName":"catalog proposal atomic boundary uses only rpc_proposal_submit_v3 for the primary create+submit path","invocations":1,"location":null,"numPassingAsserts":4,"retryReasons":[],"status":"passed","title":"uses only rpc_proposal_submit_v3 for the primary create+submit path"},{"ancestorTitles":["catalog proposal atomic boundary"],"duration":0,"failureDetails":[],"failureMessages":[],"fullName":"catalog proposal atomic boundary preserves compatibility on idempotent replay and fills supplier/request_item fallback from input bucket","invocations":1,"location":null,"numPassingAsserts":3,"retryReasons":[],"status":"passed","title":"preserves compatibility on idempotent replay and fills supplier/request_item fallback from input bucket"}],"endTime":1774887379954,"message":"","name":"C:\\dev\\rik-expo-app\\src\\lib\\catalog\\catalog.proposalCreation.service.atomicBoundary.test.ts","startTime":1774887379382,"status":"passed","summary":""},{"assertionResults":[{"ancestorTitles":["buyer submit mutation owner"],"duration":4,"failureDetails":[],"failureMessages":[],"fullName":"buyer submit mutation owner keeps submit happy path inside the submit owner","invocations":1,"location":null,"numPassingAsserts":10,"retryReasons":[],"status":"passed","title":"keeps submit happy path inside the submit owner"},{"ancestorTitles":["buyer submit mutation owner"],"duration":2,"failureDetails":[],"failureMessages":[],"fullName":"buyer submit mutation owner surfaces the exact submit failure stage when director visibility breaks","invocations":1,"location":null,"numPassingAsserts":4,"retryReasons":[],"status":"passed","title":"surfaces the exact submit failure stage when director visibility breaks"},{"ancestorTitles":["buyer submit mutation owner"],"duration":1,"failureDetails":[],"failureMessages":[],"fullName":"buyer submit mutation owner publishes partial success when post-submit status sync degrades","invocations":1,"location":null,"numPassingAsserts":4,"retryReasons":[],"status":"passed","title":"publishes partial success when post-submit status sync degrades"},{"ancestorTitles":["buyer submit mutation owner"],"duration":1,"failureDetails":[],"failureMessages":[],"fullName":"buyer submit mutation owner does not start attachment continuation when canonical proposal commit fails","invocations":1,"location":null,"numPassingAsserts":5,"retryReasons":[],"status":"passed","title":"does not start attachment continuation when canonical proposal commit fails"}],"endTime":1774887380325,"message":"","name":"C:\\dev\\rik-expo-app\\src\\screens\\buyer\\buyer.submit.mutation.test.ts","startTime":1774887379981,"status":"passed","summary":""}],"wasInterrupted":false}
