{"numFailedTestSuites":0,"numFailedTests":0,"numPassedTestSuites":5,"numPassedTests":16,"numPendingTestSuites":0,"numPendingTests":0,"numRuntimeErrorTestSuites":0,"numTodoTests":0,"numTotalTestSuites":5,"numTotalTests":16,"openHandles":[],"snapshot":{"added":0,"didUpdate":false,"failure":false,"filesAdded":0,"filesRemoved":0,"filesRemovedList":[],"filesUnmatched":0,"filesUpdated":0,"matched":0,"total":0,"unchecked":0,"uncheckedKeysByFile":[],"unmatched":0,"updated":0},"startTime":1774967376924,"success":true,"testResults":[{"assertionResults":[{"ancestorTitles":["ProfilePrimitives"],"duration":82,"failureDetails":[],"failureMessages":[],"fullName":"ProfilePrimitives renders menu row and row item without crashing","invocations":1,"location":null,"numPassingAsserts":2,"retryReasons":[],"status":"passed","title":"renders menu row and row item without crashing"},{"ancestorTitles":["ProfilePrimitives"],"duration":30,"failureDetails":[],"failureMessages":[],"fullName":"ProfilePrimitives renders labeled input with provided value","invocations":1,"location":null,"numPassingAsserts":1,"retryReasons":[],"status":"passed","title":"renders labeled input with provided value"}],"endTime":1774967378163,"message":"","name":"C:\\dev\\rik-expo-app\\src\\screens\\profile\\components\\ProfilePrimitives.test.tsx","startTime":1774967377052,"status":"passed","summary":""},{"assertionResults":[{"ancestorTitles":["mutationWorker contract"],"duration":10,"failureDetails":[],"failureMessages":[],"fullName":"mutationWorker contract turns retryable sync failures into retry_scheduled queue state","invocations":1,"location":null,"numPassingAsserts":6,"retryReasons":[],"status":"passed","title":"turns retryable sync failures into retry_scheduled queue state"},{"ancestorTitles":["mutationWorker contract"],"duration":3,"failureDetails":[],"failureMessages":[],"fullName":"mutationWorker contract turns exhausted retries into failed_non_retryable terminal state","invocations":1,"location":null,"numPassingAsserts":4,"retryReasons":[],"status":"passed","title":"turns exhausted retries into failed_non_retryable terminal state"},{"ancestorTitles":["mutationWorker contract"],"duration":3,"failureDetails":[],"failureMessages":[],"fullName":"mutationWorker contract turns stale/conflict failures into conflicted queue state","invocations":1,"location":null,"numPassingAsserts":5,"retryReasons":[],"status":"passed","title":"turns stale/conflict failures into conflicted queue state"},{"ancestorTitles":["mutationWorker contract"],"duration":4,"failureDetails":[],"failureMessages":[],"fullName":"mutationWorker contract restores stuck processing mutations before retrying them through the worker","invocations":1,"location":null,"numPassingAsserts":4,"retryReasons":[],"status":"passed","title":"restores stuck processing mutations before retrying them through the worker"},{"ancestorTitles":["mutationWorker contract"],"duration":2,"failureDetails":[],"failureMessages":[],"fullName":"mutationWorker contract removes completed mutations from active processing and does not reprocess them on the next flush","invocations":1,"location":null,"numPassingAsserts":5,"retryReasons":[],"status":"passed","title":"removes completed mutations from active processing and does not reprocess them on the next flush"}],"endTime":1774967378343,"message":"","name":"C:\\dev\\rik-expo-app\\src\\lib\\offline\\mutationWorker.contract.test.ts","startTime":1774967378198,"status":"passed","summary":""},{"assertionResults":[{"ancestorTitles":["profile.services"],"duration":1,"failureDetails":[],"failureMessages":[],"fullName":"profile.services buildCompanyPayload trims values and falls back to company name","invocations":1,"location":null,"numPassingAsserts":1,"retryReasons":[],"status":"passed","title":"buildCompanyPayload trims values and falls back to company name"},{"ancestorTitles":["profile.services"],"duration":0,"failureDetails":[],"failureMessages":[],"fullName":"profile.services buildProfileModeFromCompany preserves person/company semantics","invocations":1,"location":null,"numPassingAsserts":2,"retryReasons":[],"status":"passed","title":"buildProfileModeFromCompany preserves person/company semantics"}],"endTime":1774967378549,"message":"","name":"C:\\dev\\rik-expo-app\\src\\screens\\profile\\profile.services.test.ts","startTime":1774967378377,"status":"passed","summary":""},{"assertionResults":[{"ancestorTitles":["useProfileDerivedState"],"duration":5,"failureDetails":[],"failureMessages":[],"fullName":"useProfileDerivedState derives stable profile completion, company labels and assistant prompt","invocations":1,"location":null,"numPassingAsserts":8,"retryReasons":[],"status":"passed","title":"derives stable profile completion, company labels and assistant prompt"}],"endTime":1774967378650,"message":"","name":"C:\\dev\\rik-expo-app\\src\\screens\\profile\\hooks\\useProfileDerivedState.test.tsx","startTime":1774967378568,"status":"passed","summary":""},{"assertionResults":[{"ancestorTitles":["mutationQueue contract"],"duration":2,"failureDetails":[],"failureMessages":[],"fullName":"mutationQueue contract collapses exact duplicate mutations by dedupeKey and keeps the latest payload intent","invocations":1,"location":null,"numPassingAsserts":4,"retryReasons":[],"status":"passed","title":"collapses exact duplicate mutations by dedupeKey and keeps the latest payload intent"},{"ancestorTitles":["mutationQueue contract"],"duration":1,"failureDetails":[],"failureMessages":[],"fullName":"mutationQueue contract coalesces compatible pending mutations into a single queued intent","invocations":1,"location":null,"numPassingAsserts":2,"retryReasons":[],"status":"passed","title":"coalesces compatible pending mutations into a single queued intent"},{"ancestorTitles":["mutationQueue contract"],"duration":2,"failureDetails":[],"failureMessages":[],"fullName":"mutationQueue contract lets a terminal mutation absorb obsolete pending draft intent without losing the last valid action","invocations":1,"location":null,"numPassingAsserts":2,"retryReasons":[],"status":"passed","title":"lets a terminal mutation absorb obsolete pending draft intent without losing the last valid action"},{"ancestorTitles":["mutationQueue contract"],"duration":1,"failureDetails":[],"failureMessages":[],"fullName":"mutationQueue contract restores stuck inflight mutations back to queued and emits recovery telemetry","invocations":1,"location":null,"numPassingAsserts":2,"retryReasons":[],"status":"passed","title":"restores stuck inflight mutations back to queued and emits recovery telemetry"},{"ancestorTitles":["mutationQueue contract"],"duration":1,"failureDetails":[],"failureMessages":[],"fullName":"mutationQueue contract respects retry scheduling but lets network_back recover network-unreachable retries immediately","invocations":1,"location":null,"numPassingAsserts":2,"retryReasons":[],"status":"passed","title":"respects retry scheduling but lets network_back recover network-unreachable retries immediately"},{"ancestorTitles":["mutationQueue contract"],"duration":2,"failureDetails":[],"failureMessages":[],"fullName":"mutationQueue contract prunes terminal history to the newest 20 entries without corrupting active queue truth","invocations":1,"location":null,"numPassingAsserts":4,"retryReasons":[],"status":"passed","title":"prunes terminal history to the newest 20 entries without corrupting active queue truth"}],"endTime":1774967378739,"message":"","name":"C:\\dev\\rik-expo-app\\src\\lib\\offline\\mutationQueue.contract.test.ts","startTime":1774967378660,"status":"passed","summary":""}],"wasInterrupted":false,"coverageMap":{"C:\\dev\\rik-expo-app\\src\\screens\\profile\\components\\ProfilePrimitives.tsx":{"path":"C:\\dev\\rik-expo-app\\src\\screens\\profile\\components\\ProfilePrimitives.tsx","statementMap":{"0":{"start":{"line":18,"column":2},"end":{"line":45,"column":4}},"1":{"start":{"line":49,"column":2},"end":{"line":54,"column":4}},"2":{"start":{"line":69,"column":32},"end":{"line":69,"column":47}},"3":{"start":{"line":71,"column":2},"end":{"line":97,"column":4}},"4":{"start":{"line":88,"column":10},"end":{"line":88,"column":79}},"5":{"start":{"line":89,"column":10},"end":{"line":89,"column":27}},"6":{"start":{"line":92,"column":10},"end":{"line":92,"column":79}},"7":{"start":{"line":93,"column":10},"end":{"line":93,"column":28}},"8":{"start":{"line":100,"column":28},"end":{"line":103,"column":1}},"9":{"start":{"line":105,"column":29},"end":{"line":107,"column":1}},"10":{"start":{"line":109,"column":33},"end":{"line":111,"column":1}},"11":{"start":{"line":113,"column":40},"end":{"line":115,"column":1}},"12":{"start":{"line":117,"column":40},"end":{"line":119,"column":1}},"13":{"start":{"line":121,"column":32},"end":{"line":124,"column":1}},"14":{"start":{"line":126,"column":31},"end":{"line":131,"column":1}},"15":{"start":{"line":133,"column":41},"end":{"line":136,"column":1}},"16":{"start":{"line":138,"column":37},"end":{"line":146,"column":1}},"17":{"start":{"line":148,"column":30},"end":{"line":152,"column":1}},"18":{"start":{"line":154,"column":31},"end":{"line":158,"column":1}},"19":{"start":{"line":160,"column":30},"end":{"line":163,"column":1}},"20":{"start":{"line":165,"column":49},"end":{"line":165,"column":98}}},"fnMap":{"0":{"name":"MenuActionRow","decl":{"start":{"line":8,"column":16},"end":{"line":8,"column":29}},"loc":{"start":{"line":17,"column":3},"end":{"line":46,"column":1}},"line":17},"1":{"name":"RowItem","decl":{"start":{"line":48,"column":16},"end":{"line":48,"column":23}},"loc":{"start":{"line":48,"column":81},"end":{"line":55,"column":1}},"line":48},"2":{"name":"LabeledInput","decl":{"start":{"line":68,"column":16},"end":{"line":68,"column":28}},"loc":{"start":{"line":68,"column":55},"end":{"line":98,"column":1}},"line":68},"3":{"name":"(anonymous_3)","decl":{"start":{"line":87,"column":17},"end":{"line":87,"column":18}},"loc":{"start":{"line":87,"column":23},"end":{"line":90,"column":9}},"line":87},"4":{"name":"(anonymous_4)","decl":{"start":{"line":91,"column":16},"end":{"line":91,"column":17}},"loc":{"start":{"line":91,"column":22},"end":{"line":94,"column":9}},"line":91}},"branchMap":{"0":{"loc":{"start":{"line":22,"column":44},"end":{"line":22,"column":90}},"type":"binary-expr","locations":[{"start":{"line":22,"column":44},"end":{"line":22,"column":54}},{"start":{"line":22,"column":58},"end":{"line":22,"column":90}}],"line":22},"1":{"loc":{"start":{"line":28,"column":10},"end":{"line":28,"column":65}},"type":"binary-expr","locations":[{"start":{"line":28,"column":10},"end":{"line":28,"column":22}},{"start":{"line":28,"column":26},"end":{"line":28,"column":65}}],"line":28},"2":{"loc":{"start":{"line":34,"column":17},"end":{"line":34,"column":61}},"type":"cond-expr","locations":[{"start":{"line":34,"column":32},"end":{"line":34,"column":41}},{"start":{"line":34,"column":44},"end":{"line":34,"column":61}}],"line":34},"3":{"loc":{"start":{"line":38,"column":54},"end":{"line":38,"column":106}},"type":"binary-expr","locations":[{"start":{"line":38,"column":54},"end":{"line":38,"column":66}},{"start":{"line":38,"column":70},"end":{"line":38,"column":106}}],"line":38},"4":{"loc":{"start":{"line":43,"column":56},"end":{"line":43,"column":97}},"type":"cond-expr","locations":[{"start":{"line":43,"column":71},"end":{"line":43,"column":80}},{"start":{"line":43,"column":83},"end":{"line":43,"column":97}}],"line":43},"5":{"loc":{"start":{"line":50,"column":41},"end":{"line":50,"column":97}},"type":"binary-expr","locations":[{"start":{"line":50,"column":41},"end":{"line":50,"column":51}},{"start":{"line":50,"column":55},"end":{"line":50,"column":97}}],"line":50},"6":{"loc":{"start":{"line":82,"column":10},"end":{"line":82,"column":63}},"type":"binary-expr","locations":[{"start":{"line":82,"column":10},"end":{"line":82,"column":19}},{"start":{"line":82,"column":23},"end":{"line":82,"column":63}}],"line":82},"7":{"loc":{"start":{"line":83,"column":10},"end":{"line":83,"column":43}},"type":"binary-expr","locations":[{"start":{"line":83,"column":10},"end":{"line":83,"column":17}},{"start":{"line":83,"column":21},"end":{"line":83,"column":43}}],"line":83},"8":{"loc":{"start":{"line":86,"column":22},"end":{"line":86,"column":53}},"type":"binary-expr","locations":[{"start":{"line":86,"column":22},"end":{"line":86,"column":40}},{"start":{"line":86,"column":44},"end":{"line":86,"column":53}}],"line":86},"9":{"loc":{"start":{"line":165,"column":49},"end":{"line":165,"column":98}},"type":"cond-expr","locations":[{"start":{"line":165,"column":73},"end":{"line":165,"column":86}},{"start":{"line":165,"column":89},"end":{"line":165,"column":98}}],"line":165}},"s":{"0":1,"1":1,"2":1,"3":1,"4":0,"5":0,"6":0,"7":0,"8":1,"9":1,"10":1,"11":1,"12":1,"13":1,"14":1,"15":1,"16":1,"17":1,"18":1,"19":1,"20":1},"f":{"0":1,"1":1,"2":1,"3":0,"4":0},"b":{"0":[1,0],"1":[1,0],"2":[0,1],"3":[1,0],"4":[0,1],"5":[1,0],"6":[1,0],"7":[1,0],"8":[1,1],"9":[1,0]},"_coverageSchema":"1a1c01bbd47fc00a2c39e90264f33305004495a9","hash":"332c845f345bf4dd3a246015a4eaf47cb098e2a7"},"C:\\dev\\rik-expo-app\\src\\lib\\offline\\mutation.retryPolicy.ts":{"path":"C:\\dev\\rik-expo-app\\src\\lib\\offline\\mutation.retryPolicy.ts","statementMap":{"0":{"start":{"line":25,"column":85},"end":{"line":38,"column":1}},"1":{"start":{"line":40,"column":45},"end":{"line":42,"column":47}},"2":{"start":{"line":42,"column":33},"end":{"line":42,"column":47}},"3":{"start":{"line":44,"column":47},"end":{"line":47,"column":89}},"4":{"start":{"line":47,"column":5},"end":{"line":47,"column":89}},"5":{"start":{"line":49,"column":53},"end":{"line":88,"column":1}},"6":{"start":{"line":57,"column":2},"end":{"line":63,"column":3}},"7":{"start":{"line":58,"column":4},"end":{"line":62,"column":6}},"8":{"start":{"line":65,"column":2},"end":{"line":71,"column":3}},"9":{"start":{"line":66,"column":4},"end":{"line":70,"column":6}},"10":{"start":{"line":73,"column":2},"end":{"line":79,"column":3}},"11":{"start":{"line":74,"column":4},"end":{"line":78,"column":6}},"12":{"start":{"line":81,"column":14},"end":{"line":81,"column":82}},"13":{"start":{"line":82,"column":22},"end":{"line":82,"column":95}},"14":{"start":{"line":83,"column":2},"end":{"line":87,"column":4}},"15":{"start":{"line":90,"column":47},"end":{"line":102,"column":1}},"16":{"start":{"line":96,"column":2},"end":{"line":96,"column":55}},"17":{"start":{"line":96,"column":43},"end":{"line":96,"column":55}},"18":{"start":{"line":97,"column":2},"end":{"line":97,"column":83}},"19":{"start":{"line":97,"column":70},"end":{"line":97,"column":83}},"20":{"start":{"line":98,"column":2},"end":{"line":98,"column":59}},"21":{"start":{"line":98,"column":47},"end":{"line":98,"column":59}},"22":{"start":{"line":99,"column":2},"end":{"line":99,"column":63}},"23":{"start":{"line":99,"column":51},"end":{"line":99,"column":63}},"24":{"start":{"line":100,"column":14},"end":{"line":100,"column":82}},"25":{"start":{"line":101,"column":2},"end":{"line":101,"column":43}}},"fnMap":{"0":{"name":"(anonymous_0)","decl":{"start":{"line":40,"column":45},"end":{"line":40,"column":46}},"loc":{"start":{"line":42,"column":33},"end":{"line":42,"column":47}},"line":42},"1":{"name":"(anonymous_1)","decl":{"start":{"line":44,"column":47},"end":{"line":44,"column":48}},"loc":{"start":{"line":47,"column":5},"end":{"line":47,"column":89}},"line":47},"2":{"name":"(anonymous_2)","decl":{"start":{"line":49,"column":53},"end":{"line":49,"column":54}},"loc":{"start":{"line":56,"column":38},"end":{"line":88,"column":1}},"line":56},"3":{"name":"(anonymous_3)","decl":{"start":{"line":90,"column":47},"end":{"line":90,"column":48}},"loc":{"start":{"line":95,"column":6},"end":{"line":102,"column":1}},"line":95}},"branchMap":{"0":{"loc":{"start":{"line":57,"column":2},"end":{"line":63,"column":3}},"type":"if","locations":[{"start":{"line":57,"column":2},"end":{"line":63,"column":3}},{"start":{},"end":{}}],"line":57},"1":{"loc":{"start":{"line":65,"column":2},"end":{"line":71,"column":3}},"type":"if","locations":[{"start":{"line":65,"column":2},"end":{"line":71,"column":3}},{"start":{},"end":{}}],"line":65},"2":{"loc":{"start":{"line":73,"column":2},"end":{"line":79,"column":3}},"type":"if","locations":[{"start":{"line":73,"column":2},"end":{"line":79,"column":3}},{"start":{},"end":{}}],"line":73},"3":{"loc":{"start":{"line":81,"column":14},"end":{"line":81,"column":82}},"type":"cond-expr","locations":[{"start":{"line":81,"column":51},"end":{"line":81,"column":69}},{"start":{"line":81,"column":72},"end":{"line":81,"column":82}}],"line":81},"4":{"loc":{"start":{"line":81,"column":30},"end":{"line":81,"column":47}},"type":"binary-expr","locations":[{"start":{"line":81,"column":30},"end":{"line":81,"column":40}},{"start":{"line":81,"column":44},"end":{"line":81,"column":47}}],"line":81},"5":{"loc":{"start":{"line":96,"column":2},"end":{"line":96,"column":55}},"type":"if","locations":[{"start":{"line":96,"column":2},"end":{"line":96,"column":55}},{"start":{},"end":{}}],"line":96},"6":{"loc":{"start":{"line":97,"column":2},"end":{"line":97,"column":83}},"type":"if","locations":[{"start":{"line":97,"column":2},"end":{"line":97,"column":83}},{"start":{},"end":{}}],"line":97},"7":{"loc":{"start":{"line":98,"column":2},"end":{"line":98,"column":59}},"type":"if","locations":[{"start":{"line":98,"column":2},"end":{"line":98,"column":59}},{"start":{},"end":{}}],"line":98},"8":{"loc":{"start":{"line":99,"column":2},"end":{"line":99,"column":63}},"type":"if","locations":[{"start":{"line":99,"column":2},"end":{"line":99,"column":63}},{"start":{},"end":{}}],"line":99},"9":{"loc":{"start":{"line":99,"column":23},"end":{"line":99,"column":48}},"type":"binary-expr","locations":[{"start":{"line":99,"column":23},"end":{"line":99,"column":41}},{"start":{"line":99,"column":45},"end":{"line":99,"column":48}}],"line":99},"10":{"loc":{"start":{"line":100,"column":14},"end":{"line":100,"column":82}},"type":"cond-expr","locations":[{"start":{"line":100,"column":51},"end":{"line":100,"column":69}},{"start":{"line":100,"column":72},"end":{"line":100,"column":82}}],"line":100},"11":{"loc":{"start":{"line":100,"column":30},"end":{"line":100,"column":47}},"type":"binary-expr","locations":[{"start":{"line":100,"column":30},"end":{"line":100,"column":40}},{"start":{"line":100,"column":44},"end":{"line":100,"column":47}}],"line":100}},"s":{"0":2,"1":2,"2":3,"3":2,"4":1,"5":2,"6":3,"7":1,"8":2,"9":0,"10":2,"11":1,"12":1,"13":1,"14":1,"15":2,"16":6,"17":5,"18":1,"19":0,"20":1,"21":0,"22":1,"23":0,"24":1,"25":1},"f":{"0":3,"1":1,"2":3,"3":6},"b":{"0":[1,2],"1":[0,2],"2":[1,1],"3":[0,1],"4":[1,1],"5":[5,1],"6":[0,1],"7":[0,1],"8":[0,1],"9":[1,0],"10":[1,0],"11":[1,0]},"_coverageSchema":"1a1c01bbd47fc00a2c39e90264f33305004495a9","hash":"fedf8d1d69a5f65e90bb720915586faaeb8029b0"},"C:\\dev\\rik-expo-app\\src\\lib\\offline\\mutationQueue.ts":{"path":"C:\\dev\\rik-expo-app\\src\\lib\\offline\\mutationQueue.ts","statementMap":{"0":{"start":{"line":61,"column":35},"end":{"line":61,"column":62}},"1":{"start":{"line":62,"column":42},"end":{"line":62,"column":69}},"2":{"start":{"line":63,"column":28},"end":{"line":63,"column":30}},"3":{"start":{"line":65,"column":44},"end":{"line":65,"column":73}},"4":{"start":{"line":67,"column":13},"end":{"line":67,"column":59}},"5":{"start":{"line":67,"column":33},"end":{"line":67,"column":59}},"6":{"start":{"line":69,"column":17},"end":{"line":70,"column":69}},"7":{"start":{"line":70,"column":2},"end":{"line":70,"column":69}},"8":{"start":{"line":72,"column":25},"end":{"line":73,"column":75}},"9":{"start":{"line":73,"column":2},"end":{"line":73,"column":75}},"10":{"start":{"line":75,"column":24},"end":{"line":76,"column":72}},"11":{"start":{"line":76,"column":2},"end":{"line":76,"column":72}},"12":{"start":{"line":76,"column":44},"end":{"line":76,"column":53}},"13":{"start":{"line":78,"column":29},"end":{"line":78,"column":77}},"14":{"start":{"line":80,"column":35},"end":{"line":92,"column":1}},"15":{"start":{"line":84,"column":2},"end":{"line":84,"column":74}},"16":{"start":{"line":84,"column":52},"end":{"line":84,"column":74}},"17":{"start":{"line":85,"column":2},"end":{"line":85,"column":61}},"18":{"start":{"line":85,"column":39},"end":{"line":85,"column":61}},"19":{"start":{"line":86,"column":2},"end":{"line":86,"column":58}},"20":{"start":{"line":86,"column":37},"end":{"line":86,"column":58}},"21":{"start":{"line":87,"column":2},"end":{"line":87,"column":57}},"22":{"start":{"line":87,"column":37},"end":{"line":87,"column":57}},"23":{"start":{"line":88,"column":2},"end":{"line":90,"column":3}},"24":{"start":{"line":89,"column":4},"end":{"line":89,"column":22}},"25":{"start":{"line":91,"column":2},"end":{"line":91,"column":27}},"26":{"start":{"line":94,"column":36},"end":{"line":100,"column":1}},"27":{"start":{"line":97,"column":2},"end":{"line":97,"column":49}},"28":{"start":{"line":97,"column":29},"end":{"line":97,"column":49}},"29":{"start":{"line":98,"column":2},"end":{"line":98,"column":52}},"30":{"start":{"line":98,"column":27},"end":{"line":98,"column":52}},"31":{"start":{"line":99,"column":2},"end":{"line":99,"column":18}},"32":{"start":{"line":102,"column":30},"end":{"line":108,"column":1}},"33":{"start":{"line":105,"column":2},"end":{"line":105,"column":49}},"34":{"start":{"line":105,"column":31},"end":{"line":105,"column":49}},"35":{"start":{"line":106,"column":2},"end":{"line":106,"column":44}},"36":{"start":{"line":106,"column":27},"end":{"line":106,"column":44}},"37":{"start":{"line":107,"column":2},"end":{"line":107,"column":18}},"38":{"start":{"line":110,"column":37},"end":{"line":111,"column":53}},"39":{"start":{"line":111,"column":2},"end":{"line":111,"column":53}},"40":{"start":{"line":113,"column":35},"end":{"line":113,"column":102}},"41":{"start":{"line":113,"column":79},"end":{"line":113,"column":102}},"42":{"start":{"line":115,"column":38},"end":{"line":127,"column":13}},"43":{"start":{"line":121,"column":2},"end":{"line":127,"column":13}},"44":{"start":{"line":129,"column":23},"end":{"line":194,"column":1}},"45":{"start":{"line":130,"column":2},"end":{"line":130,"column":36}},"46":{"start":{"line":130,"column":24},"end":{"line":130,"column":36}},"47":{"start":{"line":131,"column":2},"end":{"line":131,"column":51}},"48":{"start":{"line":131,"column":39},"end":{"line":131,"column":51}},"49":{"start":{"line":132,"column":18},"end":{"line":132,"column":64}},"50":{"start":{"line":133,"column":2},"end":{"line":133,"column":28}},"51":{"start":{"line":133,"column":16},"end":{"line":133,"column":28}},"52":{"start":{"line":135,"column":15},"end":{"line":135,"column":59}},"53":{"start":{"line":136,"column":17},"end":{"line":136,"column":58}},"54":{"start":{"line":138,"column":4},"end":{"line":138,"column":106}},"55":{"start":{"line":139,"column":23},"end":{"line":139,"column":77}},"56":{"start":{"line":140,"column":19},"end":{"line":140,"column":41}},"57":{"start":{"line":141,"column":2},"end":{"line":141,"column":66}},"58":{"start":{"line":141,"column":54},"end":{"line":141,"column":66}},"59":{"start":{"line":143,"column":2},"end":{"line":193,"column":4}},"60":{"start":{"line":196,"column":21},"end":{"line":196,"column":101}},"61":{"start":{"line":196,"column":44},"end":{"line":196,"column":101}},"62":{"start":{"line":198,"column":26},"end":{"line":205,"column":1}},"63":{"start":{"line":199,"column":17},"end":{"line":199,"column":124}},"64":{"start":{"line":200,"column":2},"end":{"line":200,"column":40}},"65":{"start":{"line":200,"column":30},"end":{"line":200,"column":40}},"66":{"start":{"line":201,"column":2},"end":{"line":204,"column":61}},"67":{"start":{"line":202,"column":20},"end":{"line":202,"column":41}},"68":{"start":{"line":203,"column":59},"end":{"line":203,"column":73}},"69":{"start":{"line":204,"column":27},"end":{"line":204,"column":59}},"70":{"start":{"line":207,"column":26},"end":{"line":214,"column":1}},"71":{"start":{"line":208,"column":17},"end":{"line":208,"column":105}},"72":{"start":{"line":208,"column":43},"end":{"line":208,"column":104}},"73":{"start":{"line":209,"column":19},"end":{"line":212,"column":34}},"74":{"start":{"line":210,"column":23},"end":{"line":210,"column":83}},"75":{"start":{"line":211,"column":27},"end":{"line":211,"column":59}},"76":{"start":{"line":213,"column":2},"end":{"line":213,"column":90}},"77":{"start":{"line":213,"column":56},"end":{"line":213,"column":88}},"78":{"start":{"line":216,"column":26},"end":{"line":225,"column":1}},"79":{"start":{"line":217,"column":15},"end":{"line":217,"column":41}},"80":{"start":{"line":218,"column":2},"end":{"line":222,"column":3}},"81":{"start":{"line":219,"column":4},"end":{"line":219,"column":64}},"82":{"start":{"line":220,"column":4},"end":{"line":220,"column":71}},"83":{"start":{"line":221,"column":4},"end":{"line":221,"column":11}},"84":{"start":{"line":223,"column":2},"end":{"line":223,"column":77}},"85":{"start":{"line":224,"column":2},"end":{"line":224,"column":69}},"86":{"start":{"line":227,"column":25},"end":{"line":240,"column":1}},"87":{"start":{"line":231,"column":16},"end":{"line":231,"column":41}},"88":{"start":{"line":232,"column":52},"end":{"line":232,"column":56}},"89":{"start":{"line":233,"column":15},"end":{"line":237,"column":4}},"90":{"start":{"line":234,"column":4},"end":{"line":234,"column":46}},"91":{"start":{"line":234,"column":33},"end":{"line":234,"column":46}},"92":{"start":{"line":235,"column":4},"end":{"line":235,"column":31}},"93":{"start":{"line":236,"column":4},"end":{"line":236,"column":21}},"94":{"start":{"line":238,"column":2},"end":{"line":238,"column":32}},"95":{"start":{"line":239,"column":2},"end":{"line":239,"column":19}},"96":{"start":{"line":242,"column":30},"end":{"line":245,"column":45}},"97":{"start":{"line":243,"column":2},"end":{"line":245,"column":45}},"98":{"start":{"line":247,"column":27},"end":{"line":248,"column":52}},"99":{"start":{"line":248,"column":2},"end":{"line":248,"column":52}},"100":{"start":{"line":250,"column":20},"end":{"line":301,"column":1}},"101":{"start":{"line":260,"column":14},"end":{"line":260,"column":24}},"102":{"start":{"line":261,"column":20},"end":{"line":266,"column":4}},"103":{"start":{"line":267,"column":2},"end":{"line":300,"column":40}},"104":{"start":{"line":303,"column":38},"end":{"line":305,"column":1}},"105":{"start":{"line":304,"column":2},"end":{"line":304,"column":69}},"106":{"start":{"line":307,"column":40},"end":{"line":307,"column":77}},"107":{"start":{"line":307,"column":52},"end":{"line":307,"column":77}},"108":{"start":{"line":309,"column":41},"end":{"line":311,"column":1}},"109":{"start":{"line":310,"column":2},"end":{"line":310,"column":30}},"110":{"start":{"line":313,"column":46},"end":{"line":318,"column":1}},"111":{"start":{"line":314,"column":16},"end":{"line":314,"column":41}},"112":{"start":{"line":315,"column":14},"end":{"line":315,"column":28}},"113":{"start":{"line":316,"column":19},"end":{"line":316,"column":88}},"114":{"start":{"line":316,"column":49},"end":{"line":316,"column":79}},"115":{"start":{"line":317,"column":2},"end":{"line":317,"column":55}},"116":{"start":{"line":320,"column":58},"end":{"line":327,"column":1}},"117":{"start":{"line":323,"column":15},"end":{"line":323,"column":41}},"118":{"start":{"line":324,"column":2},"end":{"line":324,"column":66}},"119":{"start":{"line":324,"column":20},"end":{"line":324,"column":66}},"120":{"start":{"line":325,"column":16},"end":{"line":325,"column":41}},"121":{"start":{"line":326,"column":2},"end":{"line":326,"column":111}},"122":{"start":{"line":326,"column":33},"end":{"line":326,"column":102}},"123":{"start":{"line":329,"column":46},"end":{"line":346,"column":1}},"124":{"start":{"line":332,"column":16},"end":{"line":332,"column":41}},"125":{"start":{"line":333,"column":15},"end":{"line":333,"column":47}},"126":{"start":{"line":334,"column":19},"end":{"line":334,"column":103}},"127":{"start":{"line":334,"column":57},"end":{"line":334,"column":94}},"128":{"start":{"line":335,"column":2},"end":{"line":345,"column":4}},"129":{"start":{"line":337,"column":44},"end":{"line":337,"column":105}},"130":{"start":{"line":338,"column":45},"end":{"line":338,"column":71}},"131":{"start":{"line":339,"column":46},"end":{"line":339,"column":73}},"132":{"start":{"line":340,"column":44},"end":{"line":340,"column":69}},"133":{"start":{"line":341,"column":52},"end":{"line":341,"column":95}},"134":{"start":{"line":342,"column":48},"end":{"line":342,"column":86}},"135":{"start":{"line":343,"column":56},"end":{"line":343,"column":104}},"136":{"start":{"line":344,"column":52},"end":{"line":344,"column":78}},"137":{"start":{"line":348,"column":45},"end":{"line":385,"column":1}},"138":{"start":{"line":349,"column":16},"end":{"line":349,"column":41}},"139":{"start":{"line":350,"column":14},"end":{"line":350,"column":24}},"140":{"start":{"line":351,"column":15},"end":{"line":360,"column":3}},"141":{"start":{"line":352,"column":4},"end":{"line":359,"column":13}},"142":{"start":{"line":361,"column":19},"end":{"line":364,"column":3}},"143":{"start":{"line":363,"column":6},"end":{"line":363,"column":90}},"144":{"start":{"line":365,"column":2},"end":{"line":382,"column":3}},"145":{"start":{"line":366,"column":4},"end":{"line":381,"column":7}},"146":{"start":{"line":383,"column":2},"end":{"line":383,"column":32}},"147":{"start":{"line":384,"column":2},"end":{"line":384,"column":14}},"148":{"start":{"line":387,"column":38},"end":{"line":519,"column":1}},"149":{"start":{"line":397,"column":19},"end":{"line":397,"column":40}},"150":{"start":{"line":398,"column":2},"end":{"line":400,"column":3}},"151":{"start":{"line":399,"column":4},"end":{"line":399,"column":37}},"152":{"start":{"line":402,"column":16},"end":{"line":402,"column":41}},"153":{"start":{"line":403,"column":20},"end":{"line":406,"column":4}},"154":{"start":{"line":407,"column":20},"end":{"line":408,"column":74}},"155":{"start":{"line":408,"column":4},"end":{"line":408,"column":74}},"156":{"start":{"line":410,"column":30},"end":{"line":410,"column":97}},"157":{"start":{"line":410,"column":57},"end":{"line":410,"column":96}},"158":{"start":{"line":411,"column":2},"end":{"line":452,"column":3}},"159":{"start":{"line":412,"column":21},"end":{"line":412,"column":47}},"160":{"start":{"line":413,"column":20},"end":{"line":429,"column":5}},"161":{"start":{"line":430,"column":17},"end":{"line":430,"column":27}},"162":{"start":{"line":431,"column":4},"end":{"line":431,"column":40}},"163":{"start":{"line":432,"column":4},"end":{"line":432,"column":34}},"164":{"start":{"line":433,"column":4},"end":{"line":450,"column":7}},"165":{"start":{"line":451,"column":4},"end":{"line":451,"column":16}},"166":{"start":{"line":454,"column":18},"end":{"line":454,"column":23}},"167":{"start":{"line":455,"column":2},"end":{"line":491,"column":3}},"168":{"start":{"line":456,"column":29},"end":{"line":458,"column":5}},"169":{"start":{"line":457,"column":17},"end":{"line":457,"column":86}},"170":{"start":{"line":459,"column":4},"end":{"line":459,"column":106}},"171":{"start":{"line":459,"column":71},"end":{"line":459,"column":101}},"172":{"start":{"line":460,"column":4},"end":{"line":462,"column":6}},"173":{"start":{"line":461,"column":17},"end":{"line":461,"column":89}},"174":{"start":{"line":463,"column":4},"end":{"line":463,"column":30}},"175":{"start":{"line":465,"column":23},"end":{"line":467,"column":5}},"176":{"start":{"line":466,"column":17},"end":{"line":466,"column":86}},"177":{"start":{"line":468,"column":4},"end":{"line":490,"column":5}},"178":{"start":{"line":469,"column":6},"end":{"line":469,"column":33}},"179":{"start":{"line":470,"column":6},"end":{"line":487,"column":8}},"180":{"start":{"line":489,"column":6},"end":{"line":489,"column":44}},"181":{"start":{"line":493,"column":2},"end":{"line":493,"column":68}},"182":{"start":{"line":493,"column":34},"end":{"line":493,"column":66}},"183":{"start":{"line":494,"column":2},"end":{"line":494,"column":37}},"184":{"start":{"line":496,"column":4},"end":{"line":498,"column":13}},"185":{"start":{"line":496,"column":30},"end":{"line":496,"column":69}},"186":{"start":{"line":497,"column":30},"end":{"line":497,"column":57}},"187":{"start":{"line":499,"column":2},"end":{"line":517,"column":5}},"188":{"start":{"line":518,"column":2},"end":{"line":518,"column":19}},"189":{"start":{"line":521,"column":41},"end":{"line":526,"column":1}},"190":{"start":{"line":522,"column":16},"end":{"line":522,"column":41}},"191":{"start":{"line":523,"column":15},"end":{"line":523,"column":63}},"192":{"start":{"line":523,"column":39},"end":{"line":523,"column":62}},"193":{"start":{"line":524,"column":2},"end":{"line":524,"column":32}},"194":{"start":{"line":525,"column":2},"end":{"line":525,"column":14}},"195":{"start":{"line":528,"column":45},"end":{"line":534,"column":1}},"196":{"start":{"line":529,"column":14},"end":{"line":529,"column":28}},"197":{"start":{"line":530,"column":16},"end":{"line":530,"column":41}},"198":{"start":{"line":531,"column":15},"end":{"line":531,"column":70}},"199":{"start":{"line":531,"column":39},"end":{"line":531,"column":69}},"200":{"start":{"line":532,"column":2},"end":{"line":532,"column":32}},"201":{"start":{"line":533,"column":2},"end":{"line":533,"column":14}},"202":{"start":{"line":536,"column":37},"end":{"line":564,"column":1}},"203":{"start":{"line":540,"column":18},"end":{"line":540,"column":36}},"204":{"start":{"line":541,"column":16},"end":{"line":541,"column":32}},"205":{"start":{"line":542,"column":2},"end":{"line":544,"column":3}},"206":{"start":{"line":543,"column":4},"end":{"line":543,"column":37}},"207":{"start":{"line":546,"column":16},"end":{"line":546,"column":41}},"208":{"start":{"line":547,"column":15},"end":{"line":561,"column":3}},"209":{"start":{"line":548,"column":4},"end":{"line":560,"column":13}},"210":{"start":{"line":562,"column":2},"end":{"line":562,"column":32}},"211":{"start":{"line":563,"column":2},"end":{"line":563,"column":14}},"212":{"start":{"line":566,"column":39},"end":{"line":593,"column":1}},"213":{"start":{"line":570,"column":16},"end":{"line":570,"column":41}},"214":{"start":{"line":571,"column":14},"end":{"line":571,"column":86}},"215":{"start":{"line":572,"column":2},"end":{"line":591,"column":3}},"216":{"start":{"line":573,"column":4},"end":{"line":573,"column":71}},"217":{"start":{"line":573,"column":62},"end":{"line":573,"column":71}},"218":{"start":{"line":574,"column":4},"end":{"line":580,"column":5}},"219":{"start":{"line":579,"column":6},"end":{"line":579,"column":19}},"220":{"start":{"line":581,"column":4},"end":{"line":590,"column":5}},"221":{"start":{"line":589,"column":6},"end":{"line":589,"column":19}},"222":{"start":{"line":592,"column":2},"end":{"line":592,"column":14}},"223":{"start":{"line":595,"column":43},"end":{"line":605,"column":5}},"224":{"start":{"line":598,"column":2},"end":{"line":605,"column":5}},"225":{"start":{"line":598,"column":49},"end":{"line":605,"column":3}},"226":{"start":{"line":607,"column":49},"end":{"line":644,"column":1}},"227":{"start":{"line":614,"column":20},"end":{"line":624,"column":5}},"228":{"start":{"line":614,"column":74},"end":{"line":624,"column":3}},"229":{"start":{"line":625,"column":2},"end":{"line":642,"column":3}},"230":{"start":{"line":626,"column":4},"end":{"line":641,"column":7}},"231":{"start":{"line":643,"column":2},"end":{"line":643,"column":19}},"232":{"start":{"line":646,"column":45},"end":{"line":685,"column":1}},"233":{"start":{"line":653,"column":20},"end":{"line":663,"column":5}},"234":{"start":{"line":653,"column":74},"end":{"line":663,"column":3}},"235":{"start":{"line":664,"column":2},"end":{"line":683,"column":3}},"236":{"start":{"line":665,"column":4},"end":{"line":682,"column":7}},"237":{"start":{"line":684,"column":2},"end":{"line":684,"column":19}},"238":{"start":{"line":687,"column":53},"end":{"line":723,"column":1}},"239":{"start":{"line":694,"column":20},"end":{"line":703,"column":5}},"240":{"start":{"line":694,"column":74},"end":{"line":703,"column":3}},"241":{"start":{"line":704,"column":2},"end":{"line":721,"column":3}},"242":{"start":{"line":705,"column":4},"end":{"line":720,"column":7}},"243":{"start":{"line":722,"column":2},"end":{"line":722,"column":19}}},"fnMap":{"0":{"name":"(anonymous_0)","decl":{"start":{"line":67,"column":13},"end":{"line":67,"column":14}},"loc":{"start":{"line":67,"column":33},"end":{"line":67,"column":59}},"line":67},"1":{"name":"(anonymous_1)","decl":{"start":{"line":69,"column":17},"end":{"line":69,"column":18}},"loc":{"start":{"line":70,"column":2},"end":{"line":70,"column":69}},"line":70},"2":{"name":"(anonymous_2)","decl":{"start":{"line":72,"column":25},"end":{"line":72,"column":26}},"loc":{"start":{"line":73,"column":2},"end":{"line":73,"column":75}},"line":73},"3":{"name":"(anonymous_3)","decl":{"start":{"line":75,"column":24},"end":{"line":75,"column":25}},"loc":{"start":{"line":76,"column":2},"end":{"line":76,"column":72}},"line":76},"4":{"name":"(anonymous_4)","decl":{"start":{"line":76,"column":35},"end":{"line":76,"column":36}},"loc":{"start":{"line":76,"column":44},"end":{"line":76,"column":53}},"line":76},"5":{"name":"(anonymous_5)","decl":{"start":{"line":80,"column":35},"end":{"line":80,"column":36}},"loc":{"start":{"line":83,"column":31},"end":{"line":92,"column":1}},"line":83},"6":{"name":"(anonymous_6)","decl":{"start":{"line":94,"column":36},"end":{"line":94,"column":37}},"loc":{"start":{"line":96,"column":37},"end":{"line":100,"column":1}},"line":96},"7":{"name":"(anonymous_7)","decl":{"start":{"line":102,"column":30},"end":{"line":102,"column":31}},"loc":{"start":{"line":104,"column":41},"end":{"line":108,"column":1}},"line":104},"8":{"name":"(anonymous_8)","decl":{"start":{"line":110,"column":37},"end":{"line":110,"column":38}},"loc":{"start":{"line":111,"column":2},"end":{"line":111,"column":53}},"line":111},"9":{"name":"(anonymous_9)","decl":{"start":{"line":113,"column":35},"end":{"line":113,"column":36}},"loc":{"start":{"line":113,"column":79},"end":{"line":113,"column":102}},"line":113},"10":{"name":"(anonymous_10)","decl":{"start":{"line":115,"column":38},"end":{"line":115,"column":39}},"loc":{"start":{"line":121,"column":2},"end":{"line":127,"column":13}},"line":121},"11":{"name":"(anonymous_11)","decl":{"start":{"line":129,"column":23},"end":{"line":129,"column":24}},"loc":{"start":{"line":129,"column":77},"end":{"line":194,"column":1}},"line":129},"12":{"name":"(anonymous_12)","decl":{"start":{"line":196,"column":21},"end":{"line":196,"column":22}},"loc":{"start":{"line":196,"column":44},"end":{"line":196,"column":101}},"line":196},"13":{"name":"(anonymous_13)","decl":{"start":{"line":198,"column":26},"end":{"line":198,"column":27}},"loc":{"start":{"line":198,"column":76},"end":{"line":205,"column":1}},"line":198},"14":{"name":"(anonymous_14)","decl":{"start":{"line":202,"column":9},"end":{"line":202,"column":10}},"loc":{"start":{"line":202,"column":20},"end":{"line":202,"column":41}},"line":202},"15":{"name":"(anonymous_15)","decl":{"start":{"line":203,"column":12},"end":{"line":203,"column":13}},"loc":{"start":{"line":203,"column":59},"end":{"line":203,"column":73}},"line":203},"16":{"name":"(anonymous_16)","decl":{"start":{"line":204,"column":10},"end":{"line":204,"column":11}},"loc":{"start":{"line":204,"column":27},"end":{"line":204,"column":59}},"line":204},"17":{"name":"(anonymous_17)","decl":{"start":{"line":207,"column":26},"end":{"line":207,"column":27}},"loc":{"start":{"line":207,"column":68},"end":{"line":214,"column":1}},"line":207},"18":{"name":"(anonymous_18)","decl":{"start":{"line":208,"column":32},"end":{"line":208,"column":33}},"loc":{"start":{"line":208,"column":43},"end":{"line":208,"column":104}},"line":208},"19":{"name":"(anonymous_19)","decl":{"start":{"line":210,"column":12},"end":{"line":210,"column":13}},"loc":{"start":{"line":210,"column":23},"end":{"line":210,"column":83}},"line":210},"20":{"name":"(anonymous_20)","decl":{"start":{"line":211,"column":10},"end":{"line":211,"column":11}},"loc":{"start":{"line":211,"column":27},"end":{"line":211,"column":59}},"line":211},"21":{"name":"(anonymous_21)","decl":{"start":{"line":213,"column":39},"end":{"line":213,"column":40}},"loc":{"start":{"line":213,"column":56},"end":{"line":213,"column":88}},"line":213},"22":{"name":"(anonymous_22)","decl":{"start":{"line":216,"column":26},"end":{"line":216,"column":27}},"loc":{"start":{"line":216,"column":74},"end":{"line":225,"column":1}},"line":216},"23":{"name":"(anonymous_23)","decl":{"start":{"line":227,"column":25},"end":{"line":227,"column":26}},"loc":{"start":{"line":230,"column":5},"end":{"line":240,"column":1}},"line":230},"24":{"name":"(anonymous_24)","decl":{"start":{"line":233,"column":25},"end":{"line":233,"column":26}},"loc":{"start":{"line":233,"column":36},"end":{"line":237,"column":3}},"line":233},"25":{"name":"(anonymous_25)","decl":{"start":{"line":242,"column":30},"end":{"line":242,"column":31}},"loc":{"start":{"line":243,"column":2},"end":{"line":245,"column":45}},"line":243},"26":{"name":"(anonymous_26)","decl":{"start":{"line":247,"column":27},"end":{"line":247,"column":28}},"loc":{"start":{"line":248,"column":2},"end":{"line":248,"column":52}},"line":248},"27":{"name":"(anonymous_27)","decl":{"start":{"line":250,"column":20},"end":{"line":250,"column":21}},"loc":{"start":{"line":259,"column":6},"end":{"line":301,"column":1}},"line":259},"28":{"name":"(anonymous_28)","decl":{"start":{"line":303,"column":38},"end":{"line":303,"column":39}},"loc":{"start":{"line":303,"column":89},"end":{"line":305,"column":1}},"line":303},"29":{"name":"(anonymous_29)","decl":{"start":{"line":307,"column":40},"end":{"line":307,"column":41}},"loc":{"start":{"line":307,"column":52},"end":{"line":307,"column":77}},"line":307},"30":{"name":"(anonymous_30)","decl":{"start":{"line":309,"column":41},"end":{"line":309,"column":42}},"loc":{"start":{"line":309,"column":53},"end":{"line":311,"column":1}},"line":309},"31":{"name":"(anonymous_31)","decl":{"start":{"line":313,"column":46},"end":{"line":313,"column":47}},"loc":{"start":{"line":313,"column":99},"end":{"line":318,"column":1}},"line":313},"32":{"name":"(anonymous_32)","decl":{"start":{"line":316,"column":38},"end":{"line":316,"column":39}},"loc":{"start":{"line":316,"column":49},"end":{"line":316,"column":79}},"line":316},"33":{"name":"(anonymous_33)","decl":{"start":{"line":320,"column":58},"end":{"line":320,"column":59}},"loc":{"start":{"line":322,"column":22},"end":{"line":327,"column":1}},"line":322},"34":{"name":"(anonymous_34)","decl":{"start":{"line":326,"column":22},"end":{"line":326,"column":23}},"loc":{"start":{"line":326,"column":33},"end":{"line":326,"column":102}},"line":326},"35":{"name":"(anonymous_35)","decl":{"start":{"line":329,"column":46},"end":{"line":329,"column":47}},"loc":{"start":{"line":331,"column":43},"end":{"line":346,"column":1}},"line":331},"36":{"name":"(anonymous_36)","decl":{"start":{"line":334,"column":46},"end":{"line":334,"column":47}},"loc":{"start":{"line":334,"column":57},"end":{"line":334,"column":94}},"line":334},"37":{"name":"(anonymous_37)","decl":{"start":{"line":337,"column":33},"end":{"line":337,"column":34}},"loc":{"start":{"line":337,"column":44},"end":{"line":337,"column":105}},"line":337},"38":{"name":"(anonymous_38)","decl":{"start":{"line":338,"column":34},"end":{"line":338,"column":35}},"loc":{"start":{"line":338,"column":45},"end":{"line":338,"column":71}},"line":338},"39":{"name":"(anonymous_39)","decl":{"start":{"line":339,"column":35},"end":{"line":339,"column":36}},"loc":{"start":{"line":339,"column":46},"end":{"line":339,"column":73}},"line":339},"40":{"name":"(anonymous_40)","decl":{"start":{"line":340,"column":33},"end":{"line":340,"column":34}},"loc":{"start":{"line":340,"column":44},"end":{"line":340,"column":69}},"line":340},"41":{"name":"(anonymous_41)","decl":{"start":{"line":341,"column":41},"end":{"line":341,"column":42}},"loc":{"start":{"line":341,"column":52},"end":{"line":341,"column":95}},"line":341},"42":{"name":"(anonymous_42)","decl":{"start":{"line":342,"column":37},"end":{"line":342,"column":38}},"loc":{"start":{"line":342,"column":48},"end":{"line":342,"column":86}},"line":342},"43":{"name":"(anonymous_43)","decl":{"start":{"line":343,"column":45},"end":{"line":343,"column":46}},"loc":{"start":{"line":343,"column":56},"end":{"line":343,"column":104}},"line":343},"44":{"name":"(anonymous_44)","decl":{"start":{"line":344,"column":36},"end":{"line":344,"column":37}},"loc":{"start":{"line":344,"column":52},"end":{"line":344,"column":78}},"line":344},"45":{"name":"(anonymous_45)","decl":{"start":{"line":348,"column":45},"end":{"line":348,"column":46}},"loc":{"start":{"line":348,"column":95},"end":{"line":385,"column":1}},"line":348},"46":{"name":"(anonymous_46)","decl":{"start":{"line":351,"column":25},"end":{"line":351,"column":26}},"loc":{"start":{"line":352,"column":4},"end":{"line":359,"column":13}},"line":352},"47":{"name":"(anonymous_47)","decl":{"start":{"line":362,"column":4},"end":{"line":362,"column":5}},"loc":{"start":{"line":363,"column":6},"end":{"line":363,"column":90}},"line":363},"48":{"name":"(anonymous_48)","decl":{"start":{"line":387,"column":38},"end":{"line":387,"column":39}},"loc":{"start":{"line":396,"column":44},"end":{"line":519,"column":1}},"line":396},"49":{"name":"(anonymous_49)","decl":{"start":{"line":407,"column":20},"end":{"line":407,"column":21}},"loc":{"start":{"line":408,"column":4},"end":{"line":408,"column":74}},"line":408},"50":{"name":"(anonymous_50)","decl":{"start":{"line":410,"column":46},"end":{"line":410,"column":47}},"loc":{"start":{"line":410,"column":57},"end":{"line":410,"column":96}},"line":410},"51":{"name":"(anonymous_51)","decl":{"start":{"line":457,"column":6},"end":{"line":457,"column":7}},"loc":{"start":{"line":457,"column":17},"end":{"line":457,"column":86}},"line":457},"52":{"name":"(anonymous_52)","decl":{"start":{"line":459,"column":55},"end":{"line":459,"column":56}},"loc":{"start":{"line":459,"column":71},"end":{"line":459,"column":101}},"line":459},"53":{"name":"(anonymous_53)","decl":{"start":{"line":461,"column":6},"end":{"line":461,"column":7}},"loc":{"start":{"line":461,"column":17},"end":{"line":461,"column":89}},"line":461},"54":{"name":"(anonymous_54)","decl":{"start":{"line":466,"column":6},"end":{"line":466,"column":7}},"loc":{"start":{"line":466,"column":17},"end":{"line":466,"column":86}},"line":466},"55":{"name":"(anonymous_55)","decl":{"start":{"line":493,"column":17},"end":{"line":493,"column":18}},"loc":{"start":{"line":493,"column":34},"end":{"line":493,"column":66}},"line":493},"56":{"name":"(anonymous_56)","decl":{"start":{"line":496,"column":19},"end":{"line":496,"column":20}},"loc":{"start":{"line":496,"column":30},"end":{"line":496,"column":69}},"line":496},"57":{"name":"(anonymous_57)","decl":{"start":{"line":497,"column":19},"end":{"line":497,"column":20}},"loc":{"start":{"line":497,"column":30},"end":{"line":497,"column":57}},"line":497},"58":{"name":"(anonymous_58)","decl":{"start":{"line":521,"column":41},"end":{"line":521,"column":42}},"loc":{"start":{"line":521,"column":109},"end":{"line":526,"column":1}},"line":521},"59":{"name":"(anonymous_59)","decl":{"start":{"line":523,"column":28},"end":{"line":523,"column":29}},"loc":{"start":{"line":523,"column":39},"end":{"line":523,"column":62}},"line":523},"60":{"name":"(anonymous_60)","decl":{"start":{"line":528,"column":45},"end":{"line":528,"column":46}},"loc":{"start":{"line":528,"column":111},"end":{"line":534,"column":1}},"line":528},"61":{"name":"(anonymous_61)","decl":{"start":{"line":531,"column":28},"end":{"line":531,"column":29}},"loc":{"start":{"line":531,"column":39},"end":{"line":531,"column":69}},"line":531},"62":{"name":"(anonymous_62)","decl":{"start":{"line":536,"column":37},"end":{"line":536,"column":38}},"loc":{"start":{"line":539,"column":43},"end":{"line":564,"column":1}},"line":539},"63":{"name":"(anonymous_63)","decl":{"start":{"line":547,"column":25},"end":{"line":547,"column":26}},"loc":{"start":{"line":548,"column":4},"end":{"line":560,"column":13}},"line":548},"64":{"name":"(anonymous_64)","decl":{"start":{"line":566,"column":39},"end":{"line":566,"column":40}},"loc":{"start":{"line":569,"column":49},"end":{"line":593,"column":1}},"line":569},"65":{"name":"(anonymous_65)","decl":{"start":{"line":595,"column":43},"end":{"line":595,"column":44}},"loc":{"start":{"line":598,"column":2},"end":{"line":605,"column":5}},"line":598},"66":{"name":"(anonymous_66)","decl":{"start":{"line":598,"column":37},"end":{"line":598,"column":38}},"loc":{"start":{"line":598,"column":49},"end":{"line":605,"column":3}},"line":598},"67":{"name":"(anonymous_67)","decl":{"start":{"line":607,"column":49},"end":{"line":607,"column":50}},"loc":{"start":{"line":613,"column":49},"end":{"line":644,"column":1}},"line":613},"68":{"name":"(anonymous_68)","decl":{"start":{"line":614,"column":62},"end":{"line":614,"column":63}},"loc":{"start":{"line":614,"column":74},"end":{"line":624,"column":3}},"line":614},"69":{"name":"(anonymous_69)","decl":{"start":{"line":646,"column":45},"end":{"line":646,"column":46}},"loc":{"start":{"line":652,"column":49},"end":{"line":685,"column":1}},"line":652},"70":{"name":"(anonymous_70)","decl":{"start":{"line":653,"column":62},"end":{"line":653,"column":63}},"loc":{"start":{"line":653,"column":74},"end":{"line":663,"column":3}},"line":653},"71":{"name":"(anonymous_71)","decl":{"start":{"line":687,"column":53},"end":{"line":687,"column":54}},"loc":{"start":{"line":693,"column":49},"end":{"line":723,"column":1}},"line":693},"72":{"name":"(anonymous_72)","decl":{"start":{"line":694,"column":62},"end":{"line":694,"column":63}},"loc":{"start":{"line":694,"column":74},"end":{"line":703,"column":3}},"line":694}},"branchMap":{"0":{"loc":{"start":{"line":67,"column":40},"end":{"line":67,"column":51}},"type":"binary-expr","locations":[{"start":{"line":67,"column":40},"end":{"line":67,"column":45}},{"start":{"line":67,"column":49},"end":{"line":67,"column":51}}],"line":67},"1":{"loc":{"start":{"line":70,"column":2},"end":{"line":70,"column":69}},"type":"binary-expr","locations":[{"start":{"line":70,"column":2},"end":{"line":70,"column":15}},{"start":{"line":70,"column":19},"end":{"line":70,"column":44}},{"start":{"line":70,"column":48},"end":{"line":70,"column":69}}],"line":70},"2":{"loc":{"start":{"line":84,"column":2},"end":{"line":84,"column":74}},"type":"if","locations":[{"start":{"line":84,"column":2},"end":{"line":84,"column":74}},{"start":{},"end":{}}],"line":84},"3":{"loc":{"start":{"line":84,"column":6},"end":{"line":84,"column":50}},"type":"binary-expr","locations":[{"start":{"line":84,"column":6},"end":{"line":84,"column":21}},{"start":{"line":84,"column":25},"end":{"line":84,"column":50}}],"line":84},"4":{"loc":{"start":{"line":85,"column":2},"end":{"line":85,"column":61}},"type":"if","locations":[{"start":{"line":85,"column":2},"end":{"line":85,"column":61}},{"start":{},"end":{}}],"line":85},"5":{"loc":{"start":{"line":86,"column":2},"end":{"line":86,"column":58}},"type":"if","locations":[{"start":{"line":86,"column":2},"end":{"line":86,"column":58}},{"start":{},"end":{}}],"line":86},"6":{"loc":{"start":{"line":87,"column":2},"end":{"line":87,"column":57}},"type":"if","locations":[{"start":{"line":87,"column":2},"end":{"line":87,"column":57}},{"start":{},"end":{}}],"line":87},"7":{"loc":{"start":{"line":88,"column":2},"end":{"line":90,"column":3}},"type":"if","locations":[{"start":{"line":88,"column":2},"end":{"line":90,"column":3}},{"start":{},"end":{}}],"line":88},"8":{"loc":{"start":{"line":88,"column":6},"end":{"line":88,"column":102}},"type":"binary-expr","locations":[{"start":{"line":88,"column":6},"end":{"line":88,"column":36}},{"start":{"line":88,"column":40},"end":{"line":88,"column":67}},{"start":{"line":88,"column":71},"end":{"line":88,"column":102}}],"line":88},"9":{"loc":{"start":{"line":97,"column":2},"end":{"line":97,"column":49}},"type":"if","locations":[{"start":{"line":97,"column":2},"end":{"line":97,"column":49}},{"start":{},"end":{}}],"line":97},"10":{"loc":{"start":{"line":98,"column":2},"end":{"line":98,"column":52}},"type":"if","locations":[{"start":{"line":98,"column":2},"end":{"line":98,"column":52}},{"start":{},"end":{}}],"line":98},"11":{"loc":{"start":{"line":105,"column":2},"end":{"line":105,"column":49}},"type":"if","locations":[{"start":{"line":105,"column":2},"end":{"line":105,"column":49}},{"start":{},"end":{}}],"line":105},"12":{"loc":{"start":{"line":106,"column":2},"end":{"line":106,"column":44}},"type":"if","locations":[{"start":{"line":106,"column":2},"end":{"line":106,"column":44}},{"start":{},"end":{}}],"line":106},"13":{"loc":{"start":{"line":111,"column":2},"end":{"line":111,"column":53}},"type":"binary-expr","locations":[{"start":{"line":111,"column":2},"end":{"line":111,"column":21}},{"start":{"line":111,"column":25},"end":{"line":111,"column":53}}],"line":111},"14":{"loc":{"start":{"line":125,"column":4},"end":{"line":125,"column":59}},"type":"binary-expr","locations":[{"start":{"line":125,"column":4},"end":{"line":125,"column":34}},{"start":{"line":125,"column":38},"end":{"line":125,"column":59}}],"line":125},"15":{"loc":{"start":{"line":126,"column":4},"end":{"line":126,"column":55}},"type":"cond-expr","locations":[{"start":{"line":126,"column":38},"end":{"line":126,"column":46}},{"start":{"line":126,"column":49},"end":{"line":126,"column":55}}],"line":126},"16":{"loc":{"start":{"line":130,"column":2},"end":{"line":130,"column":36}},"type":"if","locations":[{"start":{"line":130,"column":2},"end":{"line":130,"column":36}},{"start":{},"end":{}}],"line":130},"17":{"loc":{"start":{"line":131,"column":2},"end":{"line":131,"column":51}},"type":"if","locations":[{"start":{"line":131,"column":2},"end":{"line":131,"column":51}},{"start":{},"end":{}}],"line":131},"18":{"loc":{"start":{"line":132,"column":18},"end":{"line":132,"column":64}},"type":"cond-expr","locations":[{"start":{"line":132,"column":44},"end":{"line":132,"column":57}},{"start":{"line":132,"column":60},"end":{"line":132,"column":64}}],"line":132},"19":{"loc":{"start":{"line":133,"column":2},"end":{"line":133,"column":28}},"type":"if","locations":[{"start":{"line":133,"column":2},"end":{"line":133,"column":28}},{"start":{},"end":{}}],"line":133},"20":{"loc":{"start":{"line":138,"column":4},"end":{"line":138,"column":106}},"type":"binary-expr","locations":[{"start":{"line":138,"column":5},"end":{"line":138,"column":66}},{"start":{"line":138,"column":71},"end":{"line":138,"column":106}}],"line":138},"21":{"loc":{"start":{"line":141,"column":2},"end":{"line":141,"column":66}},"type":"if","locations":[{"start":{"line":141,"column":2},"end":{"line":141,"column":66}},{"start":{},"end":{}}],"line":141},"22":{"loc":{"start":{"line":141,"column":6},"end":{"line":141,"column":52}},"type":"binary-expr","locations":[{"start":{"line":141,"column":6},"end":{"line":141,"column":11}},{"start":{"line":141,"column":15},"end":{"line":141,"column":22}},{"start":{"line":141,"column":26},"end":{"line":141,"column":39}},{"start":{"line":141,"column":43},"end":{"line":141,"column":52}}],"line":141},"23":{"loc":{"start":{"line":144,"column":8},"end":{"line":144,"column":44}},"type":"binary-expr","locations":[{"start":{"line":144,"column":8},"end":{"line":144,"column":22}},{"start":{"line":144,"column":26},"end":{"line":144,"column":44}}],"line":144},"24":{"loc":{"start":{"line":151,"column":6},"end":{"line":157,"column":8}},"type":"binary-expr","locations":[{"start":{"line":151,"column":6},"end":{"line":151,"column":27}},{"start":{"line":152,"column":6},"end":{"line":157,"column":8}}],"line":151},"25":{"loc":{"start":{"line":155,"column":27},"end":{"line":155,"column":66}},"type":"binary-expr","locations":[{"start":{"line":155,"column":27},"end":{"line":155,"column":58}},{"start":{"line":155,"column":62},"end":{"line":155,"column":66}}],"line":155},"26":{"loc":{"start":{"line":158,"column":17},"end":{"line":158,"column":77}},"type":"binary-expr","locations":[{"start":{"line":158,"column":17},"end":{"line":158,"column":69}},{"start":{"line":158,"column":73},"end":{"line":158,"column":77}}],"line":158},"27":{"loc":{"start":{"line":158,"column":22},"end":{"line":158,"column":68}},"type":"binary-expr","locations":[{"start":{"line":158,"column":22},"end":{"line":158,"column":39}},{"start":{"line":158,"column":43},"end":{"line":158,"column":68}}],"line":158},"28":{"loc":{"start":{"line":159,"column":23},"end":{"line":159,"column":60}},"type":"binary-expr","locations":[{"start":{"line":159,"column":23},"end":{"line":159,"column":52}},{"start":{"line":159,"column":56},"end":{"line":159,"column":60}}],"line":159},"29":{"loc":{"start":{"line":160,"column":20},"end":{"line":160,"column":100}},"type":"cond-expr","locations":[{"start":{"line":160,"column":68},"end":{"line":160,"column":96}},{"start":{"line":160,"column":99},"end":{"line":160,"column":100}}],"line":160},"30":{"loc":{"start":{"line":163,"column":17},"end":{"line":163,"column":48}},"type":"binary-expr","locations":[{"start":{"line":163,"column":17},"end":{"line":163,"column":40}},{"start":{"line":163,"column":44},"end":{"line":163,"column":48}}],"line":163},"31":{"loc":{"start":{"line":164,"column":25},"end":{"line":164,"column":64}},"type":"binary-expr","locations":[{"start":{"line":164,"column":25},"end":{"line":164,"column":56}},{"start":{"line":164,"column":60},"end":{"line":164,"column":64}}],"line":164},"32":{"loc":{"start":{"line":166,"column":24},"end":{"line":168,"column":14}},"type":"cond-expr","locations":[{"start":{"line":167,"column":10},"end":{"line":167,"column":42}},{"start":{"line":168,"column":10},"end":{"line":168,"column":14}}],"line":166},"33":{"loc":{"start":{"line":169,"column":23},"end":{"line":171,"column":14}},"type":"cond-expr","locations":[{"start":{"line":170,"column":10},"end":{"line":170,"column":41}},{"start":{"line":171,"column":10},"end":{"line":171,"column":14}}],"line":169},"34":{"loc":{"start":{"line":173,"column":21},"end":{"line":173,"column":96}},"type":"binary-expr","locations":[{"start":{"line":173,"column":22},"end":{"line":173,"column":82}},{"start":{"line":173,"column":87},"end":{"line":173,"column":96}}],"line":173},"35":{"loc":{"start":{"line":175,"column":15},"end":{"line":175,"column":94}},"type":"cond-expr","locations":[{"start":{"line":175,"column":58},"end":{"line":175,"column":81}},{"start":{"line":175,"column":84},"end":{"line":175,"column":94}}],"line":175},"36":{"loc":{"start":{"line":176,"column":15},"end":{"line":176,"column":94}},"type":"cond-expr","locations":[{"start":{"line":176,"column":58},"end":{"line":176,"column":81}},{"start":{"line":176,"column":84},"end":{"line":176,"column":94}}],"line":176},"37":{"loc":{"start":{"line":177,"column":18},"end":{"line":181,"column":11}},"type":"cond-expr","locations":[{"start":{"line":178,"column":8},"end":{"line":178,"column":34}},{"start":{"line":179,"column":8},"end":{"line":181,"column":11}}],"line":177},"38":{"loc":{"start":{"line":179,"column":8},"end":{"line":181,"column":11}},"type":"cond-expr","locations":[{"start":{"line":180,"column":10},"end":{"line":180,"column":34}},{"start":{"line":181,"column":10},"end":{"line":181,"column":11}}],"line":179},"39":{"loc":{"start":{"line":182,"column":16},"end":{"line":182,"column":88}},"type":"cond-expr","locations":[{"start":{"line":182,"column":60},"end":{"line":182,"column":84}},{"start":{"line":182,"column":87},"end":{"line":182,"column":88}}],"line":182},"40":{"loc":{"start":{"line":183,"column":12},"end":{"line":183,"column":77}},"type":"cond-expr","locations":[{"start":{"line":183,"column":59},"end":{"line":183,"column":65}},{"start":{"line":183,"column":68},"end":{"line":183,"column":77}}],"line":183},"41":{"loc":{"start":{"line":183,"column":12},"end":{"line":183,"column":56}},"type":"binary-expr","locations":[{"start":{"line":183,"column":12},"end":{"line":183,"column":33}},{"start":{"line":183,"column":37},"end":{"line":183,"column":56}}],"line":183},"42":{"loc":{"start":{"line":185,"column":19},"end":{"line":185,"column":100}},"type":"cond-expr","locations":[{"start":{"line":185,"column":66},"end":{"line":185,"column":93}},{"start":{"line":185,"column":96},"end":{"line":185,"column":100}}],"line":185},"43":{"loc":{"start":{"line":186,"column":15},"end":{"line":186,"column":44}},"type":"binary-expr","locations":[{"start":{"line":186,"column":15},"end":{"line":186,"column":36}},{"start":{"line":186,"column":40},"end":{"line":186,"column":44}}],"line":186},"44":{"loc":{"start":{"line":187,"column":19},"end":{"line":187,"column":52}},"type":"binary-expr","locations":[{"start":{"line":187,"column":19},"end":{"line":187,"column":44}},{"start":{"line":187,"column":48},"end":{"line":187,"column":52}}],"line":187},"45":{"loc":{"start":{"line":188,"column":19},"end":{"line":188,"column":84}},"type":"binary-expr","locations":[{"start":{"line":188,"column":20},"end":{"line":188,"column":73}},{"start":{"line":188,"column":78},"end":{"line":188,"column":84}}],"line":188},"46":{"loc":{"start":{"line":189,"column":17},"end":{"line":189,"column":94}},"type":"cond-expr","locations":[{"start":{"line":189,"column":62},"end":{"line":189,"column":87}},{"start":{"line":189,"column":90},"end":{"line":189,"column":94}}],"line":189},"47":{"loc":{"start":{"line":190,"column":17},"end":{"line":192,"column":40}},"type":"cond-expr","locations":[{"start":{"line":191,"column":8},"end":{"line":191,"column":33}},{"start":{"line":192,"column":8},"end":{"line":192,"column":40}}],"line":190},"48":{"loc":{"start":{"line":199,"column":17},"end":{"line":199,"column":124}},"type":"binary-expr","locations":[{"start":{"line":199,"column":18},"end":{"line":199,"column":64}},{"start":{"line":199,"column":70},"end":{"line":199,"column":123}}],"line":199},"49":{"loc":{"start":{"line":200,"column":2},"end":{"line":200,"column":40}},"type":"if","locations":[{"start":{"line":200,"column":2},"end":{"line":200,"column":40}},{"start":{},"end":{}}],"line":200},"50":{"loc":{"start":{"line":218,"column":2},"end":{"line":222,"column":3}},"type":"if","locations":[{"start":{"line":218,"column":2},"end":{"line":222,"column":3}},{"start":{},"end":{}}],"line":218},"51":{"loc":{"start":{"line":234,"column":4},"end":{"line":234,"column":46}},"type":"if","locations":[{"start":{"line":234,"column":4},"end":{"line":234,"column":46}},{"start":{},"end":{}}],"line":234},"52":{"loc":{"start":{"line":243,"column":2},"end":{"line":245,"column":45}},"type":"binary-expr","locations":[{"start":{"line":243,"column":2},"end":{"line":243,"column":36}},{"start":{"line":244,"column":2},"end":{"line":244,"column":40}},{"start":{"line":245,"column":2},"end":{"line":245,"column":45}}],"line":243},"53":{"loc":{"start":{"line":248,"column":2},"end":{"line":248,"column":52}},"type":"binary-expr","locations":[{"start":{"line":248,"column":2},"end":{"line":248,"column":25}},{"start":{"line":248,"column":29},"end":{"line":248,"column":52}}],"line":248},"54":{"loc":{"start":{"line":275,"column":17},"end":{"line":275,"column":55}},"type":"binary-expr","locations":[{"start":{"line":275,"column":17},"end":{"line":275,"column":47}},{"start":{"line":275,"column":51},"end":{"line":275,"column":55}}],"line":275},"55":{"loc":{"start":{"line":280,"column":17},"end":{"line":280,"column":47}},"type":"binary-expr","locations":[{"start":{"line":280,"column":17},"end":{"line":280,"column":39}},{"start":{"line":280,"column":43},"end":{"line":280,"column":47}}],"line":280},"56":{"loc":{"start":{"line":281,"column":25},"end":{"line":281,"column":63}},"type":"binary-expr","locations":[{"start":{"line":281,"column":25},"end":{"line":281,"column":55}},{"start":{"line":281,"column":59},"end":{"line":281,"column":63}}],"line":281},"57":{"loc":{"start":{"line":283,"column":24},"end":{"line":283,"column":55}},"type":"binary-expr","locations":[{"start":{"line":283,"column":24},"end":{"line":283,"column":47}},{"start":{"line":283,"column":51},"end":{"line":283,"column":55}}],"line":283},"58":{"loc":{"start":{"line":284,"column":23},"end":{"line":284,"column":53}},"type":"binary-expr","locations":[{"start":{"line":284,"column":23},"end":{"line":284,"column":45}},{"start":{"line":284,"column":49},"end":{"line":284,"column":53}}],"line":284},"59":{"loc":{"start":{"line":286,"column":21},"end":{"line":286,"column":54}},"type":"binary-expr","locations":[{"start":{"line":286,"column":21},"end":{"line":286,"column":41}},{"start":{"line":286,"column":45},"end":{"line":286,"column":54}}],"line":286},"60":{"loc":{"start":{"line":304,"column":19},"end":{"line":304,"column":68}},"type":"binary-expr","locations":[{"start":{"line":304,"column":19},"end":{"line":304,"column":35}},{"start":{"line":304,"column":39},"end":{"line":304,"column":68}}],"line":304},"61":{"loc":{"start":{"line":316,"column":19},"end":{"line":316,"column":88}},"type":"cond-expr","locations":[{"start":{"line":316,"column":25},"end":{"line":316,"column":80}},{"start":{"line":316,"column":83},"end":{"line":316,"column":88}}],"line":316},"62":{"loc":{"start":{"line":324,"column":2},"end":{"line":324,"column":66}},"type":"if","locations":[{"start":{"line":324,"column":2},"end":{"line":324,"column":66}},{"start":{},"end":{}}],"line":324},"63":{"loc":{"start":{"line":326,"column":33},"end":{"line":326,"column":102}},"type":"binary-expr","locations":[{"start":{"line":326,"column":33},"end":{"line":326,"column":70}},{"start":{"line":326,"column":74},"end":{"line":326,"column":102}}],"line":326},"64":{"loc":{"start":{"line":333,"column":31},"end":{"line":333,"column":46}},"type":"binary-expr","locations":[{"start":{"line":333,"column":31},"end":{"line":333,"column":40}},{"start":{"line":333,"column":44},"end":{"line":333,"column":46}}],"line":333},"65":{"loc":{"start":{"line":334,"column":19},"end":{"line":334,"column":103}},"type":"cond-expr","locations":[{"start":{"line":334,"column":33},"end":{"line":334,"column":95}},{"start":{"line":334,"column":98},"end":{"line":334,"column":103}}],"line":334},"66":{"loc":{"start":{"line":352,"column":4},"end":{"line":359,"column":13}},"type":"cond-expr","locations":[{"start":{"line":353,"column":8},"end":{"line":358,"column":9}},{"start":{"line":359,"column":8},"end":{"line":359,"column":13}}],"line":352},"67":{"loc":{"start":{"line":363,"column":6},"end":{"line":363,"column":90}},"type":"binary-expr","locations":[{"start":{"line":363,"column":6},"end":{"line":363,"column":40}},{"start":{"line":363,"column":44},"end":{"line":363,"column":90}}],"line":363},"68":{"loc":{"start":{"line":398,"column":2},"end":{"line":400,"column":3}},"type":"if","locations":[{"start":{"line":398,"column":2},"end":{"line":400,"column":3}},{"start":{},"end":{}}],"line":398},"69":{"loc":{"start":{"line":408,"column":4},"end":{"line":408,"column":74}},"type":"binary-expr","locations":[{"start":{"line":408,"column":4},"end":{"line":408,"column":35}},{"start":{"line":408,"column":39},"end":{"line":408,"column":74}}],"line":408},"70":{"loc":{"start":{"line":411,"column":2},"end":{"line":452,"column":3}},"type":"if","locations":[{"start":{"line":411,"column":2},"end":{"line":452,"column":3}},{"start":{},"end":{}}],"line":411},"71":{"loc":{"start":{"line":421,"column":8},"end":{"line":421,"column":98}},"type":"cond-expr","locations":[{"start":{"line":421,"column":52},"end":{"line":421,"column":76}},{"start":{"line":421,"column":80},"end":{"line":421,"column":97}}],"line":421},"72":{"loc":{"start":{"line":422,"column":14},"end":{"line":422,"column":96}},"type":"cond-expr","locations":[{"start":{"line":422,"column":58},"end":{"line":422,"column":73}},{"start":{"line":422,"column":77},"end":{"line":422,"column":95}}],"line":422},"73":{"loc":{"start":{"line":423,"column":17},"end":{"line":423,"column":86}},"type":"cond-expr","locations":[{"start":{"line":423,"column":61},"end":{"line":423,"column":79}},{"start":{"line":423,"column":82},"end":{"line":423,"column":86}}],"line":423},"74":{"loc":{"start":{"line":424,"column":21},"end":{"line":424,"column":94}},"type":"cond-expr","locations":[{"start":{"line":424,"column":65},"end":{"line":424,"column":87}},{"start":{"line":424,"column":90},"end":{"line":424,"column":94}}],"line":424},"75":{"loc":{"start":{"line":425,"column":21},"end":{"line":425,"column":96}},"type":"cond-expr","locations":[{"start":{"line":425,"column":65},"end":{"line":425,"column":87}},{"start":{"line":425,"column":90},"end":{"line":425,"column":96}}],"line":425},"76":{"loc":{"start":{"line":426,"column":19},"end":{"line":426,"column":90}},"type":"cond-expr","locations":[{"start":{"line":426,"column":63},"end":{"line":426,"column":83}},{"start":{"line":426,"column":86},"end":{"line":426,"column":90}}],"line":426},"77":{"loc":{"start":{"line":427,"column":18},"end":{"line":427,"column":85}},"type":"cond-expr","locations":[{"start":{"line":427,"column":62},"end":{"line":427,"column":81}},{"start":{"line":427,"column":84},"end":{"line":427,"column":85}}],"line":427},"78":{"loc":{"start":{"line":455,"column":2},"end":{"line":491,"column":3}},"type":"if","locations":[{"start":{"line":455,"column":2},"end":{"line":491,"column":3}},{"start":{"line":464,"column":9},"end":{"line":491,"column":3}}],"line":455},"79":{"loc":{"start":{"line":457,"column":17},"end":{"line":457,"column":86}},"type":"binary-expr","locations":[{"start":{"line":457,"column":17},"end":{"line":457,"column":33}},{"start":{"line":457,"column":37},"end":{"line":457,"column":86}}],"line":457},"80":{"loc":{"start":{"line":461,"column":19},"end":{"line":461,"column":88}},"type":"binary-expr","locations":[{"start":{"line":461,"column":19},"end":{"line":461,"column":35}},{"start":{"line":461,"column":39},"end":{"line":461,"column":88}}],"line":461},"81":{"loc":{"start":{"line":466,"column":17},"end":{"line":466,"column":86}},"type":"binary-expr","locations":[{"start":{"line":466,"column":17},"end":{"line":466,"column":33}},{"start":{"line":466,"column":37},"end":{"line":466,"column":86}}],"line":466},"82":{"loc":{"start":{"line":468,"column":4},"end":{"line":490,"column":5}},"type":"if","locations":[{"start":{"line":468,"column":4},"end":{"line":490,"column":5}},{"start":{"line":488,"column":11},"end":{"line":490,"column":5}}],"line":468},"83":{"loc":{"start":{"line":496,"column":4},"end":{"line":498,"column":13}},"type":"binary-expr","locations":[{"start":{"line":496,"column":4},"end":{"line":496,"column":70}},{"start":{"line":497,"column":4},"end":{"line":497,"column":58}},{"start":{"line":498,"column":4},"end":{"line":498,"column":13}}],"line":496},"84":{"loc":{"start":{"line":505,"column":12},"end":{"line":505,"column":76}},"type":"cond-expr","locations":[{"start":{"line":505,"column":45},"end":{"line":505,"column":64}},{"start":{"line":505,"column":67},"end":{"line":505,"column":76}}],"line":505},"85":{"loc":{"start":{"line":542,"column":2},"end":{"line":544,"column":3}},"type":"if","locations":[{"start":{"line":542,"column":2},"end":{"line":544,"column":3}},{"start":{},"end":{}}],"line":542},"86":{"loc":{"start":{"line":542,"column":6},"end":{"line":542,"column":45}},"type":"binary-expr","locations":[{"start":{"line":542,"column":6},"end":{"line":542,"column":14}},{"start":{"line":542,"column":18},"end":{"line":542,"column":24}},{"start":{"line":542,"column":28},"end":{"line":542,"column":45}}],"line":542},"87":{"loc":{"start":{"line":548,"column":4},"end":{"line":560,"column":13}},"type":"cond-expr","locations":[{"start":{"line":549,"column":8},"end":{"line":559,"column":9}},{"start":{"line":560,"column":8},"end":{"line":560,"column":13}}],"line":548},"88":{"loc":{"start":{"line":556,"column":23},"end":{"line":556,"column":61}},"type":"binary-expr","locations":[{"start":{"line":556,"column":23},"end":{"line":556,"column":52}},{"start":{"line":556,"column":56},"end":{"line":556,"column":61}}],"line":556},"89":{"loc":{"start":{"line":571,"column":14},"end":{"line":571,"column":86}},"type":"cond-expr","locations":[{"start":{"line":571,"column":53},"end":{"line":571,"column":73}},{"start":{"line":571,"column":76},"end":{"line":571,"column":86}}],"line":571},"90":{"loc":{"start":{"line":571,"column":30},"end":{"line":571,"column":49}},"type":"binary-expr","locations":[{"start":{"line":571,"column":30},"end":{"line":571,"column":42}},{"start":{"line":571,"column":46},"end":{"line":571,"column":49}}],"line":571},"91":{"loc":{"start":{"line":573,"column":4},"end":{"line":573,"column":71}},"type":"if","locations":[{"start":{"line":573,"column":4},"end":{"line":573,"column":71}},{"start":{},"end":{}}],"line":573},"92":{"loc":{"start":{"line":574,"column":4},"end":{"line":580,"column":5}},"type":"if","locations":[{"start":{"line":574,"column":4},"end":{"line":580,"column":5}},{"start":{},"end":{}}],"line":574},"93":{"loc":{"start":{"line":575,"column":6},"end":{"line":577,"column":51}},"type":"binary-expr","locations":[{"start":{"line":575,"column":6},"end":{"line":575,"column":47}},{"start":{"line":576,"column":6},"end":{"line":576,"column":49}},{"start":{"line":577,"column":6},"end":{"line":577,"column":51}}],"line":575},"94":{"loc":{"start":{"line":581,"column":4},"end":{"line":590,"column":5}},"type":"if","locations":[{"start":{"line":581,"column":4},"end":{"line":590,"column":5}},{"start":{},"end":{}}],"line":581},"95":{"loc":{"start":{"line":585,"column":23},"end":{"line":585,"column":76}},"type":"binary-expr","locations":[{"start":{"line":585,"column":23},"end":{"line":585,"column":45}},{"start":{"line":585,"column":49},"end":{"line":585,"column":76}}],"line":585},"96":{"loc":{"start":{"line":619,"column":15},"end":{"line":619,"column":48}},"type":"binary-expr","locations":[{"start":{"line":619,"column":15},"end":{"line":619,"column":40}},{"start":{"line":619,"column":44},"end":{"line":619,"column":48}}],"line":619},"97":{"loc":{"start":{"line":620,"column":19},"end":{"line":620,"column":49}},"type":"binary-expr","locations":[{"start":{"line":620,"column":19},"end":{"line":620,"column":41}},{"start":{"line":620,"column":45},"end":{"line":620,"column":49}}],"line":620},"98":{"loc":{"start":{"line":625,"column":2},"end":{"line":642,"column":3}},"type":"if","locations":[{"start":{"line":625,"column":2},"end":{"line":642,"column":3}},{"start":{},"end":{}}],"line":625},"99":{"loc":{"start":{"line":657,"column":15},"end":{"line":657,"column":48}},"type":"binary-expr","locations":[{"start":{"line":657,"column":15},"end":{"line":657,"column":40}},{"start":{"line":657,"column":44},"end":{"line":657,"column":48}}],"line":657},"100":{"loc":{"start":{"line":658,"column":19},"end":{"line":658,"column":49}},"type":"binary-expr","locations":[{"start":{"line":658,"column":19},"end":{"line":658,"column":41}},{"start":{"line":658,"column":45},"end":{"line":658,"column":49}}],"line":658},"101":{"loc":{"start":{"line":661,"column":23},"end":{"line":661,"column":80}},"type":"binary-expr","locations":[{"start":{"line":661,"column":23},"end":{"line":661,"column":53}},{"start":{"line":661,"column":57},"end":{"line":661,"column":80}}],"line":661},"102":{"loc":{"start":{"line":664,"column":2},"end":{"line":683,"column":3}},"type":"if","locations":[{"start":{"line":664,"column":2},"end":{"line":683,"column":3}},{"start":{},"end":{}}],"line":664},"103":{"loc":{"start":{"line":698,"column":15},"end":{"line":698,"column":48}},"type":"binary-expr","locations":[{"start":{"line":698,"column":15},"end":{"line":698,"column":40}},{"start":{"line":698,"column":44},"end":{"line":698,"column":48}}],"line":698},"104":{"loc":{"start":{"line":699,"column":19},"end":{"line":699,"column":49}},"type":"binary-expr","locations":[{"start":{"line":699,"column":19},"end":{"line":699,"column":41}},{"start":{"line":699,"column":45},"end":{"line":699,"column":49}}],"line":699},"105":{"loc":{"start":{"line":704,"column":2},"end":{"line":721,"column":3}},"type":"if","locations":[{"start":{"line":704,"column":2},"end":{"line":721,"column":3}},{"start":{},"end":{}}],"line":704},"106":{"loc":{"start":{"line":711,"column":14},"end":{"line":711,"column":84}},"type":"cond-expr","locations":[{"start":{"line":711,"column":42},"end":{"line":711,"column":59}},{"start":{"line":711,"column":62},"end":{"line":711,"column":84}}],"line":711}},"s":{"0":2,"1":2,"2":2,"3":2,"4":2,"5":1619,"6":2,"7":198,"8":2,"9":13,"10":2,"11":21,"12":36,"13":2,"14":2,"15":13,"16":0,"17":13,"18":1,"19":12,"20":0,"21":12,"22":5,"23":7,"24":2,"25":5,"26":2,"27":0,"28":0,"29":0,"30":0,"31":0,"32":2,"33":0,"34":0,"35":0,"36":0,"37":0,"38":2,"39":7,"40":2,"41":4,"42":2,"43":13,"44":2,"45":99,"46":0,"47":99,"48":0,"49":99,"50":99,"51":0,"52":99,"53":99,"54":99,"55":99,"56":99,"57":99,"58":0,"59":99,"60":2,"61":95,"62":2,"63":74,"64":74,"65":21,"66":53,"67":99,"68":99,"69":46,"70":2,"71":43,"72":55,"73":43,"74":55,"75":24,"76":43,"77":80,"78":2,"79":43,"80":43,"81":14,"82":14,"83":14,"84":29,"85":29,"86":2,"87":10,"88":10,"89":10,"90":10,"91":0,"92":10,"93":10,"94":10,"95":10,"96":2,"97":8,"98":2,"99":12,"100":2,"101":13,"102":13,"103":13,"104":2,"105":14,"106":2,"107":11,"108":2,"109":11,"110":2,"111":0,"112":0,"113":0,"114":0,"115":0,"116":2,"117":13,"118":13,"119":0,"120":13,"121":13,"122":8,"123":2,"124":8,"125":8,"126":8,"127":6,"128":8,"129":6,"130":6,"131":6,"132":6,"133":6,"134":6,"135":6,"136":6,"137":2,"138":7,"139":7,"140":7,"141":6,"142":7,"143":6,"144":7,"145":2,"146":7,"147":7,"148":2,"149":13,"150":13,"151":0,"152":13,"153":13,"154":13,"155":30,"156":13,"157":30,"158":13,"159":1,"160":1,"161":1,"162":1,"163":1,"164":1,"165":1,"166":12,"167":12,"168":1,"169":1,"170":1,"171":1,"172":1,"173":1,"174":1,"175":11,"176":28,"177":11,"178":2,"179":2,"180":9,"181":12,"182":26,"183":12,"184":12,"185":38,"186":0,"187":12,"188":12,"189":2,"190":2,"191":2,"192":2,"193":2,"194":2,"195":2,"196":0,"197":0,"198":0,"199":0,"200":0,"201":0,"202":2,"203":0,"204":0,"205":0,"206":0,"207":0,"208":0,"209":0,"210":0,"211":0,"212":2,"213":10,"214":10,"215":10,"216":7,"217":0,"218":7,"219":1,"220":6,"221":5,"222":4,"223":2,"224":7,"225":7,"226":2,"227":1,"228":1,"229":1,"230":1,"231":1,"232":2,"233":1,"234":1,"235":1,"236":1,"237":1,"238":2,"239":1,"240":1,"241":1,"242":1,"243":1},"f":{"0":1619,"1":198,"2":13,"3":21,"4":36,"5":13,"6":0,"7":0,"8":7,"9":4,"10":13,"11":99,"12":95,"13":74,"14":99,"15":99,"16":46,"17":43,"18":55,"19":55,"20":24,"21":80,"22":43,"23":10,"24":10,"25":8,"26":12,"27":13,"28":14,"29":11,"30":11,"31":0,"32":0,"33":13,"34":8,"35":8,"36":6,"37":6,"38":6,"39":6,"40":6,"41":6,"42":6,"43":6,"44":6,"45":7,"46":6,"47":6,"48":13,"49":30,"50":30,"51":1,"52":1,"53":1,"54":28,"55":26,"56":38,"57":0,"58":2,"59":2,"60":0,"61":0,"62":0,"63":0,"64":10,"65":7,"66":7,"67":1,"68":1,"69":1,"70":1,"71":1,"72":1},"b":{"0":[1619,286],"1":[198,198,198],"2":[0,13],"3":[13,13],"4":[1,12],"5":[0,12],"6":[5,7],"7":[2,5],"8":[7,5,5],"9":[0,0],"10":[0,0],"11":[0,0],"12":[0,0],"13":[7,2],"14":[13,0],"15":[0,13],"16":[0,99],"17":[0,99],"18":[99,0],"19":[0,99],"20":[99,0],"21":[0,99],"22":[99,99,99,99],"23":[99,0],"24":[99,0],"25":[0,0],"26":[99,0],"27":[99,0],"28":[99,99],"29":[99,0],"30":[99,0],"31":[99,0],"32":[99,0],"33":[99,0],"34":[99,0],"35":[99,0],"36":[99,0],"37":[99,0],"38":[0,0],"39":[99,0],"40":[70,29],"41":[99,82],"42":[99,0],"43":[99,93],"44":[99,93],"45":[99,0],"46":[99,0],"47":[99,0],"48":[74,21],"49":[21,53],"50":[14,29],"51":[0,10],"52":[8,8,3],"53":[12,12],"54":[13,0],"55":[13,0],"56":[13,0],"57":[13,6],"58":[13,6],"59":[13,0],"60":[14,0],"61":[0,0],"62":[0,13],"63":[8,8],"64":[8,0],"65":[8,0],"66":[2,4],"67":[6,6],"68":[0,13],"69":[30,30],"70":[1,12],"71":[0,1],"72":[0,1],"73":[0,1],"74":[0,1],"75":[0,1],"76":[0,1],"77":[0,1],"78":[1,11],"79":[1,1],"80":[1,1],"81":[28,2],"82":[2,9],"83":[12,0,0],"84":[3,9],"85":[0,0],"86":[0,0,0],"87":[0,0],"88":[0,0],"89":[2,8],"90":[10,8],"91":[0,7],"92":[1,6],"93":[7,1,1],"94":[5,1],"95":[6,5],"96":[1,0],"97":[1,0],"98":[1,0],"99":[1,0],"100":[1,0],"101":[1,1],"102":[1,0],"103":[1,0],"104":[1,0],"105":[1,0],"106":[1,0]},"_coverageSchema":"1a1c01bbd47fc00a2c39e90264f33305004495a9","hash":"44
[...]
}}],"line":288},"65":{"loc":{"start":{"line":290,"column":18},"end":{"line":290,"column":46}},"type":"cond-expr","locations":[{"start":{"line":290,"column":35},"end":{"line":290,"column":40}},{"start":{"line":290,"column":43},"end":{"line":290,"column":46}}],"line":290},"66":{"loc":{"start":{"line":291,"column":20},"end":{"line":291,"column":106}},"type":"cond-expr","locations":[{"start":{"line":291,"column":42},"end":{"line":291,"column":53}},{"start":{"line":291,"column":56},"end":{"line":291,"column":106}}],"line":291},"67":{"loc":{"start":{"line":291,"column":56},"end":{"line":291,"column":106}},"type":"cond-expr","locations":[{"start":{"line":291,"column":79},"end":{"line":291,"column":91}},{"start":{"line":291,"column":94},"end":{"line":291,"column":106}}],"line":291},"68":{"loc":{"start":{"line":302,"column":4},"end":{"line":302,"column":41}},"type":"if","locations":[{"start":{"line":302,"column":4},"end":{"line":302,"column":41}},{"start":{},"end":{}}],"line":302},"69":{"loc":{"start":{"line":318,"column":2},"end":{"line":320,"column":3}},"type":"if","locations":[{"start":{"line":318,"column":2},"end":{"line":320,"column":3}},{"start":{},"end":{}}],"line":318},"70":{"loc":{"start":{"line":318,"column":6},"end":{"line":318,"column":114}},"type":"binary-expr","locations":[{"start":{"line":318,"column":6},"end":{"line":318,"column":28}},{"start":{"line":318,"column":32},"end":{"line":318,"column":57}},{"start":{"line":318,"column":61},"end":{"line":318,"column":114}}],"line":318},"71":{"loc":{"start":{"line":323,"column":8},"end":{"line":323,"column":38}},"type":"binary-expr","locations":[{"start":{"line":323,"column":8},"end":{"line":323,"column":25}},{"start":{"line":323,"column":29},"end":{"line":323,"column":38}}],"line":323},"72":{"loc":{"start":{"line":325,"column":15},"end":{"line":325,"column":58}},"type":"binary-expr","locations":[{"start":{"line":325,"column":15},"end":{"line":325,"column":50}},{"start":{"line":325,"column":54},"end":{"line":325,"column":58}}],"line":325},"73":{"loc":{"start":{"line":326,"column":11},"end":{"line":326,"column":55}},"type":"binary-expr","locations":[{"start":{"line":326,"column":11},"end":{"line":326,"column":47}},{"start":{"line":326,"column":51},"end":{"line":326,"column":55}}],"line":326},"74":{"loc":{"start":{"line":327,"column":10},"end":{"line":327,"column":53}},"type":"binary-expr","locations":[{"start":{"line":327,"column":10},"end":{"line":327,"column":45}},{"start":{"line":327,"column":49},"end":{"line":327,"column":53}}],"line":327},"75":{"loc":{"start":{"line":330,"column":9},"end":{"line":330,"column":51}},"type":"binary-expr","locations":[{"start":{"line":330,"column":9},"end":{"line":330,"column":43}},{"start":{"line":330,"column":47},"end":{"line":330,"column":51}}],"line":330},"76":{"loc":{"start":{"line":331,"column":14},"end":{"line":331,"column":61}},"type":"binary-expr","locations":[{"start":{"line":331,"column":14},"end":{"line":331,"column":53}},{"start":{"line":331,"column":57},"end":{"line":331,"column":61}}],"line":331},"77":{"loc":{"start":{"line":332,"column":14},"end":{"line":332,"column":61}},"type":"binary-expr","locations":[{"start":{"line":332,"column":14},"end":{"line":332,"column":53}},{"start":{"line":332,"column":57},"end":{"line":332,"column":61}}],"line":332},"78":{"loc":{"start":{"line":333,"column":14},"end":{"line":333,"column":61}},"type":"binary-expr","locations":[{"start":{"line":333,"column":14},"end":{"line":333,"column":53}},{"start":{"line":333,"column":57},"end":{"line":333,"column":61}}],"line":333},"79":{"loc":{"start":{"line":343,"column":2},"end":{"line":343,"column":47}},"type":"if","locations":[{"start":{"line":343,"column":2},"end":{"line":343,"column":47}},{"start":{},"end":{}}],"line":343},"80":{"loc":{"start":{"line":351,"column":2},"end":{"line":351,"column":25}},"type":"if","locations":[{"start":{"line":351,"column":2},"end":{"line":351,"column":25}},{"start":{},"end":{}}],"line":351},"81":{"loc":{"start":{"line":360,"column":2},"end":{"line":369,"column":3}},"type":"if","locations":[{"start":{"line":360,"column":2},"end":{"line":369,"column":3}},{"start":{},"end":{}}],"line":360},"82":{"loc":{"start":{"line":360,"column":6},"end":{"line":360,"column":47}},"type":"binary-expr","locations":[{"start":{"line":360,"column":6},"end":{"line":360,"column":16}},{"start":{"line":360,"column":20},"end":{"line":360,"column":47}}],"line":360},"83":{"loc":{"start":{"line":364,"column":4},"end":{"line":368,"column":5}},"type":"if","locations":[{"start":{"line":364,"column":4},"end":{"line":368,"column":5}},{"start":{"line":366,"column":11},"end":{"line":368,"column":5}}],"line":364},"84":{"loc":{"start":{"line":366,"column":11},"end":{"line":368,"column":5}},"type":"if","locations":[{"start":{"line":366,"column":11},"end":{"line":368,"column":5}},{"start":{},"end":{}}],"line":366},"85":{"loc":{"start":{"line":376,"column":2},"end":{"line":383,"column":3}},"type":"if","locations":[{"start":{"line":376,"column":2},"end":{"line":383,"column":3}},{"start":{},"end":{}}],"line":376},"86":{"loc":{"start":{"line":379,"column":4},"end":{"line":381,"column":5}},"type":"if","locations":[{"start":{"line":379,"column":4},"end":{"line":381,"column":5}},{"start":{},"end":{}}],"line":379},"87":{"loc":{"start":{"line":389,"column":9},"end":{"line":389,"column":48}},"type":"binary-expr","locations":[{"start":{"line":389,"column":9},"end":{"line":389,"column":43}},{"start":{"line":389,"column":47},"end":{"line":389,"column":48}}],"line":389},"88":{"loc":{"start":{"line":390,"column":11},"end":{"line":390,"column":52}},"type":"binary-expr","locations":[{"start":{"line":390,"column":11},"end":{"line":390,"column":47}},{"start":{"line":390,"column":51},"end":{"line":390,"column":52}}],"line":390},"89":{"loc":{"start":{"line":402,"column":17},"end":{"line":402,"column":62}},"type":"binary-expr","locations":[{"start":{"line":402,"column":17},"end":{"line":402,"column":54}},{"start":{"line":402,"column":58},"end":{"line":402,"column":62}}],"line":402},"90":{"loc":{"start":{"line":405,"column":9},"end":{"line":405,"column":46}},"type":"binary-expr","locations":[{"start":{"line":405,"column":9},"end":{"line":405,"column":38}},{"start":{"line":405,"column":42},"end":{"line":405,"column":46}}],"line":405},"91":{"loc":{"start":{"line":406,"column":10},"end":{"line":406,"column":48}},"type":"binary-expr","locations":[{"start":{"line":406,"column":10},"end":{"line":406,"column":40}},{"start":{"line":406,"column":44},"end":{"line":406,"column":48}}],"line":406},"92":{"loc":{"start":{"line":407,"column":20},"end":{"line":407,"column":59}},"type":"binary-expr","locations":[{"start":{"line":407,"column":20},"end":{"line":407,"column":51}},{"start":{"line":407,"column":55},"end":{"line":407,"column":59}}],"line":407},"93":{"loc":{"start":{"line":408,"column":23},"end":{"line":408,"column":65}},"type":"binary-expr","locations":[{"start":{"line":408,"column":23},"end":{"line":408,"column":57}},{"start":{"line":408,"column":61},"end":{"line":408,"column":65}}],"line":408},"94":{"loc":{"start":{"line":409,"column":20},"end":{"line":409,"column":59}},"type":"binary-expr","locations":[{"start":{"line":409,"column":20},"end":{"line":409,"column":51}},{"start":{"line":409,"column":55},"end":{"line":409,"column":59}}],"line":409},"95":{"loc":{"start":{"line":417,"column":2},"end":{"line":417,"column":25}},"type":"if","locations":[{"start":{"line":417,"column":2},"end":{"line":417,"column":25}},{"start":{},"end":{}}],"line":417},"96":{"loc":{"start":{"line":422,"column":2},"end":{"line":424,"column":3}},"type":"if","locations":[{"start":{"line":422,"column":2},"end":{"line":424,"column":3}},{"start":{},"end":{}}],"line":422},"97":{"loc":{"start":{"line":425,"column":2},"end":{"line":427,"column":3}},"type":"if","locations":[{"start":{"line":425,"column":2},"end":{"line":427,"column":3}},{"start":{},"end":{}}],"line":425},"98":{"loc":{"start":{"line":436,"column":2},"end":{"line":438,"column":3}},"type":"if","locations":[{"start":{"line":436,"column":2},"end":{"line":438,"column":3}},{"start":{},"end":{}}],"line":436},"99":{"loc":{"start":{"line":440,"column":2},"end":{"line":440,"column":25}},"type":"if","locations":[{"start":{"line":440,"column":2},"end":{"line":440,"column":25}},{"start":{},"end":{}}],"line":440},"100":{"loc":{"start":{"line":441,"column":10},"end":{"line":441,"column":20}},"type":"binary-expr","locations":[{"start":{"line":441,"column":10},"end":{"line":441,"column":14}},{"start":{"line":441,"column":18},"end":{"line":441,"column":20}}],"line":441},"101":{"loc":{"start":{"line":450,"column":2},"end":{"line":452,"column":3}},"type":"if","locations":[{"start":{"line":450,"column":2},"end":{"line":452,"column":3}},{"start":{},"end":{}}],"line":450},"102":{"loc":{"start":{"line":454,"column":2},"end":{"line":454,"column":25}},"type":"if","locations":[{"start":{"line":454,"column":2},"end":{"line":454,"column":25}},{"start":{},"end":{}}],"line":454},"103":{"loc":{"start":{"line":455,"column":10},"end":{"line":455,"column":20}},"type":"binary-expr","locations":[{"start":{"line":455,"column":10},"end":{"line":455,"column":14}},{"start":{"line":455,"column":18},"end":{"line":455,"column":20}}],"line":455},"104":{"loc":{"start":{"line":468,"column":11},"end":{"line":468,"column":49}},"type":"binary-expr","locations":[{"start":{"line":468,"column":11},"end":{"line":468,"column":41}},{"start":{"line":468,"column":45},"end":{"line":468,"column":49}}],"line":468},"105":{"loc":{"start":{"line":469,"column":13},"end":{"line":469,"column":53}},"type":"binary-expr","locations":[{"start":{"line":469,"column":13},"end":{"line":469,"column":45}},{"start":{"line":469,"column":49},"end":{"line":469,"column":53}}],"line":469},"106":{"loc":{"start":{"line":472,"column":2},"end":{"line":472,"column":25}},"type":"if","locations":[{"start":{"line":472,"column":2},"end":{"line":472,"column":25}},{"start":{},"end":{}}],"line":472},"107":{"loc":{"start":{"line":476,"column":2},"end":{"line":476,"column":32}},"type":"cond-expr","locations":[{"start":{"line":476,"column":12},"end":{"line":476,"column":21}},{"start":{"line":476,"column":24},"end":{"line":476,"column":32}}],"line":476},"108":{"loc":{"start":{"line":480,"column":2},"end":{"line":480,"column":25}},"type":"if","locations":[{"start":{"line":480,"column":2},"end":{"line":480,"column":25}},{"start":{},"end":{}}],"line":480}},"s":{"0":1,"1":0,"2":1,"3":0,"4":0,"5":0,"6":0,"7":0,"8":1,"9":0,"10":0,"11":0,"12":0,"13":1,"14":0,"15":0,"16":0,"17":0,"18":0,"19":0,"20":0,"21":0,"22":0,"23":0,"24":0,"25":0,"26":0,"27":1,"28":0,"29":0,"30":0,"31":0,"32":0,"33":1,"34":1,"35":1,"36":0,"37":0,"38":0,"39":0,"40":0,"41":0,"42":0,"43":0,"44":0,"45":0,"46":0,"47":0,"48":1,"49":0,"50":0,"51":0,"52":0,"53":0,"54":0,"55":0,"56":0,"57":0,"58":0,"59":0,"60":0,"61":1,"62":0,"63":0,"64":0,"65":0,"66":0,"67":0,"68":0,"69":0,"70":0,"71":0,"72":0,"73":0,"74":0,"75":0,"76":0,"77":0,"78":0,"79":0,"80":0,"81":0,"82":0,"83":0,"84":0,"85":0,"86":0,"87":0,"88":0,"89":0,"90":0,"91":0,"92":0,"93":0,"94":0,"95":0,"96":1,"97":0,"98":0,"99":0,"100":0,"101":0,"102":0,"103":0,"104":0,"105":0,"106":0,"107":0,"108":1,"109":0,"110":0,"111":0,"112":0,"113":0,"114":0,"115":0,"116":0,"117":0,"118":0,"119":1,"120":0,"121":0,"122":0,"123":0,"124":0,"125":0,"126":0,"127":0,"128":0,"129":0,"130":0,"131":0,"132":0,"133":0,"134":1,"135":0,"136":0,"137":0,"138":0,"139":0,"140":0,"141":1,"142":0,"143":0,"144":0,"145":0,"146":0,"147":0,"148":0,"149":1,"150":0,"151":0,"152":0,"153":0,"154":0,"155":0,"156":0,"157":0,"158":1,"159":0,"160":0,"161":0,"162":1,"163":2,"164":1,"165":0,"166":0,"167":0},"f":{"0":0,"1":0,"2":0,"3":0,"4":0,"5":1,"6":0,"7":0,"8":0,"9":0,"10":0,"11":0,"12":0,"13":0,"14":0,"15":0,"16":0,"17":0,"18":0,"19":2,"20":0},"b":{"0":[0,0],"1":[0,0],"2":[0,0],"3":[0,0],"4":[0,0],"5":[0,0],"6":[0,0],"7":[0,0],"8":[0,0],"9":[0,0],"10":[0,0],"11":[0,0],"12":[0,0,0],"13":[0,0],"14":[0,0],"15":[0,0],"16":[0,0],"17":[0,0],"18":[0,0],"19":[0,0],"20":[0,0],"21":[0,0],"22":[0,0],"23":[0,0],"24":[0,0],"25":[0,0],"26":[0,0],"27":[0,0],"28":[1,1],"29":[1,0],"30":[1,0],"31":[1,0],"32":[1,0],"33":[1,0],"34":[1,0],"35":[1,0],"36":[1,0],"37":[1,0],"38":[1,0],"39":[1,0],"40":[1,0],"41":[1,0],"42":[1,0],"43":[1,0],"44":[1,0],"45":[1,0],"46":[1,0],"47":[1,0],"48":[1,0],"49":[1,0],"50":[0,0],"51":[0,0],"52":[0,0],"53":[0,0],"54":[0,0],"55":[0,0],"56":[0,0],"57":[0,0],"58":[0,0],"59":[0,0],"60":[0,0],"61":[0,0],"62":[0,0],"63":[0,0],"64":[0,0],"65":[0,0],"66":[0,0],"67":[0,0],"68":[0,0],"69":[0,0],"70":[0,0,0],"71":[0,0],"72":[0,0],"73":[0,0],"74":[0,0],"75":[0,0],"76":[0,0],"77":[0,0],"78":[0,0],"79":[0,0],"80":[0,0],"81":[0,0],"82":[0,0],"83":[0,0],"84":[0,0],"85":[0,0],"86":[0,0],"87":[0,0],"88":[0,0],"89":[0,0],"90":[0,0],"91":[0,0],"92":[0,0],"93":[0,0],"94":[0,0],"95":[0,0],"96":[0,0],"97":[0,0],"98":[0,0],"99":[0,0],"100":[0,0],"101":[0,0],"102":[0,0],"103":[0,0],"104":[0,0],"105":[0,0],"106":[0,0],"107":[1,1],"108":[0,0]},"_coverageSchema":"1a1c01bbd47fc00a2c39e90264f33305004495a9","hash":"a919f6850f6617b34c3d9b30efa743bcbdc22d23"},"C:\\dev\\rik-expo-app\\src\\screens\\profile\\hooks\\useProfileDerivedState.ts":{"path":"C:\\dev\\rik-expo-app\\src\\screens\\profile\\hooks\\useProfileDerivedState.ts","statementMap":{"0":{"start":{"line":12,"column":38},"end":{"line":106,"column":4}},"1":{"start":{"line":21,"column":2},"end":{"line":106,"column":4}},"2":{"start":{"line":22,"column":24},"end":{"line":27,"column":6}},"3":{"start":{"line":28,"column":22},"end":{"line":28,"column":61}},"4":{"start":{"line":29,"column":22},"end":{"line":29,"column":61}},"5":{"start":{"line":30,"column":25},"end":{"line":30,"column":61}},"6":{"start":{"line":32,"column":6},"end":{"line":32,"column":110}},"7":{"start":{"line":33,"column":29},"end":{"line":33,"column":100}},"8":{"start":{"line":34,"column":32},"end":{"line":36,"column":162}},"9":{"start":{"line":37,"column":30},"end":{"line":37,"column":73}},"10":{"start":{"line":39,"column":6},"end":{"line":41,"column":48}},"11":{"start":{"line":42,"column":35},"end":{"line":46,"column":5}},"12":{"start":{"line":47,"column":34},"end":{"line":47,"column":91}},"13":{"start":{"line":47,"column":74},"end":{"line":47,"column":83}},"14":{"start":{"line":48,"column":37},"end":{"line":48,"column":110}},"15":{"start":{"line":49,"column":35},"end":{"line":60,"column":5}},"16":{"start":{"line":61,"column":34},"end":{"line":61,"column":91}},"17":{"start":{"line":61,"column":74},"end":{"line":61,"column":83}},"18":{"start":{"line":62,"column":37},"end":{"line":62,"column":110}},"19":{"start":{"line":63,"column":30},"end":{"line":70,"column":7}},"20":{"start":{"line":63,"column":63},"end":{"line":70,"column":5}},"21":{"start":{"line":71,"column":28},"end":{"line":78,"column":6}},"22":{"start":{"line":80,"column":4},"end":{"line":97,"column":6}}},"fnMap":{"0":{"name":"(anonymous_0)","decl":{"start":{"line":12,"column":38},"end":{"line":12,"column":39}},"loc":{"start":{"line":21,"column":2},"end":{"line":106,"column":4}},"line":21},"1":{"name":"(anonymous_1)","decl":{"start":{"line":21,"column":10},"end":{"line":21,"column":11}},"loc":{"start":{"line":21,"column":16},"end":{"line":98,"column":3}},"line":21},"2":{"name":"(anonymous_2)","decl":{"start":{"line":47,"column":64},"end":{"line":47,"column":65}},"loc":{"start":{"line":47,"column":74},"end":{"line":47,"column":83}},"line":47},"3":{"name":"(anonymous_3)","decl":{"start":{"line":61,"column":64},"end":{"line":61,"column":65}},"loc":{"start":{"line":61,"column":74},"end":{"line":61,"column":83}},"line":61},"4":{"name":"(anonymous_4)","decl":{"start":{"line":63,"column":52},"end":{"line":63,"column":53}},"loc":{"start":{"line":63,"column":63},"end":{"line":70,"column":5}},"line":63}},"branchMap":{"0":{"loc":{"start":{"line":30,"column":25},"end":{"line":30,"column":61}},"type":"binary-expr","locations":[{"start":{"line":30,"column":25},"end":{"line":30,"column":54}},{"start":{"line":30,"column":58},"end":{"line":30,"column":61}}],"line":30},"1":{"loc":{"start":{"line":32,"column":6},"end":{"line":32,"column":110}},"type":"binary-expr","locations":[{"start":{"line":32,"column":6},"end":{"line":32,"column":86}},{"start":{"line":32,"column":90},"end":{"line":32,"column":110}}],"line":32},"2":{"loc":{"start":{"line":33,"column":29},"end":{"line":33,"column":100}},"type":"binary-expr","locations":[{"start":{"line":33,"column":29},"end":{"line":33,"column":57}},{"start":{"line":33,"column":61},"end":{"line":33,"column":100}}],"line":33},"3":{"loc":{"start":{"line":34,"column":32},"end":{"line":36,"column":162}},"type":"cond-expr","locations":[{"start":{"line":35,"column":8},"end":{"line":35,"column":120}},{"start":{"line":36,"column":8},"end":{"line":36,"column":162}}],"line":34},"4":{"loc":{"start":{"line":37,"column":38},"end":{"line":37,"column":72}},"type":"binary-expr","locations":[{"start":{"line":37,"column":38},"end":{"line":37,"column":52}},{"start":{"line":37,"column":56},"end":{"line":37,"column":72}}],"line":37},"5":{"loc":{"start":{"line":39,"column":6},"end":{"line":41,"column":48}},"type":"cond-expr","locations":[{"start":{"line":40,"column":10},"end":{"line":40,"column":95}},{"start":{"line":41,"column":10},"end":{"line":41,"column":48}}],"line":39},"6":{"loc":{"start":{"line":57,"column":22},"end":{"line":57,"column":89}},"type":"binary-expr","locations":[{"start":{"line":57,"column":22},"end":{"line":57,"column":56}},{"start":{"line":57,"column":60},"end":{"line":57,"column":89}}],"line":57},"7":{"loc":{"start":{"line":64,"column":17},"end":{"line":64,"column":31}},"type":"binary-expr","locations":[{"start":{"line":64,"column":17},"end":{"line":64,"column":25}},{"start":{"line":64,"column":29},"end":{"line":64,"column":31}}],"line":64},"8":{"loc":{"start":{"line":65,"column":20},"end":{"line":65,"column":57}},"type":"binary-expr","locations":[{"start":{"line":65,"column":20},"end":{"line":65,"column":31}},{"start":{"line":65,"column":35},"end":{"line":65,"column":57}}],"line":65},"9":{"loc":{"start":{"line":66,"column":12},"end":{"line":66,"column":61}},"type":"cond-expr","locations":[{"start":{"line":66,"column":45},"end":{"line":66,"column":54}},{"start":{"line":66,"column":57},"end":{"line":66,"column":61}}],"line":66},"10":{"loc":{"start":{"line":67,"column":12},"end":{"line":67,"column":61}},"type":"cond-expr","locations":[{"start":{"line":67,"column":45},"end":{"line":67,"column":54}},{"start":{"line":67,"column":57},"end":{"line":67,"column":61}}],"line":67},"11":{"loc":{"start":{"line":68,"column":13},"end":{"line":68,"column":99}},"type":"cond-expr","locations":[{"start":{"line":68,"column":82},"end":{"line":68,"column":92}},{"start":{"line":68,"column":95},"end":{"line":68,"column":99}}],"line":68},"12":{"loc":{"start":{"line":68,"column":13},"end":{"line":68,"column":79}},"type":"binary-expr","locations":[{"start":{"line":68,"column":13},"end":{"line":68,"column":44}},{"start":{"line":68,"column":48},"end":{"line":68,"column":79}}],"line":68},"13":{"loc":{"start":{"line":69,"column":14},"end":{"line":69,"column":67}},"type":"cond-expr","locations":[{"start":{"line":69,"column":49},"end":{"line":69,"column":60}},{"start":{"line":69,"column":63},"end":{"line":69,"column":67}}],"line":69},"14":{"loc":{"start":{"line":73,"column":12},"end":{"line":73,"column":56}},"type":"binary-expr","locations":[{"start":{"line":73,"column":12},"end":{"line":73,"column":32}},{"start":{"line":73,"column":36},"end":{"line":73,"column":56}}],"line":73}},"s":{"0":1,"1":1,"2":1,"3":1,"4":1,"5":1,"6":1,"7":1,"8":1,"9":1,"10":1,"11":1,"12":1,"13":3,"14":1,"15":1,"16":1,"17":6,"18":1,"19":1,"20":1,"21":1,"22":1},"f":{"0":1,"1":1,"2":3,"3":6,"4":1},"b":{"0":[1,0],"1":[1,0],"2":[1,0],"3":[1,0],"4":[1,0],"5":[1,0],"6":[1,0],"7":[1,0],"8":[1,0],"9":[1,0],"10":[1,0],"11":[1,0],"12":[1,0],"13":[1,0],"14":[1,0]},"_coverageSchema":"1a1c01bbd47fc00a2c39e90264f33305004495a9","hash":"f9cab8ce0115c9560833b7cc1ccc3af9b1545f4d"}}}
