{"numFailedTestSuites":0,"numFailedTests":0,"numPassedTestSuites":3,"numPassedTests":19,"numPendingTestSuites":0,"numPendingTests":0,"numRuntimeErrorTestSuites":0,"numTodoTests":0,"numTotalTestSuites":3,"numTotalTests":19,"openHandles":[],"snapshot":{"added":0,"didUpdate":false,"failure":false,"filesAdded":0,"filesRemoved":0,"filesRemovedList":[],"filesUnmatched":0,"filesUpdated":0,"matched":0,"total":0,"unchecked":0,"uncheckedKeysByFile":[],"unmatched":0,"updated":0},"startTime":1775032030613,"success":true,"testResults":[{"assertionResults":[{"ancestorTitles":["warehouse pdf source services rpc-only boundary"],"duration":12577,"failureDetails":[],"failureMessages":[],"fullName":"warehouse pdf source services rpc-only boundary loads warehouse incoming form PDF source from canonical rpc only","invocations":1,"location":null,"numPassingAsserts":8,"retryReasons":[],"status":"passed","title":"loads warehouse incoming form PDF source from canonical rpc only"},{"ancestorTitles":["warehouse pdf source services rpc-only boundary"],"duration":36,"failureDetails":[],"failureMessages":[],"fullName":"warehouse pdf source services rpc-only boundary loads warehouse day materials PDF source from canonical rpc only","invocations":1,"location":null,"numPassingAsserts":8,"retryReasons":[],"status":"passed","title":"loads warehouse day materials PDF source from canonical rpc only"},{"ancestorTitles":["warehouse pdf source services rpc-only boundary"],"duration":40,"failureDetails":[],"failureMessages":[],"fullName":"warehouse pdf source services rpc-only boundary loads warehouse incoming materials PDF source from canonical rpc only","invocations":1,"location":null,"numPassingAsserts":8,"retryReasons":[],"status":"passed","title":"loads warehouse incoming materials PDF source from canonical rpc only"},{"ancestorTitles":["warehouse pdf source services rpc-only boundary"],"duration":33,"failureDetails":[],"failureMessages":[],"fullName":"warehouse pdf source services rpc-only boundary loads warehouse object work PDF source from canonical rpc only","invocations":1,"location":null,"numPassingAsserts":8,"retryReasons":[],"status":"passed","title":"loads warehouse object work PDF source from canonical rpc only"},{"ancestorTitles":["warehouse pdf source services rpc-only boundary"],"duration":444,"failureDetails":[],"failureMessages":[],"fullName":"warehouse pdf source services rpc-only boundary hard-fails and stays rpc-only when warehouse incoming form rpc errors","invocations":1,"location":null,"numPassingAsserts":4,"retryReasons":[],"status":"passed","title":"hard-fails and stays rpc-only when warehouse incoming form rpc errors"},{"ancestorTitles":["warehouse pdf source services rpc-only boundary"],"duration":34,"failureDetails":[],"failureMessages":[],"fullName":"warehouse pdf source services rpc-only boundary hard-fails and stays rpc-only when warehouse day materials rpc errors","invocations":1,"location":null,"numPassingAsserts":4,"retryReasons":[],"status":"passed","title":"hard-fails and stays rpc-only when warehouse day materials rpc errors"},{"ancestorTitles":["warehouse pdf source services rpc-only boundary"],"duration":30,"failureDetails":[],"failureMessages":[],"fullName":"warehouse pdf source services rpc-only boundary hard-fails and stays rpc-only when warehouse incoming materials rpc errors","invocations":1,"location":null,"numPassingAsserts":4,"retryReasons":[],"status":"passed","title":"hard-fails and stays rpc-only when warehouse incoming materials rpc errors"},{"ancestorTitles":["warehouse pdf source services rpc-only boundary"],"duration":32,"failureDetails":[],"failureMessages":[],"fullName":"warehouse pdf source services rpc-only boundary hard-fails and stays rpc-only when warehouse object work rpc errors","invocations":1,"location":null,"numPassingAsserts":4,"retryReasons":[],"status":"passed","title":"hard-fails and stays rpc-only when warehouse object work rpc errors"},{"ancestorTitles":["warehouse pdf source services rpc-only boundary"],"duration":323,"failureDetails":[],"failureMessages":[],"fullName":"warehouse pdf source services rpc-only boundary rejects force_off mode for warehouse incoming form because legacy fallback branches were removed","invocations":1,"location":null,"numPassingAsserts":3,"retryReasons":[],"status":"passed","title":"rejects force_off mode for warehouse incoming form because legacy fallback branches were removed"},{"ancestorTitles":["warehouse pdf source services rpc-only boundary"],"duration":9,"failureDetails":[],"failureMessages":[],"fullName":"warehouse pdf source services rpc-only boundary rejects force_off mode for warehouse day materials because legacy fallback branches were removed","invocations":1,"location":null,"numPassingAsserts":3,"retryReasons":[],"status":"passed","title":"rejects force_off mode for warehouse day materials because legacy fallback branches were removed"},{"ancestorTitles":["warehouse pdf source services rpc-only boundary"],"duration":9,"failureDetails":[],"failureMessages":[],"fullName":"warehouse pdf source services rpc-only boundary rejects force_off mode for warehouse incoming materials because legacy fallback branches were removed","invocations":1,"location":null,"numPassingAsserts":3,"retryReasons":[],"status":"passed","title":"rejects force_off mode for warehouse incoming materials because legacy fallback branches were removed"},{"ancestorTitles":["warehouse pdf source services rpc-only boundary"],"duration":6,"failureDetails":[],"failureMessages":[],"fullName":"warehouse pdf source services rpc-only boundary rejects force_off mode for warehouse object work because legacy fallback branches were removed","invocations":1,"location":null,"numPassingAsserts":3,"retryReasons":[],"status":"passed","title":"rejects force_off mode for warehouse object work because legacy fallback branches were removed"}],"endTime":1775032045025,"message":"","name":"C:\\dev\\rik-expo-app\\src\\screens\\warehouse\\warehouse.pdf.source.services.test.ts","startTime":1775032030734,"status":"passed","summary":""},{"assertionResults":[{"ancestorTitles":["pdf layer decomposition public contracts"],"duration":67,"failureDetails":[],"failureMessages":[],"fullName":"pdf layer decomposition public contracts keeps warehouse issue/incoming builders rendering html shells","invocations":1,"location":null,"numPassingAsserts":6,"retryReasons":[],"status":"passed","title":"keeps warehouse issue/incoming builders rendering html shells"},{"ancestorTitles":["pdf layer decomposition public contracts"],"duration":3,"failureDetails":[],"failureMessages":[],"fullName":"pdf layer decomposition public contracts keeps warehouse analytics families rendering their data rows","invocations":1,"location":null,"numPassingAsserts":4,"retryReasons":[],"status":"passed","title":"keeps warehouse analytics families rendering their data rows"},{"ancestorTitles":["pdf layer decomposition public contracts"],"duration":2,"failureDetails":[],"failureMessages":[],"fullName":"pdf layer decomposition public contracts keeps director finance and management families rendering stable html","invocations":1,"location":null,"numPassingAsserts":5,"retryReasons":[],"status":"passed","title":"keeps director finance and management families rendering stable html"},{"ancestorTitles":["pdf layer decomposition public contracts"],"duration":10,"failureDetails":[],"failureMessages":[],"fullName":"pdf layer decomposition public contracts keeps director supplier, production, and subcontract families rendering stable html","invocations":1,"location":null,"numPassingAsserts":6,"retryReasons":[],"status":"passed","title":"keeps director supplier, production, and subcontract families rendering stable html"}],"endTime":1775032045439,"message":"","name":"C:\\dev\\rik-expo-app\\src\\lib\\pdf\\pdfLayerDecomposition.test.ts","startTime":1775032045089,"status":"passed","summary":""},{"assertionResults":[{"ancestorTitles":["pdf_director exports"],"duration":62,"failureDetails":[],"failureMessages":[],"fullName":"pdf_director exports Director finance PDF works through source -> shaping -> render","invocations":1,"location":null,"numPassingAsserts":3,"retryReasons":[],"status":"passed","title":"Director finance PDF works through source -> shaping -> render"},{"ancestorTitles":["pdf_director exports"],"duration":5,"failureDetails":[],"failureMessages":[],"fullName":"pdf_director exports Director supplier summary PDF uses backend finance source contract without fallback args","invocations":1,"location":null,"numPassingAsserts":3,"retryReasons":[],"status":"passed","title":"Director supplier summary PDF uses backend finance source contract without fallback args"},{"ancestorTitles":["pdf_director exports"],"duration":6,"failureDetails":[],"failureMessages":[],"fullName":"pdf_director exports Director production PDF works through source -> shaping -> render","invocations":1,"location":null,"numPassingAsserts":3,"retryReasons":[],"status":"passed","title":"Director production PDF works through source -> shaping -> render"}],"endTime":1775032045670,"message":"","name":"C:\\dev\\rik-expo-app\\src\\lib\\api\\pdf_director.test.ts","startTime":1775032045478,"status":"passed","summary":""}],"wasInterrupted":false}
