{"numFailedTestSuites":0,"numFailedTests":0,"numPassedTestSuites":1,"numPassedTests":2,"numPendingTestSuites":0,"numPendingTests":0,"numRuntimeErrorTestSuites":0,"numTodoTests":0,"numTotalTestSuites":1,"numTotalTests":2,"openHandles":[],"snapshot":{"added":0,"didUpdate":false,"failure":false,"filesAdded":0,"filesRemoved":0,"filesRemovedList":[],"filesUnmatched":0,"filesUpdated":0,"matched":0,"total":0,"unchecked":0,"uncheckedKeysByFile":[],"unmatched":0,"updated":0},"startTime":1774972543059,"success":true,"testResults":[{"assertionResults":[{"ancestorTitles":["accountant.attachments evidence boundary"],"duration":4,"failureDetails":[],"failureMessages":[],"fullName":"accountant.attachments evidence boundary keeps supplier commercial evidence and drops technical buyer-only rows","invocations":1,"location":null,"numPassingAsserts":3,"retryReasons":[],"status":"passed","title":"keeps supplier commercial evidence and drops technical buyer-only rows"},{"ancestorTitles":["accountant.attachments evidence boundary"],"duration":1,"failureDetails":[],"failureMessages":[],"fullName":"accountant.attachments evidence boundary preserves current semantics by excluding invoice attachments from accountant basis list","invocations":1,"location":null,"numPassingAsserts":3,"retryReasons":[],"status":"passed","title":"preserves current semantics by excluding invoice attachments from accountant basis list"}],"endTime":1774972544278,"message":"","name":"C:\\dev\\rik-expo-app\\src\\screens\\accountant\\accountant.attachments.test.ts","startTime":1774972543153,"status":"passed","summary":""}],"wasInterrupted":false}
