{"numFailedTestSuites":0,"numFailedTests":0,"numPassedTestSuites":2,"numPassedTests":3,"numPendingTestSuites":0,"numPendingTests":0,"numRuntimeErrorTestSuites":0,"numTodoTests":0,"numTotalTestSuites":2,"numTotalTests":3,"openHandles":[],"snapshot":{"added":0,"didUpdate":false,"failure":false,"filesAdded":0,"filesRemoved":0,"filesRemovedList":[],"filesUnmatched":0,"filesUpdated":0,"matched":0,"total":0,"unchecked":0,"uncheckedKeysByFile":[],"unmatched":0,"updated":0},"startTime":1775009575288,"success":true,"testResults":[{"assertionResults":[{"ancestorTitles":["MapRenderer platform split"],"duration":68,"failureDetails":[],"failureMessages":[],"fullName":"MapRenderer platform split loads the web renderer only on web","invocations":1,"location":null,"numPassingAsserts":3,"retryReasons":[],"status":"passed","title":"loads the web renderer only on web"},{"ancestorTitles":["MapRenderer platform split"],"duration":2,"failureDetails":[],"failureMessages":[],"fullName":"MapRenderer platform split loads the native renderer outside web","invocations":1,"location":null,"numPassingAsserts":3,"retryReasons":[],"status":"passed","title":"loads the native renderer outside web"}],"endTime":1775009576280,"message":"","name":"C:\\dev\\rik-expo-app\\src\\components\\map\\MapRenderer.platform.test.ts","startTime":1775009575372,"status":"passed","summary":""},{"assertionResults":[{"ancestorTitles":["ensureLeafletWebCss"],"duration":2,"failureDetails":[],"failureMessages":[],"fullName":"ensureLeafletWebCss injects leaflet css once into the current document","invocations":1,"location":null,"numPassingAsserts":2,"retryReasons":[],"status":"passed","title":"injects leaflet css once into the current document"}],"endTime":1775009576355,"message":"","name":"C:\\dev\\rik-expo-app\\src\\components\\map\\leafletWebCss.test.ts","startTime":1775009576289,"status":"passed","summary":""}],"wasInterrupted":false}
