{"numFailedTestSuites":0,"numFailedTests":0,"numPassedTestSuites":5,"numPassedTests":10,"numPendingTestSuites":0,"numPendingTests":0,"numRuntimeErrorTestSuites":0,"numTodoTests":0,"numTotalTestSuites":5,"numTotalTests":10,"openHandles":[],"snapshot":{"added":0,"didUpdate":false,"failure":false,"filesAdded":0,"filesRemoved":0,"filesRemovedList":[],"filesUnmatched":0,"filesUpdated":0,"matched":0,"total":0,"unchecked":0,"uncheckedKeysByFile":[],"unmatched":0,"updated":0},"startTime":1775011031442,"success":true,"testResults":[{"assertionResults":[{"ancestorTitles":["profile form hooks"],"duration":20,"failureDetails":[],"failureMessages":[],"fullName":"profile form hooks hydrates profile form and resets avatar draft without changing owner semantics","invocations":1,"location":null,"numPassingAsserts":3,"retryReasons":[],"status":"passed","title":"hydrates profile form and resets avatar draft without changing owner semantics"},{"ancestorTitles":["profile form hooks"],"duration":1,"failureDetails":[],"failureMessages":[],"fullName":"profile form hooks hydrates company form with company and profile fallbacks","invocations":1,"location":null,"numPassingAsserts":4,"retryReasons":[],"status":"passed","title":"hydrates company form with company and profile fallbacks"},{"ancestorTitles":["profile form hooks"],"duration":10,"failureDetails":[],"failureMessages":[],"fullName":"profile form hooks prepares listing form with mode-aware defaults and clears listing-local tail","invocations":1,"location":null,"numPassingAsserts":5,"retryReasons":[],"status":"passed","title":"prepares listing form with mode-aware defaults and clears listing-local tail"}],"endTime":1775011034062,"message":"","name":"C:\\dev\\rik-expo-app\\src\\screens\\profile\\hooks\\useProfileForms.test.tsx","startTime":1775011031669,"status":"passed","summary":""},{"assertionResults":[{"ancestorTitles":["ProfilePersonOverview"],"duration":199,"failureDetails":[],"failureMessages":[],"fullName":"ProfilePersonOverview renders company card and forwards action handlers","invocations":1,"location":null,"numPassingAsserts":2,"retryReasons":[],"status":"passed","title":"renders company card and forwards action handlers"},{"ancestorTitles":["ProfilePersonOverview"],"duration":17,"failureDetails":[],"failureMessages":[],"fullName":"ProfilePersonOverview hides optional panels when requisites and invite code are absent","invocations":1,"location":null,"numPassingAsserts":3,"retryReasons":[],"status":"passed","title":"hides optional panels when requisites and invite code are absent"}],"endTime":1775011035131,"message":"","name":"C:\\dev\\rik-expo-app\\src\\screens\\profile\\components\\ProfilePersonOverview.test.tsx","startTime":1775011034108,"status":"passed","summary":""},{"assertionResults":[{"ancestorTitles":["ProfilePrimitives"],"duration":22,"failureDetails":[],"failureMessages":[],"fullName":"ProfilePrimitives renders menu row and row item without crashing","invocations":1,"location":null,"numPassingAsserts":2,"retryReasons":[],"status":"passed","title":"renders menu row and row item without crashing"},{"ancestorTitles":["ProfilePrimitives"],"duration":56,"failureDetails":[],"failureMessages":[],"fullName":"ProfilePrimitives renders labeled input with provided value","invocations":1,"location":null,"numPassingAsserts":1,"retryReasons":[],"status":"passed","title":"renders labeled input with provided value"}],"endTime":1775011035566,"message":"","name":"C:\\dev\\rik-expo-app\\src\\screens\\profile\\components\\ProfilePrimitives.test.tsx","startTime":1775011035185,"status":"passed","summary":""},{"assertionResults":[{"ancestorTitles":["profile.services"],"duration":1,"failureDetails":[],"failureMessages":[],"fullName":"profile.services buildCompanyPayload trims values and falls back to company name","invocations":1,"location":null,"numPassingAsserts":1,"retryReasons":[],"status":"passed","title":"buildCompanyPayload trims values and falls back to company name"},{"ancestorTitles":["profile.services"],"duration":1,"failureDetails":[],"failureMessages":[],"fullName":"profile.services buildProfileModeFromCompany preserves person/company semantics","invocations":1,"location":null,"numPassingAsserts":2,"retryReasons":[],"status":"passed","title":"buildProfileModeFromCompany preserves person/company semantics"}],"endTime":1775011036002,"message":"","name":"C:\\dev\\rik-expo-app\\src\\screens\\profile\\profile.services.test.ts","startTime":1775011035593,"status":"passed","summary":""},{"assertionResults":[{"ancestorTitles":["useProfileDerivedState"],"duration":5,"failureDetails":[],"failureMessages":[],"fullName":"useProfileDerivedState derives stable profile completion, company labels and assistant prompt","invocations":1,"location":null,"numPassingAsserts":8,"retryReasons":[],"status":"passed","title":"derives stable profile completion, company labels and assistant prompt"}],"endTime":1775011036224,"message":"","name":"C:\\dev\\rik-expo-app\\src\\screens\\profile\\hooks\\useProfileDerivedState.test.tsx","startTime":1775011036037,"status":"passed","summary":""}],"wasInterrupted":false}
