{"numFailedTestSuites":0,"numFailedTests":0,"numPassedTestSuites":4,"numPassedTests":10,"numPendingTestSuites":0,"numPendingTests":0,"numRuntimeErrorTestSuites":0,"numTodoTests":0,"numTotalTestSuites":4,"numTotalTests":10,"openHandles":[],"snapshot":{"added":0,"didUpdate":false,"failure":false,"filesAdded":0,"filesRemoved":0,"filesRemovedList":[],"filesUnmatched":0,"filesUpdated":0,"matched":0,"total":0,"unchecked":0,"uncheckedKeysByFile":[],"unmatched":0,"updated":0},"startTime":1774950590531,"success":true,"testResults":[{"assertionResults":[{"ancestorTitles":["foreman local draft lifecycle boundary"],"duration":13,"failureDetails":[],"failureMessages":[],"fullName":"foreman local draft lifecycle boundary clears durable bootstrap snapshot when remote request is already submitted","invocations":1,"location":null,"numPassingAsserts":3,"retryReasons":[],"status":"passed","title":"clears durable bootstrap snapshot when remote request is already submitted"},{"ancestorTitles":["foreman local draft lifecycle boundary"],"duration":2,"failureDetails":[],"failureMessages":[],"fullName":"foreman local draft lifecycle boundary treats submitted remote request as terminal and does not rebuild mutable snapshot","invocations":1,"location":null,"numPassingAsserts":3,"retryReasons":[],"status":"passed","title":"treats submitted remote request as terminal and does not rebuild mutable snapshot"}],"endTime":1774950595391,"message":"","name":"C:\\dev\\rik-expo-app\\src\\screens\\foreman\\foreman.localDraft.lifecycle.test.ts","startTime":1774950591352,"status":"passed","summary":""},{"assertionResults":[{"ancestorTitles":["proposals silent catch discipline"],"duration":4,"failureDetails":[],"failureMessages":[],"fullName":"proposals silent catch discipline records degraded fallback when proposal item RPC fails but fallback insert succeeds","invocations":1,"location":null,"numPassingAsserts":4,"retryReasons":[],"status":"passed","title":"records degraded fallback when proposal item RPC fails but fallback insert succeeds"},{"ancestorTitles":["proposals silent catch discipline"],"duration":15,"failureDetails":[],"failureMessages":[],"fullName":"proposals silent catch discipline surfaces submit failures through observability and rethrows them","invocations":1,"location":null,"numPassingAsserts":3,"retryReasons":[],"status":"passed","title":"surfaces submit failures through observability and rethrows them"},{"ancestorTitles":["proposals silent catch discipline"],"duration":3,"failureDetails":[],"failureMessages":[],"fullName":"proposals silent catch discipline preserves degraded proposal rows instead of silently dropping them","invocations":1,"location":null,"numPassingAsserts":3,"retryReasons":[],"status":"passed","title":"preserves degraded proposal rows instead of silently dropping them"},{"ancestorTitles":["proposals silent catch discipline"],"duration":2,"failureDetails":[],"failureMessages":[],"fullName":"proposals silent catch discipline maps integrity degraded submit failures to explicit recoverable error","invocations":1,"location":null,"numPassingAsserts":1,"retryReasons":[],"status":"passed","title":"maps integrity degraded submit failures to explicit recoverable error"}],"endTime":1774950596013,"message":"","name":"C:\\dev\\rik-expo-app\\src\\lib\\api\\proposals.silentCatch.test.ts","startTime":1774950595594,"status":"passed","summary":""},{"assertionResults":[{"ancestorTitles":["request draft sync lifecycle boundary"],"duration":15,"failureDetails":[],"failureMessages":[],"fullName":"request draft sync lifecycle boundary surfaces stale submitted request lifecycle errors without silent fallback","invocations":1,"location":null,"numPassingAsserts":1,"retryReasons":[],"status":"passed","title":"surfaces stale submitted request lifecycle errors without silent fallback"}],"endTime":1774950596181,"message":"","name":"C:\\dev\\rik-expo-app\\src\\lib\\api\\requestDraftSync.service.test.ts","startTime":1774950596040,"status":"passed","summary":""},{"assertionResults":[{"ancestorTitles":["foreman draft boundary silent failure discipline"],"duration":3,"failureDetails":[],"failureMessages":[],"fullName":"foreman draft boundary silent failure discipline records degraded fallback and clears details when request detail load fails","invocations":1,"location":null,"numPassingAsserts":6,"retryReasons":[],"status":"passed","title":"records degraded fallback and clears details when request detail load fails"},{"ancestorTitles":["foreman draft boundary silent failure discipline"],"duration":1,"failureDetails":[],"failureMessages":[],"fullName":"foreman draft boundary silent failure discipline records degraded fallback when request header meta sync fails","invocations":1,"location":null,"numPassingAsserts":3,"retryReasons":[],"status":"passed","title":"records degraded fallback when request header meta sync fails"},{"ancestorTitles":["foreman draft boundary silent failure discipline"],"duration":3,"failureDetails":[],"failureMessages":[],"fullName":"foreman draft boundary silent failure discipline removes anonymous background boundary swallows from the critical foreman restore path","invocations":1,"location":null,"numPassingAsserts":6,"retryReasons":[],"status":"passed","title":"removes anonymous background boundary swallows from the critical foreman restore path"}],"endTime":1774950596529,"message":"","name":"C:\\dev\\rik-expo-app\\src\\screens\\foreman\\foreman.draftBoundary.silentCatch.test.ts","startTime":1774950596197,"status":"passed","summary":""}],"wasInterrupted":false}
