{"numFailedTestSuites":0,"numFailedTests":0,"numPassedTestSuites":2,"numPassedTests":11,"numPendingTestSuites":0,"numPendingTests":0,"numRuntimeErrorTestSuites":0,"numTodoTests":0,"numTotalTestSuites":2,"numTotalTests":11,"openHandles":[],"snapshot":{"added":0,"didUpdate":false,"failure":false,"filesAdded":0,"filesRemoved":0,"filesRemovedList":[],"filesUnmatched":0,"filesUpdated":0,"matched":0,"total":0,"unchecked":0,"uncheckedKeysByFile":[],"unmatched":0,"updated":0},"startTime":1774967103287,"success":true,"testResults":[{"assertionResults":[{"ancestorTitles":["mutationWorker contract"],"duration":9,"failureDetails":[],"failureMessages":[],"fullName":"mutationWorker contract turns retryable sync failures into retry_scheduled queue state","invocations":1,"location":null,"numPassingAsserts":6,"retryReasons":[],"status":"passed","title":"turns retryable sync failures into retry_scheduled queue state"},{"ancestorTitles":["mutationWorker contract"],"duration":6,"failureDetails":[],"failureMessages":[],"fullName":"mutationWorker contract turns exhausted retries into failed_non_retryable terminal state","invocations":1,"location":null,"numPassingAsserts":4,"retryReasons":[],"status":"passed","title":"turns exhausted retries into failed_non_retryable terminal state"},{"ancestorTitles":["mutationWorker contract"],"duration":2,"failureDetails":[],"failureMessages":[],"fullName":"mutationWorker contract turns stale/conflict failures into conflicted queue state","invocations":1,"location":null,"numPassingAsserts":5,"retryReasons":[],"status":"passed","title":"turns stale/conflict failures into conflicted queue state"},{"ancestorTitles":["mutationWorker contract"],"duration":2,"failureDetails":[],"failureMessages":[],"fullName":"mutationWorker contract restores stuck processing mutations before retrying them through the worker","invocations":1,"location":null,"numPassingAsserts":4,"retryReasons":[],"status":"passed","title":"restores stuck processing mutations before retrying them through the worker"},{"ancestorTitles":["mutationWorker contract"],"duration":2,"failureDetails":[],"failureMessages":[],"fullName":"mutationWorker contract removes completed mutations from active processing and does not reprocess them on the next flush","invocations":1,"location":null,"numPassingAsserts":5,"retryReasons":[],"status":"passed","title":"removes completed mutations from active processing and does not reprocess them on the next flush"}],"endTime":1774967104677,"message":"","name":"C:\\dev\\rik-expo-app\\src\\lib\\offline\\mutationWorker.contract.test.ts","startTime":1774967103380,"status":"passed","summary":""},{"assertionResults":[{"ancestorTitles":["mutationQueue contract"],"duration":2,"failureDetails":[],"failureMessages":[],"fullName":"mutationQueue contract collapses exact duplicate mutations by dedupeKey and keeps the latest payload intent","invocations":1,"location":null,"numPassingAsserts":4,"retryReasons":[],"status":"passed","title":"collapses exact duplicate mutations by dedupeKey and keeps the latest payload intent"},{"ancestorTitles":["mutationQueue contract"],"duration":1,"failureDetails":[],"failureMessages":[],"fullName":"mutationQueue contract coalesces compatible pending mutations into a single queued intent","invocations":1,"location":null,"numPassingAsserts":2,"retryReasons":[],"status":"passed","title":"coalesces compatible pending mutations into a single queued intent"},{"ancestorTitles":["mutationQueue contract"],"duration":0,"failureDetails":[],"failureMessages":[],"fullName":"mutationQueue contract lets a terminal mutation absorb obsolete pending draft intent without losing the last valid action","invocations":1,"location":null,"numPassingAsserts":2,"retryReasons":[],"status":"passed","title":"lets a terminal mutation absorb obsolete pending draft intent without losing the last valid action"},{"ancestorTitles":["mutationQueue contract"],"duration":0,"failureDetails":[],"failureMessages":[],"fullName":"mutationQueue contract restores stuck inflight mutations back to queued and emits recovery telemetry","invocations":1,"location":null,"numPassingAsserts":2,"retryReasons":[],"status":"passed","title":"restores stuck inflight mutations back to queued and emits recovery telemetry"},{"ancestorTitles":["mutationQueue contract"],"duration":1,"failureDetails":[],"failureMessages":[],"fullName":"mutationQueue contract respects retry scheduling but lets network_back recover network-unreachable retries immediately","invocations":1,"location":null,"numPassingAsserts":2,"retryReasons":[],"status":"passed","title":"respects retry scheduling but lets network_back recover network-unreachable retries immediately"},{"ancestorTitles":["mutationQueue contract"],"duration":2,"failureDetails":[],"failureMessages":[],"fullName":"mutationQueue contract prunes terminal history to the newest 20 entries without corrupting active queue truth","invocations":1,"location":null,"numPassingAsserts":4,"retryReasons":[],"status":"passed","title":"prunes terminal history to the newest 20 entries without corrupting active queue truth"}],"endTime":1774967104786,"message":"","name":"C:\\dev\\rik-expo-app\\src\\lib\\offline\\mutationQueue.contract.test.ts","startTime":1774967104701,"status":"passed","summary":""}],"wasInterrupted":false}
