{"numFailedTestSuites":0,"numFailedTests":0,"numPassedTestSuites":2,"numPassedTests":2,"numPendingTestSuites":0,"numPendingTests":0,"numRuntimeErrorTestSuites":0,"numTodoTests":0,"numTotalTestSuites":2,"numTotalTests":2,"openHandles":[],"snapshot":{"added":0,"didUpdate":false,"failure":false,"filesAdded":0,"filesRemoved":0,"filesRemovedList":[],"filesUnmatched":0,"filesUpdated":0,"matched":0,"total":0,"unchecked":0,"uncheckedKeysByFile":[],"unmatched":0,"updated":0},"startTime":1775029863340,"success":true,"testResults":[{"assertionResults":[{"ancestorTitles":["exportAoaWorkbookWeb"],"duration":6,"failureDetails":[],"failureMessages":[],"fullName":"exportAoaWorkbookWeb loads xlsx lazily and downloads a workbook via browser primitives","invocations":1,"location":null,"numPassingAsserts":12,"retryReasons":[],"status":"passed","title":"loads xlsx lazily and downloads a workbook via browser primitives"}],"endTime":1775029864068,"message":"","name":"C:\\dev\\rik-expo-app\\src\\lib\\exports\\xlsxExport.test.ts","startTime":1775029863441,"status":"passed","summary":""},{"assertionResults":[{"ancestorTitles":["ensureLeafletWebCss"],"duration":2,"failureDetails":[],"failureMessages":[],"fullName":"ensureLeafletWebCss injects leaflet css once into the current document","invocations":1,"location":null,"numPassingAsserts":2,"retryReasons":[],"status":"passed","title":"injects leaflet css once into the current document"}],"endTime":1775029864234,"message":"","name":"C:\\dev\\rik-expo-app\\src\\components\\map\\leafletWebCss.test.ts","startTime":1775029864108,"status":"passed","summary":""}],"wasInterrupted":false}
