{"numFailedTestSuites":0,"numFailedTests":0,"numPassedTestSuites":3,"numPassedTests":5,"numPendingTestSuites":0,"numPendingTests":0,"numRuntimeErrorTestSuites":0,"numTodoTests":0,"numTotalTestSuites":3,"numTotalTests":5,"openHandles":[],"snapshot":{"added":0,"didUpdate":false,"failure":false,"filesAdded":0,"filesRemoved":0,"filesRemovedList":[],"filesUnmatched":0,"filesUpdated":0,"matched":0,"total":0,"unchecked":0,"uncheckedKeysByFile":[],"unmatched":0,"updated":0},"startTime":1774959627453,"success":true,"testResults":[{"assertionResults":[{"ancestorTitles":["ProfilePrimitives"],"duration":93,"failureDetails":[],"failureMessages":[],"fullName":"ProfilePrimitives renders menu row and row item without crashing","invocations":1,"location":null,"numPassingAsserts":2,"retryReasons":[],"status":"passed","title":"renders menu row and row item without crashing"},{"ancestorTitles":["ProfilePrimitives"],"duration":38,"failureDetails":[],"failureMessages":[],"fullName":"ProfilePrimitives renders labeled input with provided value","invocations":1,"location":null,"numPassingAsserts":1,"retryReasons":[],"status":"passed","title":"renders labeled input with provided value"}],"endTime":1774959628785,"message":"","name":"C:\\dev\\rik-expo-app\\src\\screens\\profile\\components\\ProfilePrimitives.test.tsx","startTime":1774959627582,"status":"passed","summary":""},{"assertionResults":[{"ancestorTitles":["profile.services"],"duration":1,"failureDetails":[],"failureMessages":[],"fullName":"profile.services buildCompanyPayload trims values and falls back to company name","invocations":1,"location":null,"numPassingAsserts":1,"retryReasons":[],"status":"passed","title":"buildCompanyPayload trims values and falls back to company name"},{"ancestorTitles":["profile.services"],"duration":0,"failureDetails":[],"failureMessages":[],"fullName":"profile.services buildProfileModeFromCompany preserves person/company semantics","invocations":1,"location":null,"numPassingAsserts":2,"retryReasons":[],"status":"passed","title":"buildProfileModeFromCompany preserves person/company semantics"}],"endTime":1774959629006,"message":"","name":"C:\\dev\\rik-expo-app\\src\\screens\\profile\\profile.services.test.ts","startTime":1774959628822,"status":"passed","summary":""},{"assertionResults":[{"ancestorTitles":["useProfileDerivedState"],"duration":2,"failureDetails":[],"failureMessages":[],"fullName":"useProfileDerivedState derives stable profile completion, company labels and assistant prompt","invocations":1,"location":null,"numPassingAsserts":8,"retryReasons":[],"status":"passed","title":"derives stable profile completion, company labels and assistant prompt"}],"endTime":1774959629106,"message":"","name":"C:\\dev\\rik-expo-app\\src\\screens\\profile\\hooks\\useProfileDerivedState.test.tsx","startTime":1774959629023,"status":"passed","summary":""}],"wasInterrupted":false}
