{"numFailedTestSuites":0,"numFailedTests":0,"numPassedTestSuites":1,"numPassedTests":1,"numPendingTestSuites":0,"numPendingTests":0,"numRuntimeErrorTestSuites":0,"numTodoTests":0,"numTotalTestSuites":1,"numTotalTests":1,"openHandles":[],"snapshot":{"added":0,"didUpdate":false,"failure":false,"filesAdded":0,"filesRemoved":0,"filesRemovedList":[],"filesUnmatched":0,"filesUpdated":0,"matched":0,"total":0,"unchecked":0,"uncheckedKeysByFile":[],"unmatched":0,"updated":0},"startTime":1774971785463,"success":true,"testResults":[{"assertionResults":[{"ancestorTitles":["director realtime channel lifecycle"],"duration":19,"failureDetails":[],"failureMessages":[],"fullName":"director realtime channel lifecycle keeps director screen realtime channel identity stable across blur and reopen, and cleans previous instances","invocations":1,"location":null,"numPassingAsserts":15,"retryReasons":[],"status":"passed","title":"keeps director screen realtime channel identity stable across blur and reopen, and cleans previous instances"}],"endTime":1774971787093,"message":"","name":"C:\\dev\\rik-expo-app\\src\\screens\\director\\director.lifecycle.realtime.test.tsx","startTime":1774971785631,"status":"passed","summary":""}],"wasInterrupted":false}
