{"numFailedTestSuites":0,"numFailedTests":0,"numPassedTestSuites":4,"numPassedTests":7,"numPendingTestSuites":0,"numPendingTests":0,"numRuntimeErrorTestSuites":0,"numTodoTests":0,"numTotalTestSuites":4,"numTotalTests":7,"openHandles":[],"snapshot":{"added":0,"didUpdate":false,"failure":false,"filesAdded":0,"filesRemoved":0,"filesRemovedList":[],"filesUnmatched":0,"filesUpdated":0,"matched":0,"total":0,"unchecked":0,"uncheckedKeysByFile":[],"unmatched":0,"updated":0},"startTime":1775010260234,"success":true,"testResults":[{"assertionResults":[{"ancestorTitles":["ProfilePersonOverview"],"duration":912,"failureDetails":[],"failureMessages":[],"fullName":"ProfilePersonOverview renders company card and forwards action handlers","invocations":1,"location":null,"numPassingAsserts":2,"retryReasons":[],"status":"passed","title":"renders company card and forwards action handlers"},{"ancestorTitles":["ProfilePersonOverview"],"duration":28,"failureDetails":[],"failureMessages":[],"fullName":"ProfilePersonOverview hides optional panels when requisites and invite code are absent","invocations":1,"location":null,"numPassingAsserts":3,"retryReasons":[],"status":"passed","title":"hides optional panels when requisites and invite code are absent"}],"endTime":1775010267741,"message":"","name":"C:\\dev\\rik-expo-app\\src\\screens\\profile\\components\\ProfilePersonOverview.test.tsx","startTime":1775010260459,"status":"passed","summary":""},{"assertionResults":[{"ancestorTitles":["ProfilePrimitives"],"duration":47,"failureDetails":[],"failureMessages":[],"fullName":"ProfilePrimitives renders menu row and row item without crashing","invocations":1,"location":null,"numPassingAsserts":2,"retryReasons":[],"status":"passed","title":"renders menu row and row item without crashing"},{"ancestorTitles":["ProfilePrimitives"],"duration":304,"failureDetails":[],"failureMessages":[],"fullName":"ProfilePrimitives renders labeled input with provided value","invocations":1,"location":null,"numPassingAsserts":1,"retryReasons":[],"status":"passed","title":"renders labeled input with provided value"}],"endTime":1775010268852,"message":"","name":"C:\\dev\\rik-expo-app\\src\\screens\\profile\\components\\ProfilePrimitives.test.tsx","startTime":1775010267836,"status":"passed","summary":""},{"assertionResults":[{"ancestorTitles":["profile.services"],"duration":2,"failureDetails":[],"failureMessages":[],"fullName":"profile.services buildCompanyPayload trims values and falls back to company name","invocations":1,"location":null,"numPassingAsserts":1,"retryReasons":[],"status":"passed","title":"buildCompanyPayload trims values and falls back to company name"},{"ancestorTitles":["profile.services"],"duration":1,"failureDetails":[],"failureMessages":[],"fullName":"profile.services buildProfileModeFromCompany preserves person/company semantics","invocations":1,"location":null,"numPassingAsserts":2,"retryReasons":[],"status":"passed","title":"buildProfileModeFromCompany preserves person/company semantics"}],"endTime":1775010269670,"message":"","name":"C:\\dev\\rik-expo-app\\src\\screens\\profile\\profile.services.test.ts","startTime":1775010268880,"status":"passed","summary":""},{"assertionResults":[{"ancestorTitles":["useProfileDerivedState"],"duration":4,"failureDetails":[],"failureMessages":[],"fullName":"useProfileDerivedState derives stable profile completion, company labels and assistant prompt","invocations":1,"location":null,"numPassingAsserts":8,"retryReasons":[],"status":"passed","title":"derives stable profile completion, company labels and assistant prompt"}],"endTime":1775010269954,"message":"","name":"C:\\dev\\rik-expo-app\\src\\screens\\profile\\hooks\\useProfileDerivedState.test.tsx","startTime":1775010269702,"status":"passed","summary":""}],"wasInterrupted":false}
